#
# A fatal error has been detected by the Java Runtime Environment:
#
#  EXCEPTION_ACCESS_VIOLATION (0xc0000005) at pc=0x00007ffc83d96a87, pid=14244, tid=12044
#
# JRE version: OpenJDK Runtime Environment (17.0.1+12) (build 17.0.1+12-39)
# Java VM: OpenJDK 64-Bit Server VM (17.0.1+12-39, mixed mode, sharing, tiered, compressed oops, compressed class ptrs, g1 gc, windows-amd64)
# Problematic frame:
# C  [glass.dll+0x26a87]
#
# No core dump will be written. Minidumps are not enabled by default on client versions of Windows
#
# If you would like to submit a bug report, please visit:
#   https://bugreport.java.com/bugreport/crash.jsp
#

---------------  S U M M A R Y ------------

Command Line: -javaagent:D:\JAVA\IntelliJ IDEA Community Edition 2021.2\lib\idea_rt.jar=49765:D:\JAVA\IntelliJ IDEA Community Edition 2021.2\bin -Dfile.encoding=UTF-8 --module-path=C:\Users\ASUS\.m2\repository\org\openjfx\javafx-base\17-ea+11\javafx-base-17-ea+11-win.jar;C:\Users\ASUS\.m2\repository\org\openjfx\javafx-graphics\17-ea+11\javafx-graphics-17-ea+11-win.jar;C:\Users\ASUS\.m2\repository\org\openjfx\javafx-fxml\17-ea+11\javafx-fxml-17-ea+11-win.jar;D:\testApp\target\classes;C:\Users\ASUS\.m2\repository\org\openjfx\javafx-controls\17-ea+11\javafx-controls-17-ea+11-win.jar -Djdk.module.main=com.example.testapp com.example.testapp/com.example.testapp.HelloApplication

Host: AMD Ryzen 7 5700U with Radeon Graphics         , 16 cores, 15G,  Windows 10 , 64 bit Build 19041 (10.0.19041.1889)
Time: Mon Oct 10 13:32:36 2022  Windows 10 , 64 bit Build 19041 (10.0.19041.1889) elapsed time: 86.844805 seconds (0d 0h 1m 26s)

---------------  T H R E A D  ---------------

Current thread (0x0000018661e35560):  VMThread "VM Thread" [stack: 0x0000006aee000000,0x0000006aee100000] [id=12044]

Stack: [0x0000006aee000000,0x0000006aee100000],  sp=0x0000006aee0ff420,  free space=1021k
Native frames: (J=compiled Java code, j=interpreted, Vv=VM code, C=native code)
C  [glass.dll+0x26a87]


siginfo: EXCEPTION_ACCESS_VIOLATION (0xc0000005), reading address 0x0000000000000000


Register to memory mapping:

RIP=0x00007ffc83d96a87 glass.dll
RAX=0x0 is NULL
RBX=0x0000018661e4bb20 is a global jni handle
RCX=0x0000018661e35560 points into unknown readable memory: 0x00007ffc6b27c5c0 | c0 c5 27 6b fc 7f 00 00
RDX=0x0000006aee0ff420 points into unknown readable memory: 0x0000000000000000 | 00 00 00 00 00 00 00 00
RSP=0x0000006aee0ff420 points into unknown readable memory: 0x0000000000000000 | 00 00 00 00 00 00 00 00
RBP=0x0000018663e72978 points into unknown readable memory: 0x000025be82e826a4 | a4 26 e8 82 be 25 00 00
RSI=0x0000018663e72950 points into unknown readable memory: 0x3d93c37e82efd96c | 6c d9 ef 82 7e c3 93 3d
RDI=0x000025be82e826a4 is an unknown value
R8 =0x0000000000010002 is an unknown value
R9 =0x000025be82e826a4 is an unknown value
R10=0x0000000000008000 is an unknown value
R11=0x0000006aee0ff3b0 points into unknown readable memory: 0x0000018663e72950 | 50 29 e7 63 86 01 00 00
R12=0x00007ffc83d94354 glass.dll
R13=0x00007ffc6b422940 jvm.dll
R14=0x0000006aee0ff518 points into unknown readable memory: 0x0000006aee0ff500 | 00 f5 0f ee 6a 00 00 00
R15=0x0000018663e72950 points into unknown readable memory: 0x3d93c37e82efd96c | 6c d9 ef 82 7e c3 93 3d


Registers:
RAX=0x0000000000000000, RBX=0x0000018661e4bb20, RCX=0x0000018661e35560, RDX=0x0000006aee0ff420
RSP=0x0000006aee0ff420, RBP=0x0000018663e72978, RSI=0x0000018663e72950, RDI=0x000025be82e826a4
R8 =0x0000000000010002, R9 =0x000025be82e826a4, R10=0x0000000000008000, R11=0x0000006aee0ff3b0
R12=0x00007ffc83d94354, R13=0x00007ffc6b422940, R14=0x0000006aee0ff518, R15=0x0000018663e72950
RIP=0x00007ffc83d96a87, EFLAGS=0x0000000000010206

Top of Stack: (sp=0x0000006aee0ff420)
0x0000006aee0ff420:   0000000000000000 0000018663e72950
0x0000006aee0ff430:   00007ffc6b422940 00007ffc83d94354
0x0000006aee0ff440:   0000018663e72958 00007ffc94ca42d6
0x0000006aee0ff450:   000025be82e826a4 0000018600000000
0x0000006aee0ff460:   0000018663e72978 0000018663e72950
0x0000006aee0ff470:   fffffffffffffffe 0000000000000000
0x0000006aee0ff480:   0000000000000001 00007ffc83d70000
0x0000006aee0ff490:   0000006aee0ff508 00007ffc94ca41fb
0x0000006aee0ff4a0:   0000000000000000 0000006aee0ff518
0x0000006aee0ff4b0:   0000006aee0ff7e0 00007ffc94d80e40
0x0000006aee0ff4c0:   0000000000000001 00007ffc94ca41b4
0x0000006aee0ff4d0:   0000000000000000 0000000000000001
0x0000006aee0ff4e0:   0000000000000000 0000006aee0ff508
0x0000006aee0ff4f0:   0000000000000001 00007ffc83d941e1
0x0000006aee0ff500:   00007ffc83daa138 00007ffc00000002
0x0000006aee0ff510:   0000000000000002 0000006aee0ff500 

Instructions: (pc=0x00007ffc83d96a87)
0x00007ffc83d96987:   8b 4d 58 e8 01 cf ff ff 48 8b 4d 60 e8 f8 ce ff
0x00007ffc83d96997:   ff 48 8b 95 80 00 00 00 48 8b 8d 18 01 00 00 e8
0x00007ffc83d969a7:   c6 c3 ff ff 33 d2 33 c9 e8 3c e1 ff ff 90 48 89
0x00007ffc83d969b7:   54 24 10 55 48 83 ec 20 48 8b ea 48 b8 00 00 00
0x00007ffc83d969c7:   00 00 00 00 00 48 83 c4 20 5d c3 cc 40 55 48 8b
0x00007ffc83d969d7:   ea 48 8b 01 33 c9 81 38 05 00 00 c0 0f 94 c1 8b
0x00007ffc83d969e7:   c1 5d c3 cc 40 55 48 83 ec 20 48 8b ea 8a 4d 40
0x00007ffc83d969f7:   48 83 c4 20 5d e9 f7 d2 ff ff cc 40 55 48 83 ec
0x00007ffc83d96a07:   20 48 8b ea 8a 4d 20 e8 e5 d2 ff ff 90 48 83 c4
0x00007ffc83d96a17:   20 5d c3 cc 40 55 48 83 ec 20 48 8b ea 48 83 c4
0x00007ffc83d96a27:   20 5d e9 46 d1 ff ff cc 40 55 48 83 ec 30 48 8b
0x00007ffc83d96a37:   ea 48 8b 01 8b 10 48 89 4c 24 28 89 54 24 20 4c
0x00007ffc83d96a47:   8d 0d e7 d5 ff ff 4c 8b 45 70 8b 55 68 48 8b 4d
0x00007ffc83d96a57:   60 e8 87 d0 ff ff 90 48 83 c4 30 5d c3 cc cc cc
0x00007ffc83d96a67:   cc cc cc cc cc cc cc cc cc 40 53 48 83 ec 20 48
0x00007ffc83d96a77:   8b 1d b3 30 01 00 48 85 db 74 16 e8 09 8b ff ff
0x00007ffc83d96a87:   4c 8b 00 48 8b d3 48 8b c8 41 ff 90 b0 00 00 00
0x00007ffc83d96a97:   90 48 83 c4 20 5b c3 cc cc 40 53 48 83 ec 20 48
0x00007ffc83d96aa7:   8b 1d 2b 32 01 00 48 85 db 74 57 b8 ff ff ff ff
0x00007ffc83d96ab7:   f0 0f c1 43 10 83 f8 01 75 3d 48 85 db 74 38 48
0x00007ffc83d96ac7:   8b 0b 48 85 c9 74 0d ff 15 d4 07 00 00 48 c7 03
0x00007ffc83d96ad7:   00 00 00 00 48 8b 4b 08 48 85 c9 74 0d e8 a7 cd
0x00007ffc83d96ae7:   ff ff 48 c7 43 08 00 00 00 00 ba 18 00 00 00 48
0x00007ffc83d96af7:   8b cb e8 92 cd ff ff 48 c7 05 cf 31 01 00 00 00
0x00007ffc83d96b07:   00 00 48 83 c4 20 5b c3 cc 40 53 48 83 ec 20 48
0x00007ffc83d96b17:   8b 1d 9b 31 01 00 48 85 db 74 57 b8 ff ff ff ff
0x00007ffc83d96b27:   f0 0f c1 43 10 83 f8 01 75 3d 48 85 db 74 38 48
0x00007ffc83d96b37:   8b 0b 48 85 c9 74 0d ff 15 64 07 00 00 48 c7 03
0x00007ffc83d96b47:   00 00 00 00 48 8b 4b 08 48 85 c9 74 0d e8 37 cd
0x00007ffc83d96b57:   ff ff 48 c7 43 08 00 00 00 00 ba 18 00 00 00 48
0x00007ffc83d96b67:   8b cb e8 22 cd ff ff 48 c7 05 3f 31 01 00 00 00
0x00007ffc83d96b77:   00 00 48 83 c4 20 5b c3 cc 40 53 48 83 ec 20 48 


Stack slot to memory mapping:
stack at sp + 0 slots: 0x0 is NULL
stack at sp + 1 slots: 0x0000018663e72950 points into unknown readable memory: 0x3d93c37e82efd96c | 6c d9 ef 82 7e c3 93 3d
stack at sp + 2 slots: 0x00007ffc6b422940 jvm.dll
stack at sp + 3 slots: 0x00007ffc83d94354 glass.dll
stack at sp + 4 slots: 0x0000018663e72958 points into unknown readable memory: 0x000025be82e826a4 | a4 26 e8 82 be 25 00 00
stack at sp + 5 slots: 0x00007ffc94ca42d6 ucrtbase.dll
stack at sp + 6 slots: 0x000025be82e826a4 is an unknown value
stack at sp + 7 slots: 0x0000018600000000 is an unknown value

VM_Operation (0x0000006aed7ff0d0): Exit, mode: safepoint, requested by thread 0x0000018663daed90


---------------  P R O C E S S  ---------------

Threads class SMR info:
_java_thread_list=0x0000018663e944a0, length=20, elements={
0x000001863cbdc330, 0x0000018661e39050, 0x0000018661e3acd0, 0x0000018661e537a0,
0x0000018661e54150, 0x0000018661e54b00, 0x00000186628115c0, 0x0000018662812060,
0x0000018661e578b0, 0x0000018661e25580, 0x0000018662ce6bd0, 0x0000018663780b60,
0x000001866330c930, 0x0000018662dd91d0, 0x0000018662dda690, 0x0000018663a9d7c0,
0x000001866392db70, 0x0000018663dadf20, 0x0000018663db0a70, 0x0000018663daed90
}

Java Threads: ( => current thread )
  0x000001863cbdc330 JavaThread "main" [_thread_blocked, id=12344, stack(0x0000006aeda00000,0x0000006aedb00000)]
  0x0000018661e39050 JavaThread "Reference Handler" daemon [_thread_blocked, id=1744, stack(0x0000006aee100000,0x0000006aee200000)]
  0x0000018661e3acd0 JavaThread "Finalizer" daemon [_thread_blocked, id=7976, stack(0x0000006aee200000,0x0000006aee300000)]
  0x0000018661e537a0 JavaThread "Attach Listener" daemon [_thread_blocked, id=12352, stack(0x0000006aee400000,0x0000006aee500000)]
  0x0000018661e54150 JavaThread "Service Thread" daemon [_thread_blocked, id=2488, stack(0x0000006aee500000,0x0000006aee600000)]
  0x0000018661e54b00 JavaThread "Monitor Deflation Thread" daemon [_thread_blocked, id=7756, stack(0x0000006aee600000,0x0000006aee700000)]
  0x00000186628115c0 JavaThread "C2 CompilerThread0" daemon [_thread_blocked, id=12808, stack(0x0000006aee700000,0x0000006aee800000)]
  0x0000018662812060 JavaThread "C1 CompilerThread0" daemon [_thread_blocked, id=7972, stack(0x0000006aee800000,0x0000006aee900000)]
  0x0000018661e578b0 JavaThread "Sweeper thread" daemon [_thread_blocked, id=6372, stack(0x0000006aee900000,0x0000006aeea00000)]
  0x0000018661e25580 JavaThread "Common-Cleaner" daemon [_thread_blocked, id=8104, stack(0x0000006aeea00000,0x0000006aeeb00000)]
  0x0000018662ce6bd0 JavaThread "Monitor Ctrl-Break" daemon [_thread_in_native, id=4548, stack(0x0000006aef400000,0x0000006aef500000)]
  0x0000018663780b60 JavaThread "Notification Thread" daemon [_thread_blocked, id=5400, stack(0x0000006aef500000,0x0000006aef600000)]
  0x000001866330c930 JavaThread "QuantumRenderer-0" daemon [_thread_blocked, id=2000, stack(0x0000006aef200000,0x0000006aef300000)]
  0x0000018662dd91d0 JavaThread "InvokeLaterDispatcher" daemon [_thread_blocked, id=1808, stack(0x0000006aef800000,0x0000006aef900000)]
  0x0000018662dda690 JavaThread "JavaFX Application Thread" [_thread_in_native, id=13732, stack(0x0000006aef900000,0x0000006aefa00000)]
  0x0000018663a9d7c0 JavaThread "Thread-1" daemon [_thread_in_native, id=1168, stack(0x0000006aeee00000,0x0000006aeef00000)]
  0x000001866392db70 JavaThread "JavaFX-Launcher" [_thread_blocked, id=3456, stack(0x0000006aef000000,0x0000006aef100000)]
  0x0000018663dadf20 JavaThread "Prism Font Disposer" daemon [_thread_blocked, id=7272, stack(0x0000006af0900000,0x0000006af0a00000)]
  0x0000018663db0a70 JavaThread "Cleaner-0" daemon [_thread_blocked, id=4256, stack(0x0000006af0a00000,0x0000006af0b00000)]
  0x0000018663daed90 JavaThread "SIGINT handler" daemon [_thread_blocked, id=5424, stack(0x0000006aed700000,0x0000006aed800000)]

Other Threads:
=>0x0000018661e35560 VMThread "VM Thread" [stack: 0x0000006aee000000,0x0000006aee100000] [id=12044]
  0x000001863cc29480 GCTaskThread "GC Thread#0" [stack: 0x0000006aedb00000,0x0000006aedc00000] [id=4492]
  0x0000018663b8a740 GCTaskThread "GC Thread#1" [stack: 0x0000006aef100000,0x0000006aef200000] [id=13212]
  0x0000018663b8a9f0 GCTaskThread "GC Thread#2" [stack: 0x0000006af0400000,0x0000006af0500000] [id=6520]
  0x0000018663b8aca0 GCTaskThread "GC Thread#3" [stack: 0x0000006af0500000,0x0000006af0600000] [id=5088]
  0x0000018663c4bff0 GCTaskThread "GC Thread#4" [stack: 0x0000006af0600000,0x0000006af0700000] [id=6268]
  0x0000018663c4c2a0 GCTaskThread "GC Thread#5" [stack: 0x0000006af0700000,0x0000006af0800000] [id=5352]
  0x000001866aed0a10 GCTaskThread "GC Thread#6" [stack: 0x0000006af0b00000,0x0000006af0c00000] [id=13036]
  0x000001866aed0cc0 GCTaskThread "GC Thread#7" [stack: 0x0000006af0c00000,0x0000006af0d00000] [id=6100]
  0x000001866aeadb00 GCTaskThread "GC Thread#8" [stack: 0x0000006af0d00000,0x0000006af0e00000] [id=7664]
  0x000001866aeaddb0 GCTaskThread "GC Thread#9" [stack: 0x0000006af0e00000,0x0000006af0f00000] [id=6020]
  0x000001866b0509e0 GCTaskThread "GC Thread#10" [stack: 0x0000006af0f00000,0x0000006af1000000] [id=5676]
  0x000001866b050c90 GCTaskThread "GC Thread#11" [stack: 0x0000006af1000000,0x0000006af1100000] [id=6220]
  0x000001866b051d00 GCTaskThread "GC Thread#12" [stack: 0x0000006af1100000,0x0000006af1200000] [id=6396]
  0x000001863cc3aa10 ConcurrentGCThread "G1 Main Marker" terminated
  0x000001863cc3b420 ConcurrentGCThread "G1 Conc#0" [stack: 0x0000006aedd00000,0x0000006aede00000] [id=8252]
  0x0000018661cf44f0 ConcurrentGCThread "G1 Refine#0" terminated
  0x0000018661cf4cb0 ConcurrentGCThread "G1 Service" terminated

Threads with active compile tasks:

VM state: at safepoint (shutting down)

VM Mutex/Monitor currently owned by a thread:  ([mutex/lock_event])
[0x000001863cbd8c00] Threads_lock - owner thread: 0x0000018661e35560
[0x000001863cbd7d60] Heap_lock - owner thread: 0x0000018663daed90

Heap address: 0x0000000709c00000, size: 3940 MB, Compressed Oops mode: Zero based, Oop shift amount: 3

CDS archive(s) mapped at: [0x0000000800000000-0x0000000800bc0000-0x0000000800bc0000), size 12320768, SharedBaseAddress: 0x0000000800000000, ArchiveRelocationMode: 0.
Compressed class space mapped at: 0x0000000800c00000-0x0000000840c00000, reserved size: 1073741824
Narrow klass base: 0x0000000800000000, Narrow klass shift: 0, Narrow klass range: 0x100000000

GC Precious Log:
 CPUs: 16 total, 16 available
 Memory: 15752M
 Large Page Support: Disabled
 NUMA Support: Disabled
 Compressed Oops: Enabled (Zero based)
 Heap Region Size: 2M
 Heap Min Capacity: 8M
 Heap Initial Capacity: 248M
 Heap Max Capacity: 3940M
 Pre-touch: Disabled
 Parallel Workers: 13
 Concurrent Workers: 3
 Concurrent Refinement Workers: 13
 Periodic GC: Disabled

Heap:
 garbage-first heap   total 253952K, used 18051K [0x0000000709c00000, 0x0000000800000000)
  region size 2048K, 8 young (16384K), 3 survivors (6144K)
 Metaspace       used 15046K, committed 15232K, reserved 1064960K
  class space    used 2137K, committed 2240K, reserved 1048576K

Heap Regions: E=young(eden), S=young(survivor), O=old, HS=humongous(starts), HC=humongous(continues), CS=collection set, F=free, OA=open archive, CA=closed archive, TAMS=top-at-mark-start (previous, next)
|   0|0x0000000709c00000, 0x0000000709e00000, 0x0000000709e00000|100%|HS|  |TAMS 0x0000000709c00000, 0x0000000709c00000| Complete 
|   1|0x0000000709e00000, 0x0000000709fa0e00, 0x000000070a000000| 81%| O|  |TAMS 0x0000000709e00000, 0x0000000709e00000| Untracked 
|   2|0x000000070a000000, 0x000000070a000000, 0x000000070a200000|  0%| F|  |TAMS 0x000000070a000000, 0x000000070a000000| Untracked 
|   3|0x000000070a200000, 0x000000070a200000, 0x000000070a400000|  0%| F|  |TAMS 0x000000070a200000, 0x000000070a200000| Untracked 
|   4|0x000000070a400000, 0x000000070a400000, 0x000000070a600000|  0%| F|  |TAMS 0x000000070a400000, 0x000000070a400000| Untracked 
|   5|0x000000070a600000, 0x000000070a600000, 0x000000070a800000|  0%| F|  |TAMS 0x000000070a600000, 0x000000070a600000| Untracked 
|   6|0x000000070a800000, 0x000000070a800000, 0x000000070aa00000|  0%| F|  |TAMS 0x000000070a800000, 0x000000070a800000| Untracked 
|   7|0x000000070aa00000, 0x000000070aa00000, 0x000000070ac00000|  0%| F|  |TAMS 0x000000070aa00000, 0x000000070aa00000| Untracked 
|   8|0x000000070ac00000, 0x000000070ac00000, 0x000000070ae00000|  0%| F|  |TAMS 0x000000070ac00000, 0x000000070ac00000| Untracked 
|   9|0x000000070ae00000, 0x000000070ae00000, 0x000000070b000000|  0%| F|  |TAMS 0x000000070ae00000, 0x000000070ae00000| Untracked 
|  10|0x000000070b000000, 0x000000070b000000, 0x000000070b200000|  0%| F|  |TAMS 0x000000070b000000, 0x000000070b000000| Untracked 
|  11|0x000000070b200000, 0x000000070b200000, 0x000000070b400000|  0%| F|  |TAMS 0x000000070b200000, 0x000000070b200000| Untracked 
|  12|0x000000070b400000, 0x000000070b400000, 0x000000070b600000|  0%| F|  |TAMS 0x000000070b400000, 0x000000070b400000| Untracked 
|  13|0x000000070b600000, 0x000000070b600000, 0x000000070b800000|  0%| F|  |TAMS 0x000000070b600000, 0x000000070b600000| Untracked 
|  14|0x000000070b800000, 0x000000070b800000, 0x000000070ba00000|  0%| F|  |TAMS 0x000000070b800000, 0x000000070b800000| Untracked 
|  15|0x000000070ba00000, 0x000000070ba00000, 0x000000070bc00000|  0%| F|  |TAMS 0x000000070ba00000, 0x000000070ba00000| Untracked 
|  16|0x000000070bc00000, 0x000000070bc00000, 0x000000070be00000|  0%| F|  |TAMS 0x000000070bc00000, 0x000000070bc00000| Untracked 
|  17|0x000000070be00000, 0x000000070be00000, 0x000000070c000000|  0%| F|  |TAMS 0x000000070be00000, 0x000000070be00000| Untracked 
|  18|0x000000070c000000, 0x000000070c000000, 0x000000070c200000|  0%| F|  |TAMS 0x000000070c000000, 0x000000070c000000| Untracked 
|  19|0x000000070c200000, 0x000000070c200000, 0x000000070c400000|  0%| F|  |TAMS 0x000000070c200000, 0x000000070c200000| Untracked 
|  20|0x000000070c400000, 0x000000070c400000, 0x000000070c600000|  0%| F|  |TAMS 0x000000070c400000, 0x000000070c400000| Untracked 
|  21|0x000000070c600000, 0x000000070c600000, 0x000000070c800000|  0%| F|  |TAMS 0x000000070c600000, 0x000000070c600000| Untracked 
|  22|0x000000070c800000, 0x000000070c800000, 0x000000070ca00000|  0%| F|  |TAMS 0x000000070c800000, 0x000000070c800000| Untracked 
|  23|0x000000070ca00000, 0x000000070ca00000, 0x000000070cc00000|  0%| F|  |TAMS 0x000000070ca00000, 0x000000070ca00000| Untracked 
|  24|0x000000070cc00000, 0x000000070cc00000, 0x000000070ce00000|  0%| F|  |TAMS 0x000000070cc00000, 0x000000070cc00000| Untracked 
|  25|0x000000070ce00000, 0x000000070ce00000, 0x000000070d000000|  0%| F|  |TAMS 0x000000070ce00000, 0x000000070ce00000| Untracked 
|  26|0x000000070d000000, 0x000000070d000000, 0x000000070d200000|  0%| F|  |TAMS 0x000000070d000000, 0x000000070d000000| Untracked 
|  27|0x000000070d200000, 0x000000070d200000, 0x000000070d400000|  0%| F|  |TAMS 0x000000070d200000, 0x000000070d200000| Untracked 
|  28|0x000000070d400000, 0x000000070d400000, 0x000000070d600000|  0%| F|  |TAMS 0x000000070d400000, 0x000000070d400000| Untracked 
|  29|0x000000070d600000, 0x000000070d600000, 0x000000070d800000|  0%| F|  |TAMS 0x000000070d600000, 0x000000070d600000| Untracked 
|  30|0x000000070d800000, 0x000000070d800000, 0x000000070da00000|  0%| F|  |TAMS 0x000000070d800000, 0x000000070d800000| Untracked 
|  31|0x000000070da00000, 0x000000070da00000, 0x000000070dc00000|  0%| F|  |TAMS 0x000000070da00000, 0x000000070da00000| Untracked 
|  32|0x000000070dc00000, 0x000000070dc00000, 0x000000070de00000|  0%| F|  |TAMS 0x000000070dc00000, 0x000000070dc00000| Untracked 
|  33|0x000000070de00000, 0x000000070de00000, 0x000000070e000000|  0%| F|  |TAMS 0x000000070de00000, 0x000000070de00000| Untracked 
|  34|0x000000070e000000, 0x000000070e000000, 0x000000070e200000|  0%| F|  |TAMS 0x000000070e000000, 0x000000070e000000| Untracked 
|  35|0x000000070e200000, 0x000000070e200000, 0x000000070e400000|  0%| F|  |TAMS 0x000000070e200000, 0x000000070e200000| Untracked 
|  36|0x000000070e400000, 0x000000070e400000, 0x000000070e600000|  0%| F|  |TAMS 0x000000070e400000, 0x000000070e400000| Untracked 
|  37|0x000000070e600000, 0x000000070e600000, 0x000000070e800000|  0%| F|  |TAMS 0x000000070e600000, 0x000000070e600000| Untracked 
|  38|0x000000070e800000, 0x000000070e800000, 0x000000070ea00000|  0%| F|  |TAMS 0x000000070e800000, 0x000000070e800000| Untracked 
|  39|0x000000070ea00000, 0x000000070ea00000, 0x000000070ec00000|  0%| F|  |TAMS 0x000000070ea00000, 0x000000070ea00000| Untracked 
|  40|0x000000070ec00000, 0x000000070ec00000, 0x000000070ee00000|  0%| F|  |TAMS 0x000000070ec00000, 0x000000070ec00000| Untracked 
|  41|0x000000070ee00000, 0x000000070ee00000, 0x000000070f000000|  0%| F|  |TAMS 0x000000070ee00000, 0x000000070ee00000| Untracked 
|  42|0x000000070f000000, 0x000000070f000000, 0x000000070f200000|  0%| F|  |TAMS 0x000000070f000000, 0x000000070f000000| Untracked 
|  43|0x000000070f200000, 0x000000070f200000, 0x000000070f400000|  0%| F|  |TAMS 0x000000070f200000, 0x000000070f200000| Untracked 
|  44|0x000000070f400000, 0x000000070f400000, 0x000000070f600000|  0%| F|  |TAMS 0x000000070f400000, 0x000000070f400000| Untracked 
|  45|0x000000070f600000, 0x000000070f600000, 0x000000070f800000|  0%| F|  |TAMS 0x000000070f600000, 0x000000070f600000| Untracked 
|  46|0x000000070f800000, 0x000000070f800000, 0x000000070fa00000|  0%| F|  |TAMS 0x000000070f800000, 0x000000070f800000| Untracked 
|  47|0x000000070fa00000, 0x000000070fa00000, 0x000000070fc00000|  0%| F|  |TAMS 0x000000070fa00000, 0x000000070fa00000| Untracked 
|  48|0x000000070fc00000, 0x000000070fc00000, 0x000000070fe00000|  0%| F|  |TAMS 0x000000070fc00000, 0x000000070fc00000| Untracked 
|  49|0x000000070fe00000, 0x000000070fe00000, 0x0000000710000000|  0%| F|  |TAMS 0x000000070fe00000, 0x000000070fe00000| Untracked 
|  50|0x0000000710000000, 0x0000000710000000, 0x0000000710200000|  0%| F|  |TAMS 0x0000000710000000, 0x0000000710000000| Untracked 
|  51|0x0000000710200000, 0x0000000710200000, 0x0000000710400000|  0%| F|  |TAMS 0x0000000710200000, 0x0000000710200000| Untracked 
|  52|0x0000000710400000, 0x0000000710400000, 0x0000000710600000|  0%| F|  |TAMS 0x0000000710400000, 0x0000000710400000| Untracked 
|  53|0x0000000710600000, 0x0000000710600000, 0x0000000710800000|  0%| F|  |TAMS 0x0000000710600000, 0x0000000710600000| Untracked 
|  54|0x0000000710800000, 0x0000000710800000, 0x0000000710a00000|  0%| F|  |TAMS 0x0000000710800000, 0x0000000710800000| Untracked 
|  55|0x0000000710a00000, 0x0000000710a00000, 0x0000000710c00000|  0%| F|  |TAMS 0x0000000710a00000, 0x0000000710a00000| Untracked 
|  56|0x0000000710c00000, 0x0000000710c00000, 0x0000000710e00000|  0%| F|  |TAMS 0x0000000710c00000, 0x0000000710c00000| Untracked 
|  57|0x0000000710e00000, 0x0000000710e00000, 0x0000000711000000|  0%| F|  |TAMS 0x0000000710e00000, 0x0000000710e00000| Untracked 
|  58|0x0000000711000000, 0x0000000711000000, 0x0000000711200000|  0%| F|  |TAMS 0x0000000711000000, 0x0000000711000000| Untracked 
|  59|0x0000000711200000, 0x0000000711200000, 0x0000000711400000|  0%| F|  |TAMS 0x0000000711200000, 0x0000000711200000| Untracked 
|  60|0x0000000711400000, 0x0000000711400000, 0x0000000711600000|  0%| F|  |TAMS 0x0000000711400000, 0x0000000711400000| Untracked 
|  61|0x0000000711600000, 0x0000000711600000, 0x0000000711800000|  0%| F|  |TAMS 0x0000000711600000, 0x0000000711600000| Untracked 
|  62|0x0000000711800000, 0x0000000711800000, 0x0000000711a00000|  0%| F|  |TAMS 0x0000000711800000, 0x0000000711800000| Untracked 
|  63|0x0000000711a00000, 0x0000000711a00000, 0x0000000711c00000|  0%| F|  |TAMS 0x0000000711a00000, 0x0000000711a00000| Untracked 
|  64|0x0000000711c00000, 0x0000000711c00000, 0x0000000711e00000|  0%| F|  |TAMS 0x0000000711c00000, 0x0000000711c00000| Untracked 
|  65|0x0000000711e00000, 0x0000000711e00000, 0x0000000712000000|  0%| F|  |TAMS 0x0000000711e00000, 0x0000000711e00000| Untracked 
|  66|0x0000000712000000, 0x0000000712000000, 0x0000000712200000|  0%| F|  |TAMS 0x0000000712000000, 0x0000000712000000| Untracked 
|  67|0x0000000712200000, 0x0000000712200000, 0x0000000712400000|  0%| F|  |TAMS 0x0000000712200000, 0x0000000712200000| Untracked 
|  68|0x0000000712400000, 0x0000000712400000, 0x0000000712600000|  0%| F|  |TAMS 0x0000000712400000, 0x0000000712400000| Untracked 
|  69|0x0000000712600000, 0x0000000712600000, 0x0000000712800000|  0%| F|  |TAMS 0x0000000712600000, 0x0000000712600000| Untracked 
|  70|0x0000000712800000, 0x0000000712800000, 0x0000000712a00000|  0%| F|  |TAMS 0x0000000712800000, 0x0000000712800000| Untracked 
|  71|0x0000000712a00000, 0x0000000712a00000, 0x0000000712c00000|  0%| F|  |TAMS 0x0000000712a00000, 0x0000000712a00000| Untracked 
|  72|0x0000000712c00000, 0x0000000712c00000, 0x0000000712e00000|  0%| F|  |TAMS 0x0000000712c00000, 0x0000000712c00000| Untracked 
|  73|0x0000000712e00000, 0x0000000712e00000, 0x0000000713000000|  0%| F|  |TAMS 0x0000000712e00000, 0x0000000712e00000| Untracked 
|  74|0x0000000713000000, 0x0000000713000000, 0x0000000713200000|  0%| F|  |TAMS 0x0000000713000000, 0x0000000713000000| Untracked 
|  75|0x0000000713200000, 0x0000000713200000, 0x0000000713400000|  0%| F|  |TAMS 0x0000000713200000, 0x0000000713200000| Untracked 
|  76|0x0000000713400000, 0x0000000713400000, 0x0000000713600000|  0%| F|  |TAMS 0x0000000713400000, 0x0000000713400000| Untracked 
|  77|0x0000000713600000, 0x0000000713600000, 0x0000000713800000|  0%| F|  |TAMS 0x0000000713600000, 0x0000000713600000| Untracked 
|  78|0x0000000713800000, 0x0000000713800000, 0x0000000713a00000|  0%| F|  |TAMS 0x0000000713800000, 0x0000000713800000| Untracked 
|  79|0x0000000713a00000, 0x0000000713a00000, 0x0000000713c00000|  0%| F|  |TAMS 0x0000000713a00000, 0x0000000713a00000| Untracked 
|  80|0x0000000713c00000, 0x0000000713c00000, 0x0000000713e00000|  0%| F|  |TAMS 0x0000000713c00000, 0x0000000713c00000| Untracked 
|  81|0x0000000713e00000, 0x0000000713e00000, 0x0000000714000000|  0%| F|  |TAMS 0x0000000713e00000, 0x0000000713e00000| Untracked 
|  82|0x0000000714000000, 0x0000000714000000, 0x0000000714200000|  0%| F|  |TAMS 0x0000000714000000, 0x0000000714000000| Untracked 
|  83|0x0000000714200000, 0x0000000714200000, 0x0000000714400000|  0%| F|  |TAMS 0x0000000714200000, 0x0000000714200000| Untracked 
|  84|0x0000000714400000, 0x0000000714400000, 0x0000000714600000|  0%| F|  |TAMS 0x0000000714400000, 0x0000000714400000| Untracked 
|  85|0x0000000714600000, 0x0000000714600000, 0x0000000714800000|  0%| F|  |TAMS 0x0000000714600000, 0x0000000714600000| Untracked 
|  86|0x0000000714800000, 0x0000000714800000, 0x0000000714a00000|  0%| F|  |TAMS 0x0000000714800000, 0x0000000714800000| Untracked 
|  87|0x0000000714a00000, 0x0000000714a00000, 0x0000000714c00000|  0%| F|  |TAMS 0x0000000714a00000, 0x0000000714a00000| Untracked 
|  88|0x0000000714c00000, 0x0000000714c00000, 0x0000000714e00000|  0%| F|  |TAMS 0x0000000714c00000, 0x0000000714c00000| Untracked 
|  89|0x0000000714e00000, 0x0000000714e00000, 0x0000000715000000|  0%| F|  |TAMS 0x0000000714e00000, 0x0000000714e00000| Untracked 
|  90|0x0000000715000000, 0x0000000715000000, 0x0000000715200000|  0%| F|  |TAMS 0x0000000715000000, 0x0000000715000000| Untracked 
|  91|0x0000000715200000, 0x0000000715200000, 0x0000000715400000|  0%| F|  |TAMS 0x0000000715200000, 0x0000000715200000| Untracked 
|  92|0x0000000715400000, 0x0000000715400000, 0x0000000715600000|  0%| F|  |TAMS 0x0000000715400000, 0x0000000715400000| Untracked 
|  93|0x0000000715600000, 0x0000000715600000, 0x0000000715800000|  0%| F|  |TAMS 0x0000000715600000, 0x0000000715600000| Untracked 
|  94|0x0000000715800000, 0x0000000715800000, 0x0000000715a00000|  0%| F|  |TAMS 0x0000000715800000, 0x0000000715800000| Untracked 
|  95|0x0000000715a00000, 0x0000000715a00000, 0x0000000715c00000|  0%| F|  |TAMS 0x0000000715a00000, 0x0000000715a00000| Untracked 
|  96|0x0000000715c00000, 0x0000000715c00000, 0x0000000715e00000|  0%| F|  |TAMS 0x0000000715c00000, 0x0000000715c00000| Untracked 
|  97|0x0000000715e00000, 0x0000000715e00000, 0x0000000716000000|  0%| F|  |TAMS 0x0000000715e00000, 0x0000000715e00000| Untracked 
|  98|0x0000000716000000, 0x0000000716000000, 0x0000000716200000|  0%| F|  |TAMS 0x0000000716000000, 0x0000000716000000| Untracked 
|  99|0x0000000716200000, 0x0000000716200000, 0x0000000716400000|  0%| F|  |TAMS 0x0000000716200000, 0x0000000716200000| Untracked 
| 100|0x0000000716400000, 0x0000000716400000, 0x0000000716600000|  0%| F|  |TAMS 0x0000000716400000, 0x0000000716400000| Untracked 
| 101|0x0000000716600000, 0x0000000716800000, 0x0000000716800000|100%| S|CS|TAMS 0x0000000716600000, 0x0000000716600000| Complete 
| 102|0x0000000716800000, 0x0000000716a00000, 0x0000000716a00000|100%| S|CS|TAMS 0x0000000716800000, 0x0000000716800000| Complete 
| 103|0x0000000716a00000, 0x0000000716c00000, 0x0000000716c00000|100%| S|CS|TAMS 0x0000000716a00000, 0x0000000716a00000| Complete 
| 104|0x0000000716c00000, 0x0000000716c00000, 0x0000000716e00000|  0%| F|  |TAMS 0x0000000716c00000, 0x0000000716c00000| Untracked 
| 105|0x0000000716e00000, 0x0000000716e00000, 0x0000000717000000|  0%| F|  |TAMS 0x0000000716e00000, 0x0000000716e00000| Untracked 
| 106|0x0000000717000000, 0x0000000717000000, 0x0000000717200000|  0%| F|  |TAMS 0x0000000717000000, 0x0000000717000000| Untracked 
| 107|0x0000000717200000, 0x0000000717200000, 0x0000000717400000|  0%| F|  |TAMS 0x0000000717200000, 0x0000000717200000| Untracked 
| 108|0x0000000717400000, 0x0000000717400000, 0x0000000717600000|  0%| F|  |TAMS 0x0000000717400000, 0x0000000717400000| Untracked 
| 109|0x0000000717600000, 0x0000000717600000, 0x0000000717800000|  0%| F|  |TAMS 0x0000000717600000, 0x0000000717600000| Untracked 
| 110|0x0000000717800000, 0x0000000717800000, 0x0000000717a00000|  0%| F|  |TAMS 0x0000000717800000, 0x0000000717800000| Untracked 
| 111|0x0000000717a00000, 0x0000000717a00000, 0x0000000717c00000|  0%| F|  |TAMS 0x0000000717a00000, 0x0000000717a00000| Untracked 
| 112|0x0000000717c00000, 0x0000000717c00000, 0x0000000717e00000|  0%| F|  |TAMS 0x0000000717c00000, 0x0000000717c00000| Untracked 
| 113|0x0000000717e00000, 0x0000000717e00000, 0x0000000718000000|  0%| F|  |TAMS 0x0000000717e00000, 0x0000000717e00000| Untracked 
| 114|0x0000000718000000, 0x0000000718000000, 0x0000000718200000|  0%| F|  |TAMS 0x0000000718000000, 0x0000000718000000| Untracked 
| 115|0x0000000718200000, 0x0000000718200000, 0x0000000718400000|  0%| F|  |TAMS 0x0000000718200000, 0x0000000718200000| Untracked 
| 116|0x0000000718400000, 0x0000000718400000, 0x0000000718600000|  0%| F|  |TAMS 0x0000000718400000, 0x0000000718400000| Untracked 
| 117|0x0000000718600000, 0x0000000718600000, 0x0000000718800000|  0%| F|  |TAMS 0x0000000718600000, 0x0000000718600000| Untracked 
| 118|0x0000000718800000, 0x0000000718800000, 0x0000000718a00000|  0%| F|  |TAMS 0x0000000718800000, 0x0000000718800000| Untracked 
| 119|0x0000000718a00000, 0x0000000718ab6470, 0x0000000718c00000| 35%| E|  |TAMS 0x0000000718a00000, 0x0000000718a00000| Complete 
| 120|0x0000000718c00000, 0x0000000718e00000, 0x0000000718e00000|100%| E|CS|TAMS 0x0000000718c00000, 0x0000000718c00000| Complete 
| 121|0x0000000718e00000, 0x0000000719000000, 0x0000000719000000|100%| E|CS|TAMS 0x0000000718e00000, 0x0000000718e00000| Complete 
| 122|0x0000000719000000, 0x0000000719200000, 0x0000000719200000|100%| E|CS|TAMS 0x0000000719000000, 0x0000000719000000| Complete 
| 123|0x0000000719200000, 0x0000000719400000, 0x0000000719400000|100%| E|CS|TAMS 0x0000000719200000, 0x0000000719200000| Complete 

Card table byte_map: [0x0000018656330000,0x0000018656af0000] _byte_map_base: 0x0000018652ae2000

Marking Bits (Prev, Next): (CMBitMap*) 0x000001863cc2aaa0, (CMBitMap*) 0x000001863cc2aae0
 Prev Bits: [0x00000186572b0000, 0x000001865b040000)
 Next Bits: [0x000001865b040000, 0x000001865edd0000)

Polling page: 0x000001863ca40000

Metaspace:

Usage:
  Non-class:     12.61 MB used.
      Class:      2.09 MB used.
       Both:     14.69 MB used.

Virtual space:
  Non-class space:       16.00 MB reserved,      12.69 MB ( 79%) committed,  2 nodes.
      Class space:        1.00 GB reserved,       2.19 MB ( <1%) committed,  1 nodes.
             Both:        1.02 GB reserved,      14.88 MB (  1%) committed. 

Chunk freelists:
   Non-Class:  3.27 MB
       Class:  1.79 MB
        Both:  5.05 MB

MaxMetaspaceSize: unlimited
CompressedClassSpaceSize: 1.00 GB
Initial GC threshold: 21.00 MB
Current GC threshold: 21.00 MB
CDS: on
MetaspaceReclaimPolicy: balanced
 - commit_granule_bytes: 65536.
 - commit_granule_words: 8192.
 - virtual_space_node_default_size: 1048576.
 - enlarge_chunks_in_place: 1.
 - new_chunks_are_fully_committed: 0.
 - uncommit_free_chunks: 1.
 - use_allocation_guard: 0.
 - handle_deallocations: 1.


Internal statistics:

num_allocs_failed_limit: 0.
num_arena_births: 202.
num_arena_deaths: 0.
num_vsnodes_births: 3.
num_vsnodes_deaths: 0.
num_space_committed: 238.
num_space_uncommitted: 0.
num_chunks_returned_to_freelist: 0.
num_chunks_taken_from_freelist: 683.
num_chunk_merges: 0.
num_chunk_splits: 461.
num_chunks_enlarged: 346.
num_purges: 0.
num_inconsistent_stats: 0.

CodeHeap 'non-profiled nmethods': size=119168Kb used=977Kb max_used=977Kb free=118190Kb
 bounds [0x000001864d740000, 0x000001864d9b0000, 0x0000018654ba0000]
CodeHeap 'profiled nmethods': size=119104Kb used=4752Kb max_used=4752Kb free=114351Kb
 bounds [0x00000186462f0000, 0x00000186467a0000, 0x000001864d740000]
CodeHeap 'non-nmethods': size=7488Kb used=1411Kb max_used=3177Kb free=6077Kb
 bounds [0x0000018645ba0000, 0x0000018645ec0000, 0x00000186462f0000]
 total_blobs=3280 nmethods=2511 adapters=681
 compilation: enabled
              stopped_count=0, restarted_count=0
 full_count=0

Compilation events (20 events):
Event: 4.610 Thread 0x0000018662812060 nmethod 2502 0x000001864678cc90 code [0x000001864678cee0, 0x000001864678d9c8]
Event: 4.610 Thread 0x000001866298ba60 nmethod 2507 0x000001864678dc90 code [0x000001864678de40, 0x000001864678e0b8]
Event: 4.610 Thread 0x000001866290bd50 nmethod 2505 0x000001864678e210 code [0x000001864678e460, 0x000001864678ecf8]
Event: 4.610 Thread 0x00000186629866b0 nmethod 2506 0x000001864678f010 code [0x000001864678f260, 0x000001864678faf8]
Event: 4.630 Thread 0x0000018662812060 2508       3       com.sun.javafx.geom.RectBounds::deriveWithNewBounds (80 bytes)
Event: 4.630 Thread 0x000001866298ba60 2509       3       com.sun.javafx.geom.RectBounds::<init> (14 bytes)
Event: 4.631 Thread 0x0000018662812060 nmethod 2508 0x000001864678fe10 code [0x000001864678ffe0, 0x0000018646790468]
Event: 4.631 Thread 0x000001866298ba60 nmethod 2509 0x0000018646790590 code [0x0000018646790740, 0x0000018646790978]
Event: 4.677 Thread 0x0000018662812060 2510       3       com.sun.javafx.tk.quantum.QuantumToolkit::postPulse (133 bytes)
Event: 4.679 Thread 0x0000018662812060 nmethod 2510 0x0000018646790a90 code [0x0000018646790e40, 0x00000186467924a8]
Event: 4.885 Thread 0x00000186629866b0 2512   !   3       com.sun.javafx.tk.quantum.QuantumToolkit::lambda$runToolkit$12 (16 bytes)
Event: 4.885 Thread 0x000001866298ba60 2511       3       com.sun.javafx.tk.quantum.QuantumToolkit$$Lambda$83/0x0000000800c38220::run (8 bytes)
Event: 4.885 Thread 0x00000186629866b0 nmethod 2512 0x0000018646792c90 code [0x0000018646792e60, 0x0000018646793188]
Event: 4.886 Thread 0x000001866298ba60 nmethod 2511 0x0000018646793310 code [0x0000018646793500, 0x00000186467938a8]
Event: 10.983 Thread 0x000001866290bd50 2513       3       com.sun.javafx.geom.Vec3d::<init> (5 bytes)
Event: 10.983 Thread 0x000001866290bd50 nmethod 2513 0x0000018646793a90 code [0x0000018646793c20, 0x0000018646793d78]
Event: 10.990 Thread 0x0000018662812060 2514       1       com.sun.javafx.scene.SceneEventDispatcher::getFirstDispatcher (5 bytes)
Event: 10.991 Thread 0x0000018662812060 nmethod 2514 0x000001864d834410 code [0x000001864d8345a0, 0x000001864d834678]
Event: 11.017 Thread 0x000001866290bd50 2515       3       com.sun.javafx.collections.VetoableListDecorator$ModCountAccessorImpl::get (8 bytes)
Event: 11.018 Thread 0x000001866290bd50 nmethod 2515 0x0000018646793e10 code [0x0000018646793fa0, 0x00000186467940b8]

GC Heap History (4 events):
Event: 0.861 GC heap before
{Heap before GC invocations=0 (full 0):
 garbage-first heap   total 253952K, used 22528K [0x0000000709c00000, 0x0000000800000000)
  region size 2048K, 11 young (22528K), 0 survivors (0K)
 Metaspace       used 5192K, committed 5376K, reserved 1056768K
  class space    used 605K, committed 704K, reserved 1048576K
}
Event: 0.866 GC heap after
{Heap after GC invocations=1 (full 0):
 garbage-first heap   total 253952K, used 2918K [0x0000000709c00000, 0x0000000800000000)
  region size 2048K, 2 young (4096K), 2 survivors (4096K)
 Metaspace       used 5192K, committed 5376K, reserved 1056768K
  class space    used 605K, committed 704K, reserved 1048576K
}
Event: 1.784 GC heap before
{Heap before GC invocations=1 (full 0):
 garbage-first heap   total 253952K, used 41830K [0x0000000709c00000, 0x0000000800000000)
  region size 2048K, 20 young (40960K), 2 survivors (4096K)
 Metaspace       used 14255K, committed 14464K, reserved 1064960K
  class space    used 2087K, committed 2176K, reserved 1048576K
}
Event: 1.793 GC heap after
{Heap after GC invocations=2 (full 0):
 garbage-first heap   total 253952K, used 9859K [0x0000000709c00000, 0x0000000800000000)
  region size 2048K, 3 young (6144K), 3 survivors (6144K)
 Metaspace       used 14255K, committed 14464K, reserved 1064960K
  class space    used 2087K, committed 2176K, reserved 1048576K
}

Deoptimization events (20 events):
Event: 3.661 Thread 0x000001866330c930 DEOPT PACKING pc=0x0000018646704a7b sp=0x0000006aef2fdd40
Event: 3.661 Thread 0x000001866330c930 DEOPT UNPACKING pc=0x0000018645bf2b43 sp=0x0000006aef2fd1f0 mode 0
Event: 3.661 Thread 0x000001866330c930 DEOPT PACKING pc=0x0000018646704a7b sp=0x0000006aef2fdd40
Event: 3.661 Thread 0x000001866330c930 DEOPT UNPACKING pc=0x0000018645bf2b43 sp=0x0000006aef2fd1f0 mode 0
Event: 3.661 Thread 0x000001866330c930 DEOPT PACKING pc=0x0000018646704a7b sp=0x0000006aef2fdd40
Event: 3.661 Thread 0x000001866330c930 DEOPT UNPACKING pc=0x0000018645bf2b43 sp=0x0000006aef2fd1f0 mode 0
Event: 3.675 Thread 0x000001866330c930 DEOPT PACKING pc=0x0000018646704a7b sp=0x0000006aef2fdd40
Event: 3.675 Thread 0x000001866330c930 DEOPT UNPACKING pc=0x0000018645bf2b43 sp=0x0000006aef2fd1f0 mode 0
Event: 3.676 Thread 0x000001866330c930 DEOPT PACKING pc=0x0000018646704a7b sp=0x0000006aef2fdd40
Event: 3.676 Thread 0x000001866330c930 DEOPT UNPACKING pc=0x0000018645bf2b43 sp=0x0000006aef2fd1f0 mode 0
Event: 3.676 Thread 0x000001866330c930 DEOPT PACKING pc=0x0000018646704a7b sp=0x0000006aef2fdd40
Event: 3.676 Thread 0x000001866330c930 DEOPT UNPACKING pc=0x0000018645bf2b43 sp=0x0000006aef2fd1f0 mode 0
Event: 3.676 Thread 0x000001866330c930 DEOPT PACKING pc=0x0000018646704a7b sp=0x0000006aef2fdd40
Event: 3.676 Thread 0x000001866330c930 DEOPT UNPACKING pc=0x0000018645bf2b43 sp=0x0000006aef2fd1f0 mode 0
Event: 4.314 Thread 0x000001866330c930 DEOPT PACKING pc=0x00000186466ae14a sp=0x0000006aef2fdd20
Event: 4.314 Thread 0x000001866330c930 DEOPT UNPACKING pc=0x0000018645bf2b43 sp=0x0000006aef2fd158 mode 0
Event: 4.539 Thread 0x0000018662dda690 Uncommon trap: trap_request=0xffffffde fr.pc=0x000001864d794030 relative=0x0000000000000170
Event: 4.539 Thread 0x0000018662dda690 Uncommon trap: reason=class_check action=maybe_recompile pc=0x000001864d794030 method=java.util.stream.ReferencePipeline$2$1.accept(Ljava/lang/Object;)V @ 21 c2
Event: 4.539 Thread 0x0000018662dda690 DEOPT PACKING pc=0x000001864d794030 sp=0x0000006aef9f8720
Event: 4.539 Thread 0x0000018662dda690 DEOPT UNPACKING pc=0x0000018645bf23a3 sp=0x0000006aef9f86c8 mode 2

Classes unloaded (0 events):
No events

Classes redefined (0 events):
No events

Internal exceptions (20 events):
Event: 1.271 Thread 0x0000018662dda690 Exception <a 'java/io/FileNotFoundException'{0x000000071806e080}> (0x000000071806e080) 
thrown [t:\workspace\open\src\hotspot\share\prims\jni.cpp, line 516]
Event: 1.273 Thread 0x0000018662dda690 Exception <a 'java/io/FileNotFoundException'{0x0000000718077b60}> (0x0000000718077b60) 
thrown [t:\workspace\open\src\hotspot\share\prims\jni.cpp, line 516]
Event: 1.273 Thread 0x0000018662dda690 Exception <a 'java/io/FileNotFoundException'{0x0000000718078bc0}> (0x0000000718078bc0) 
thrown [t:\workspace\open\src\hotspot\share\prims\jni.cpp, line 516]
Event: 1.273 Thread 0x0000018662dda690 Exception <a 'java/io/FileNotFoundException'{0x0000000718079c28}> (0x0000000718079c28) 
thrown [t:\workspace\open\src\hotspot\share\prims\jni.cpp, line 516]
Event: 1.273 Thread 0x0000018662dda690 Exception <a 'java/io/FileNotFoundException'{0x000000071807ac88}> (0x000000071807ac88) 
thrown [t:\workspace\open\src\hotspot\share\prims\jni.cpp, line 516]
Event: 1.353 Thread 0x0000018662dda690 Implicit null exception at 0x000001864d7ab32e to 0x000001864d7abb2c
Event: 1.357 Thread 0x0000018662dda690 Implicit null exception at 0x000001864d7aa58d to 0x000001864d7aac34
Event: 1.358 Thread 0x0000018662dda690 Implicit null exception at 0x000001864d75870f to 0x000001864d758789
Event: 1.498 Thread 0x0000018662dda690 Exception <a 'java/lang/ClassNotFoundException'{0x00000007177c81e0}: com/sun/javafx/scene/control/skin/resources/controls> (0x00000007177c81e0) 
thrown [t:\workspace\open\src\hotspot\share\prims\jni.cpp, line 535]
Event: 1.499 Thread 0x0000018662dda690 Exception <a 'java/lang/ClassNotFoundException'{0x00000007177d5ce0}: com/sun/javafx/scene/control/skin/resources/controls_ru> (0x00000007177d5ce0) 
thrown [t:\workspace\open\src\hotspot\share\prims\jni.cpp, line 535]
Event: 1.499 Thread 0x0000018662dda690 Exception <a 'java/lang/ClassNotFoundException'{0x00000007177d6d10}: com/sun/javafx/scene/control/skin/resources/controls_ru_RU> (0x00000007177d6d10) 
thrown [t:\workspace\open\src\hotspot\share\prims\jni.cpp, line 535]
Event: 1.563 Thread 0x0000018662dda690 Exception <a 'java/lang/NoSuchMethodError'{0x0000000717594d60}: 'void java.lang.invoke.DirectMethodHandle$Holder.invokeSpecial(java.lang.Object, java.lang.Object, java.lang.Object, java.lang.Object, java.lang.Object, java.lang.Object)'> (0x0000000717594d60) 
thrown [t:\workspace\open\src\hotspot\share\interpreter\linkResolver.cpp, line 766]
Event: 1.612 Thread 0x0000018662dda690 Exception <a 'java/lang/NoSuchMethodError'{0x00000007170978a0}: 'java.lang.Object java.lang.invoke.DirectMethodHandle$Holder.invokeInterface(java.lang.Object, java.lang.Object, java.lang.Object)'> (0x00000007170978a0) 
thrown [t:\workspace\open\src\hotspot\share\interpreter\linkResolver.cpp, line 766]
Event: 1.612 Thread 0x0000018662dda690 Exception <a 'java/lang/IncompatibleClassChangeError'{0x000000071709b228}: Found class java.lang.Object, but interface was expected> (0x000000071709b228) 
thrown [t:\workspace\open\src\hotspot\share\interpreter\linkResolver.cpp, line 833]
Event: 1.688 Thread 0x0000018662dda690 Exception <a 'java/lang/NoSuchMethodError'{0x0000000716e38708}: 'java.lang.Object java.lang.invoke.DirectMethodHandle$Holder.newInvokeSpecial(java.lang.Object, java.lang.Object, int)'> (0x0000000716e38708) 
thrown [t:\workspace\open\src\hotspot\share\interpreter\linkResolver.cpp, line 766]
Event: 1.720 Thread 0x000001866330c930 Exception <a 'java/lang/NoSuchMethodError'{0x0000000716fa77b8}: 'int java.lang.invoke.DirectMethodHandle$Holder.invokeStaticInit(java.lang.Object, java.lang.Object)'> (0x0000000716fa77b8) 
thrown [t:\workspace\open\src\hotspot\share\interpreter\linkResolver.cpp, line 766]
Event: 1.720 Thread 0x0000018662dda690 Exception <a 'java/lang/NoSuchMethodError'{0x0000000716f4c1a8}: 'long java.lang.invoke.DirectMethodHandle$Holder.invokeStatic(java.lang.Object, java.lang.Object, java.lang.Object)'> (0x0000000716f4c1a8) 
thrown [t:\workspace\open\src\hotspot\share\interpreter\linkResolver.cpp, line 766]
Event: 1.721 Thread 0x0000018662dda690 Exception <a 'java/lang/NoSuchMethodError'{0x0000000716f4f950}: 'long java.lang.invoke.DirectMethodHandle$Holder.invokeStaticInit(java.lang.Object, java.lang.Object, java.lang.Object)'> (0x0000000716f4f950) 
thrown [t:\workspace\open\src\hotspot\share\interpreter\linkResolver.cpp, line 766]
Event: 1.725 Thread 0x0000018662dda690 Exception <a 'java/lang/NoSuchMethodError'{0x0000000716f67558}: 'java.lang.Object java.lang.invoke.DirectMethodHandle$Holder.newInvokeSpecial(java.lang.Object, java.lang.Object, long)'> (0x0000000716f67558) 
thrown [t:\workspace\open\src\hotspot\share\interpreter\linkResolver.cpp, line 766]
Event: 1.725 Thread 0x0000018662dda690 Exception <a 'java/lang/NoSuchMethodError'{0x0000000716f6b0c8}: 'java.lang.Object java.lang.invoke.Invokers$Holder.linkToTargetMethod(java.lang.Object, long, java.lang.Object)'> (0x0000000716f6b0c8) 
thrown [t:\workspace\open\src\hotspot\share\interpreter\linkResolver.cpp, line 766]

VM Operations (20 events):
Event: 0.680 Executing VM operation: HandshakeAllThreads done
Event: 0.860 Executing VM operation: G1CollectForAllocation
Event: 0.866 Executing VM operation: G1CollectForAllocation done
Event: 1.000 Executing VM operation: HandshakeAllThreads
Event: 1.000 Executing VM operation: HandshakeAllThreads done
Event: 1.082 Executing VM operation: HandshakeAllThreads
Event: 1.082 Executing VM operation: HandshakeAllThreads done
Event: 1.456 Executing VM operation: ICBufferFull
Event: 1.457 Executing VM operation: ICBufferFull done
Event: 1.784 Executing VM operation: G1CollectForAllocation
Event: 1.793 Executing VM operation: G1CollectForAllocation done
Event: 2.794 Executing VM operation: Cleanup
Event: 2.794 Executing VM operation: Cleanup done
Event: 4.584 Executing VM operation: ICBufferFull
Event: 4.584 Executing VM operation: ICBufferFull done
Event: 5.584 Executing VM operation: Cleanup
Event: 5.584 Executing VM operation: Cleanup done
Event: 11.586 Executing VM operation: Cleanup
Event: 11.586 Executing VM operation: Cleanup done
Event: 86.509 Executing VM operation: Exit

Events (20 events):
Event: 2.356 loading class java/util/EnumMap$Values done
Event: 2.356 loading class java/util/EnumMap$ValueIterator
Event: 2.356 loading class java/util/EnumMap$EnumMapIterator
Event: 2.356 loading class java/util/EnumMap$EnumMapIterator done
Event: 2.356 loading class java/util/EnumMap$ValueIterator done
Event: 2.997 loading class java/io/UnsupportedEncodingException
Event: 2.997 loading class java/io/UnsupportedEncodingException done
Event: 3.354 Thread 0x000001866b2f8bf0 Thread added: 0x000001866b2f8bf0
Event: 3.933 Thread 0x000001866b2f8bf0 Thread exited: 0x000001866b2f8bf0
Event: 9.885 Thread 0x00000186629866b0 Thread exited: 0x00000186629866b0
Event: 9.885 Thread 0x000001866298ba60 Thread exited: 0x000001866298ba60
Event: 16.018 Thread 0x000001866290bd50 Thread exited: 0x000001866290bd50
Event: 86.506 loading class jdk/internal/misc/Signal$1
Event: 86.506 loading class jdk/internal/misc/Signal$1 done
Event: 86.507 Thread 0x0000018663daed90 Thread added: 0x0000018663daed90
Event: 86.507 Thread 0x0000018663dad580 Thread added: 0x0000018663dad580
Event: 86.507 Thread 0x0000018663dae8c0 Thread added: 0x0000018663dae8c0
Event: 86.508 Thread 0x0000018663dae8c0 Thread exited: 0x0000018663dae8c0
Event: 86.509 Thread 0x0000018663dad580 Thread exited: 0x0000018663dad580
Event: 86.509 Thread 0x0000018661e52df0 Thread exited: 0x0000018661e52df0


Dynamic libraries:
0x00007ff685070000 - 0x00007ff68507e000 	C:\Users\ASUS\.jdks\openjdk-17.0.1\bin\java.exe
0x00007ffc97350000 - 0x00007ffc97548000 	C:\Windows\SYSTEM32\ntdll.dll
0x00007ffc97250000 - 0x00007ffc9730d000 	C:\Windows\System32\KERNEL32.DLL
0x00007ffc95050000 - 0x00007ffc9531e000 	C:\Windows\System32\KERNELBASE.dll
0x00007ffc94c90000 - 0x00007ffc94d90000 	C:\Windows\System32\ucrtbase.dll
0x00007ffc8f650000 - 0x00007ffc8f668000 	C:\Users\ASUS\.jdks\openjdk-17.0.1\bin\jli.dll
0x00007ffc8e980000 - 0x00007ffc8e99a000 	C:\Users\ASUS\.jdks\openjdk-17.0.1\bin\VCRUNTIME140.dll
0x00007ffc968f0000 - 0x00007ffc96a90000 	C:\Windows\System32\USER32.dll
0x00007ffc94b20000 - 0x00007ffc94b42000 	C:\Windows\System32\win32u.dll
0x00007ffc7fa40000 - 0x00007ffc7fcda000 	C:\Windows\WinSxS\amd64_microsoft.windows.common-controls_6595b64144ccf1df_6.0.19041.1110_none_60b5254171f9507e\COMCTL32.dll
0x00007ffc95a60000 - 0x00007ffc95a8a000 	C:\Windows\System32\GDI32.dll
0x00007ffc95800000 - 0x00007ffc9589e000 	C:\Windows\System32\msvcrt.dll
0x00007ffc94b80000 - 0x00007ffc94c8b000 	C:\Windows\System32\gdi32full.dll
0x00007ffc94d90000 - 0x00007ffc94e2d000 	C:\Windows\System32\msvcp_win.dll
0x00007ffc96da0000 - 0x00007ffc96dd0000 	C:\Windows\System32\IMM32.DLL
0x00007ffc902b0000 - 0x00007ffc902bc000 	C:\Users\ASUS\.jdks\openjdk-17.0.1\bin\vcruntime140_1.dll
0x00007ffc858e0000 - 0x00007ffc8596d000 	C:\Users\ASUS\.jdks\openjdk-17.0.1\bin\msvcp140.dll
0x00007ffc6a900000 - 0x00007ffc6b4be000 	C:\Users\ASUS\.jdks\openjdk-17.0.1\bin\server\jvm.dll
0x00007ffc95410000 - 0x00007ffc954be000 	C:\Windows\System32\ADVAPI32.dll
0x00007ffc96850000 - 0x00007ffc968ec000 	C:\Windows\System32\sechost.dll
0x00007ffc958a0000 - 0x00007ffc959c5000 	C:\Windows\System32\RPCRT4.dll
0x00007ffc97240000 - 0x00007ffc97248000 	C:\Windows\System32\PSAPI.DLL
0x00007ffc89d00000 - 0x00007ffc89d0a000 	C:\Windows\SYSTEM32\VERSION.dll
0x00007ffc89d60000 - 0x00007ffc89d69000 	C:\Windows\SYSTEM32\WSOCK32.dll
0x00007ffc8a0f0000 - 0x00007ffc8a117000 	C:\Windows\SYSTEM32\WINMM.dll
0x00007ffc959d0000 - 0x00007ffc95a3b000 	C:\Windows\System32\WS2_32.dll
0x00007ffc932e0000 - 0x00007ffc932f2000 	C:\Windows\SYSTEM32\kernel.appcore.dll
0x00007ffc8f640000 - 0x00007ffc8f64a000 	C:\Users\ASUS\.jdks\openjdk-17.0.1\bin\jimage.dll
0x00007ffc930d0000 - 0x00007ffc932b4000 	C:\Windows\SYSTEM32\DBGHELP.DLL
0x00007ffc7ed10000 - 0x00007ffc7ed3c000 	C:\Windows\SYSTEM32\dbgcore.DLL
0x00007ffc95320000 - 0x00007ffc953a2000 	C:\Windows\System32\bcryptPrimitives.dll
0x00007ffc8e970000 - 0x00007ffc8e97e000 	C:\Users\ASUS\.jdks\openjdk-17.0.1\bin\instrument.dll
0x00007ffc88d20000 - 0x00007ffc88d45000 	C:\Users\ASUS\.jdks\openjdk-17.0.1\bin\java.dll
0x00007ffc83f90000 - 0x00007ffc84066000 	C:\Users\ASUS\.jdks\openjdk-17.0.1\bin\svml.dll
0x00007ffc95d10000 - 0x00007ffc96453000 	C:\Windows\System32\SHELL32.dll
0x00007ffc92870000 - 0x00007ffc93005000 	C:\Windows\SYSTEM32\windows.storage.dll
0x00007ffc964f0000 - 0x00007ffc96844000 	C:\Windows\System32\combase.dll
0x00007ffc944d0000 - 0x00007ffc94500000 	C:\Windows\SYSTEM32\Wldp.dll
0x00007ffc96a90000 - 0x00007ffc96b3d000 	C:\Windows\System32\SHCORE.dll
0x00007ffc96b40000 - 0x00007ffc96b95000 	C:\Windows\System32\shlwapi.dll
0x00007ffc949b0000 - 0x00007ffc949cf000 	C:\Windows\SYSTEM32\profapi.dll
0x00007ffc86030000 - 0x00007ffc86049000 	C:\Users\ASUS\.jdks\openjdk-17.0.1\bin\net.dll
0x00007ffc8f680000 - 0x00007ffc8f78a000 	C:\Windows\SYSTEM32\WINHTTP.dll
0x00007ffc941c0000 - 0x00007ffc9422a000 	C:\Windows\system32\mswsock.dll
0x00007ffc858c0000 - 0x00007ffc858d5000 	C:\Users\ASUS\.jdks\openjdk-17.0.1\bin\nio.dll
0x00007ffc858a0000 - 0x00007ffc858b8000 	C:\Users\ASUS\.jdks\openjdk-17.0.1\bin\zip.dll
0x00007ffc85880000 - 0x00007ffc8589a000 	D:\JAVA\IntelliJ IDEA Community Edition 2021.2\bin\breakgen64.dll
0x0000018661f90000 - 0x0000018661f93000 	C:\Users\ASUS\.openjfx\cache\17-ea\api-ms-win-core-console-l1-1-0.dll
0x0000018661fa0000 - 0x0000018661fa3000 	C:\Users\ASUS\.openjfx\cache\17-ea\api-ms-win-core-console-l1-2-0.dll
0x0000018661fb0000 - 0x0000018661fb3000 	C:\Users\ASUS\.openjfx\cache\17-ea\api-ms-win-core-datetime-l1-1-0.dll
0x0000018661fc0000 - 0x0000018661fc3000 	C:\Users\ASUS\.openjfx\cache\17-ea\api-ms-win-core-debug-l1-1-0.dll
0x0000018661fd0000 - 0x0000018661fd3000 	C:\Users\ASUS\.openjfx\cache\17-ea\api-ms-win-core-errorhandling-l1-1-0.dll
0x0000018661fe0000 - 0x0000018661fe4000 	C:\Users\ASUS\.openjfx\cache\17-ea\api-ms-win-core-file-l1-1-0.dll
0x0000018661ff0000 - 0x0000018661ff3000 	C:\Users\ASUS\.openjfx\cache\17-ea\api-ms-win-core-file-l1-2-0.dll
0x00000186643d0000 - 0x00000186643d3000 	C:\Users\ASUS\.openjfx\cache\17-ea\api-ms-win-core-file-l2-1-0.dll
0x00000186643e0000 - 0x00000186643e3000 	C:\Users\ASUS\.openjfx\cache\17-ea\api-ms-win-core-handle-l1-1-0.dll
0x00000186643f0000 - 0x00000186643f3000 	C:\Users\ASUS\.openjfx\cache\17-ea\api-ms-win-core-heap-l1-1-0.dll
0x0000018664400000 - 0x0000018664403000 	C:\Users\ASUS\.openjfx\cache\17-ea\api-ms-win-core-interlocked-l1-1-0.dll
0x0000018664410000 - 0x0000018664413000 	C:\Users\ASUS\.openjfx\cache\17-ea\api-ms-win-core-libraryloader-l1-1-0.dll
0x0000018664420000 - 0x0000018664423000 	C:\Users\ASUS\.openjfx\cache\17-ea\api-ms-win-core-localization-l1-2-0.dll
0x0000018664430000 - 0x0000018664433000 	C:\Users\ASUS\.openjfx\cache\17-ea\api-ms-win-core-memory-l1-1-0.dll
0x0000018664780000 - 0x0000018664783000 	C:\Users\ASUS\.openjfx\cache\17-ea\api-ms-win-core-namedpipe-l1-1-0.dll
0x0000018664790000 - 0x0000018664793000 	C:\Users\ASUS\.openjfx\cache\17-ea\api-ms-win-core-processenvironment-l1-1-0.dll
0x00000186647a0000 - 0x00000186647a3000 	C:\Users\ASUS\.openjfx\cache\17-ea\api-ms-win-core-processthreads-l1-1-0.dll
0x00000186647b0000 - 0x00000186647b3000 	C:\Users\ASUS\.openjfx\cache\17-ea\api-ms-win-core-processthreads-l1-1-1.dll
0x0000018664440000 - 0x0000018664443000 	C:\Users\ASUS\.openjfx\cache\17-ea\api-ms-win-core-profile-l1-1-0.dll
0x0000018664450000 - 0x0000018664453000 	C:\Users\ASUS\.openjfx\cache\17-ea\api-ms-win-core-rtlsupport-l1-1-0.dll
0x0000018664460000 - 0x0000018664463000 	C:\Users\ASUS\.openjfx\cache\17-ea\api-ms-win-core-string-l1-1-0.dll
0x0000018664470000 - 0x0000018664473000 	C:\Users\ASUS\.openjfx\cache\17-ea\api-ms-win-core-synch-l1-1-0.dll
0x0000018664480000 - 0x0000018664483000 	C:\Users\ASUS\.openjfx\cache\17-ea\api-ms-win-core-synch-l1-2-0.dll
0x0000018664490000 - 0x0000018664493000 	C:\Users\ASUS\.openjfx\cache\17-ea\api-ms-win-core-sysinfo-l1-1-0.dll
0x00000186644a0000 - 0x00000186644a3000 	C:\Users\ASUS\.openjfx\cache\17-ea\api-ms-win-core-timezone-l1-1-0.dll
0x00000186644b0000 - 0x00000186644b3000 	C:\Users\ASUS\.openjfx\cache\17-ea\api-ms-win-core-util-l1-1-0.dll
0x00000186644c0000 - 0x00000186644c3000 	C:\Users\ASUS\.openjfx\cache\17-ea\api-ms-win-crt-conio-l1-1-0.dll
0x00000186644d0000 - 0x00000186644d4000 	C:\Users\ASUS\.openjfx\cache\17-ea\api-ms-win-crt-convert-l1-1-0.dll
0x00000186644e0000 - 0x00000186644e3000 	C:\Users\ASUS\.openjfx\cache\17-ea\api-ms-win-crt-environment-l1-1-0.dll
0x00000186644f0000 - 0x00000186644f3000 	C:\Users\ASUS\.openjfx\cache\17-ea\api-ms-win-crt-filesystem-l1-1-0.dll
0x0000018664500000 - 0x0000018664503000 	C:\Users\ASUS\.openjfx\cache\17-ea\api-ms-win-crt-heap-l1-1-0.dll
0x0000018664510000 - 0x0000018664513000 	C:\Users\ASUS\.openjfx\cache\17-ea\api-ms-win-crt-locale-l1-1-0.dll
0x0000018664640000 - 0x0000018664645000 	C:\Users\ASUS\.openjfx\cache\17-ea\api-ms-win-crt-math-l1-1-0.dll
0x0000018664650000 - 0x0000018664655000 	C:\Users\ASUS\.openjfx\cache\17-ea\api-ms-win-crt-multibyte-l1-1-0.dll
0x0000018664660000 - 0x0000018664670000 	C:\Users\ASUS\.openjfx\cache\17-ea\api-ms-win-crt-private-l1-1-0.dll
0x0000018664670000 - 0x0000018664673000 	C:\Users\ASUS\.openjfx\cache\17-ea\api-ms-win-crt-process-l1-1-0.dll
0x0000018664680000 - 0x0000018664684000 	C:\Users\ASUS\.openjfx\cache\17-ea\api-ms-win-crt-runtime-l1-1-0.dll
0x0000018664690000 - 0x0000018664694000 	C:\Users\ASUS\.openjfx\cache\17-ea\api-ms-win-crt-stdio-l1-1-0.dll
0x00000186646a0000 - 0x00000186646a4000 	C:\Users\ASUS\.openjfx\cache\17-ea\api-ms-win-crt-string-l1-1-0.dll
0x00000186646b0000 - 0x00000186646b3000 	C:\Users\ASUS\.openjfx\cache\17-ea\api-ms-win-crt-time-l1-1-0.dll
0x00000186646c0000 - 0x00000186646c3000 	C:\Users\ASUS\.openjfx\cache\17-ea\api-ms-win-crt-utility-l1-1-0.dll
0x00007ffc83e90000 - 0x00007ffc83f8c000 	C:\Users\ASUS\.openjfx\cache\17-ea\ucrtbase.dll
0x00007ffc85860000 - 0x00007ffc8587a000 	C:\Users\ASUS\.openjfx\cache\17-ea\vcruntime140.dll
0x00007ffc86020000 - 0x00007ffc8602c000 	C:\Users\ASUS\.openjfx\cache\17-ea\vcruntime140_1.dll
0x00007ffc83e00000 - 0x00007ffc83e8d000 	C:\Users\ASUS\.openjfx\cache\17-ea\msvcp140.dll
0x00007ffc85810000 - 0x00007ffc85837000 	C:\Users\ASUS\.openjfx\cache\17-ea\prism_d3d.dll
0x00007ffc61e20000 - 0x00007ffc61fef000 	C:\Windows\system32\d3d9.dll
0x00007ffc92280000 - 0x00007ffc922af000 	C:\Windows\SYSTEM32\dwmapi.dll
0x00007ffc92140000 - 0x00007ffc921de000 	C:\Windows\system32\uxtheme.dll
0x00007ffc88690000 - 0x00007ffc8886b000 	C:\Windows\System32\DriverStore\FileRepository\u0363312.inf_amd64_08fc5018b1b99545\B363211\aticfx64.dll
0x00007ffc83dc0000 - 0x00007ffc83df3000 	C:\Windows\System32\DriverStore\FileRepository\u0363312.inf_amd64_08fc5018b1b99545\B363211\atiu9p64.dll
0x00007ffc2fa50000 - 0x00007ffc3075c000 	C:\Windows\System32\DriverStore\FileRepository\u0363312.inf_amd64_08fc5018b1b99545\B363211\atiumd64.dll
0x00007ffc956c0000 - 0x00007ffc957ea000 	C:\Windows\System32\ole32.dll
0x0000000062610000 - 0x00000000634ce000 	C:\Windows\System32\DriverStore\FileRepository\u0363312.inf_amd64_08fc5018b1b99545\B363211\atiumd6a.dll
0x00007ffc94b50000 - 0x00007ffc94b77000 	C:\Windows\System32\bcrypt.dll
0x00007ffc94480000 - 0x00007ffc944cb000 	C:\Windows\SYSTEM32\POWRPROF.dll
0x00007ffc94460000 - 0x00007ffc94472000 	C:\Windows\SYSTEM32\UMPDC.dll
0x00007ffc88660000 - 0x00007ffc8868f000 	C:\Windows\SYSTEM32\amdihk64.dll
0x00007ffc83d70000 - 0x00007ffc83db2000 	C:\Users\ASUS\.openjfx\cache\17-ea\glass.dll
0x00007ffc96cc0000 - 0x00007ffc96d9a000 	C:\Windows\System32\COMDLG32.dll
0x00007ffc95c40000 - 0x00007ffc95d0d000 	C:\Windows\System32\OLEAUT32.dll
0x00007ffc955a0000 - 0x00007ffc956b5000 	C:\Windows\System32\MSCTF.dll
0x00007ffc89c40000 - 0x00007ffc89c7b000 	C:\Windows\SYSTEM32\dxcore.dll
0x00007ffc95000000 - 0x00007ffc9504e000 	C:\Windows\System32\cfgmgr32.dll
0x00007ffc83d50000 - 0x00007ffc83d64000 	C:\Users\ASUS\.openjfx\cache\17-ea\javafx_font.dll
0x00007ffc76620000 - 0x00007ffc7689f000 	C:\Windows\SYSTEM32\dwrite.dll
0x00007ffc96c10000 - 0x00007ffc96cb9000 	C:\Windows\System32\clbcatq.dll
0x00007ffc8cfb0000 - 0x00007ffc8d164000 	C:\Windows\SYSTEM32\WindowsCodecs.dll
0x00007ffc74060000 - 0x00007ffc7409e000 	C:\Windows\system32\dataexchange.dll
0x00007ffc90810000 - 0x00007ffc90a73000 	C:\Windows\system32\d3d11.dll
0x00007ffc914a0000 - 0x00007ffc91684000 	C:\Windows\system32\dcomp.dll
0x00007ffc93350000 - 0x00007ffc93443000 	C:\Windows\system32\dxgi.dll
0x00007ffc8d410000 - 0x00007ffc8d610000 	C:\Windows\system32\twinapi.appcore.dll
0x00007ffc83d10000 - 0x00007ffc83d44000 	C:\Program Files\Common Files\Microsoft Shared\Ink\rtscom.dll
0x00007ffc79c60000 - 0x00007ffc79d59000 	C:\Windows\SYSTEM32\textinputframework.dll
0x00007ffc91690000 - 0x00007ffc919ee000 	C:\Windows\System32\CoreUIComponents.dll
0x00007ffc91d70000 - 0x00007ffc91e62000 	C:\Windows\System32\CoreMessaging.dll
0x00007ffc93890000 - 0x00007ffc938c3000 	C:\Windows\SYSTEM32\ntmarta.dll
0x00007ffc906b0000 - 0x00007ffc90804000 	C:\Windows\SYSTEM32\wintypes.dll

dbghelp: loaded successfully - version: 4.0.5 - missing functions: none
symbol engine: initialized successfully - sym options: 0x614 - pdb path: .;C:\Users\ASUS\.jdks\openjdk-17.0.1\bin;C:\Windows\SYSTEM32;C:\Windows\WinSxS\amd64_microsoft.windows.common-controls_6595b64144ccf1df_6.0.19041.1110_none_60b5254171f9507e;C:\Users\ASUS\.jdks\openjdk-17.0.1\bin\server;D:\JAVA\IntelliJ IDEA Community Edition 2021.2\bin;C:\Users\ASUS\.openjfx\cache\17-ea;C:\Windows\System32\DriverStore\FileRepository\u0363312.inf_amd64_08fc5018b1b99545\B363211;C:\Program Files\Common Files\Microsoft Shared\Ink

VM Arguments:
jvm_args: -javaagent:D:\JAVA\IntelliJ IDEA Community Edition 2021.2\lib\idea_rt.jar=49765:D:\JAVA\IntelliJ IDEA Community Edition 2021.2\bin -Dfile.encoding=UTF-8 --module-path=C:\Users\ASUS\.m2\repository\org\openjfx\javafx-base\17-ea+11\javafx-base-17-ea+11-win.jar;C:\Users\ASUS\.m2\repository\org\openjfx\javafx-graphics\17-ea+11\javafx-graphics-17-ea+11-win.jar;C:\Users\ASUS\.m2\repository\org\openjfx\javafx-fxml\17-ea+11\javafx-fxml-17-ea+11-win.jar;D:\testApp\target\classes;C:\Users\ASUS\.m2\repository\org\openjfx\javafx-controls\17-ea+11\javafx-controls-17-ea+11-win.jar -Djdk.module.main=com.example.testapp 
java_command: com.example.testapp/com.example.testapp.HelloApplication
java_class_path (initial): C:\Program Files (x86)\MySQL\Connector J 8.0\mysql-connector-java-8.0.29.jar;C:\Users\ASUS\.m2\repository\org\openjfx\javafx-controls\17-ea+11\javafx-controls-17-ea+11.jar;C:\Users\ASUS\.m2\repository\org\openjfx\javafx-graphics\17-ea+11\javafx-graphics-17-ea+11.jar;C:\Users\ASUS\.m2\repository\org\openjfx\javafx-base\17-ea+11\javafx-base-17-ea+11.jar;C:\Users\ASUS\.m2\repository\org\openjfx\javafx-fxml\17-ea+11\javafx-fxml-17-ea+11.jar
Launcher Type: SUN_STANDARD

[Global flags]
     intx CICompilerCount                          = 12                                        {product} {ergonomic}
     uint ConcGCThreads                            = 3                                         {product} {ergonomic}
     uint G1ConcRefinementThreads                  = 13                                        {product} {ergonomic}
   size_t G1HeapRegionSize                         = 2097152                                   {product} {ergonomic}
    uintx GCDrainStackTargetSize                   = 64                                        {product} {ergonomic}
   size_t InitialHeapSize                          = 260046848                                 {product} {ergonomic}
   size_t MarkStackSize                            = 4194304                                   {product} {ergonomic}
   size_t MaxHeapSize                              = 4131389440                                {product} {ergonomic}
   size_t MaxNewSize                               = 2478833664                                {product} {ergonomic}
   size_t MinHeapDeltaBytes                        = 2097152                                   {product} {ergonomic}
   size_t MinHeapSize                              = 8388608                                   {product} {ergonomic}
    uintx NonNMethodCodeHeapSize                   = 7602480                                {pd product} {ergonomic}
    uintx NonProfiledCodeHeapSize                  = 122027880                              {pd product} {ergonomic}
    uintx ProfiledCodeHeapSize                     = 122027880                              {pd product} {ergonomic}
    uintx ReservedCodeCacheSize                    = 251658240                              {pd product} {ergonomic}
     bool SegmentedCodeCache                       = true                                      {product} {ergonomic}
   size_t SoftMaxHeapSize                          = 4131389440                             {manageable} {ergonomic}
     bool UseCompressedClassPointers               = true                           {product lp64_product} {ergonomic}
     bool UseCompressedOops                        = true                           {product lp64_product} {ergonomic}
     bool UseG1GC                                  = true                                      {product} {ergonomic}
     bool UseLargePagesIndividualAllocation        = false                                  {pd product} {ergonomic}

Logging:
Log output configuration:
 #0: stdout all=off uptime,level,tags
 #1: stderr all=off uptime,level,tags

Environment Variables:
JAVA_HOME=D:\JAVA\IntelliJ IDEA Community Edition 2021.2\Java\jdk1.8.0_301\bin\java.exe
PATH=C:\Windows\system32;C:\Windows;C:\Windows\System32\Wbem;C:\Windows\System32\WindowsPowerShell\v1.0\;C:\Windows\System32\OpenSSH\;D:\JAVA\IntelliJ IDEA Community Edition 2021.2\Java\jdk1.8.0_301\bin\java.exe\bin;C:\Program Files\dotnet\;C:\Program Files\Microsoft SQL Server\120\Tools\Binn\;D:\matlab\runtime\win64;D:\MATLAB\bin;D:\MATLAB\bin\win64;D:\GIT\Git\cmd;C:\Program Files\MySQL\MySQL Shell 8.0\bin\;C:\Users\ASUS\AppData\Local\Microsoft\WindowsApps;
USERNAME=ASUS
OS=Windows_NT
PROCESSOR_IDENTIFIER=AMD64 Family 23 Model 104 Stepping 1, AuthenticAMD



---------------  S Y S T E M  ---------------

OS:
 Windows 10 , 64 bit Build 19041 (10.0.19041.1889)
OS uptime: 0 days 0:09 hours

CPU: total 16 (initial active 16) (16 cores per cpu, 2 threads per core) family 23 model 104 stepping 1 microcode 0x0, cx8, cmov, fxsr, ht, mmx, 3dnowpref, sse, sse2, sse3, ssse3, sse4a, sse4.1, sse4.2, popcnt, lzcnt, tsc, tscinvbit, avx, avx2, aes, clmul, bmi1, bmi2, adx, sha, fma, vzeroupper, clflush, clflushopt

Memory: 4k page, system-wide physical 15752M (9310M free)
TotalPageFile size 18184M (AvailPageFile size 10182M)
current process WorkingSet (physical memory assigned to process): 133M, peak: 160M
current process commit charge ("private bytes"): 414M, peak: 448M

vm_info: OpenJDK 64-Bit Server VM (17.0.1+12-39) for windows-amd64 JRE (17.0.1+12-39), built on Sep 27 2021 18:39:29 by "mach5one" with MS VC++ 16.8 (VS2019)

END.
