#
# A fatal error has been detected by the Java Runtime Environment:
#
#  EXCEPTION_ACCESS_VIOLATION (0xc0000005) at pc=0x00007ffc83d76a87, pid=6736, tid=1924
#
# JRE version: OpenJDK Runtime Environment (17.0.1+12) (build 17.0.1+12-39)
# Java VM: OpenJDK 64-Bit Server VM (17.0.1+12-39, mixed mode, sharing, tiered, compressed oops, compressed class ptrs, g1 gc, windows-amd64)
# Problematic frame:
# C  [glass.dll+0x26a87]
#
# No core dump will be written. Minidumps are not enabled by default on client versions of Windows
#
# If you would like to submit a bug report, please visit:
#   https://bugreport.java.com/bugreport/crash.jsp
#

---------------  S U M M A R Y ------------

Command Line: -javaagent:D:\JAVA\IntelliJ IDEA Community Edition 2021.2\lib\idea_rt.jar=49980:D:\JAVA\IntelliJ IDEA Community Edition 2021.2\bin -Dfile.encoding=UTF-8 --module-path=C:\Users\ASUS\.m2\repository\org\openjfx\javafx-base\17-ea+11\javafx-base-17-ea+11-win.jar;C:\Users\ASUS\.m2\repository\org\openjfx\javafx-graphics\17-ea+11\javafx-graphics-17-ea+11-win.jar;C:\Users\ASUS\.m2\repository\org\openjfx\javafx-fxml\17-ea+11\javafx-fxml-17-ea+11-win.jar;D:\testApp\target\classes;C:\Users\ASUS\.m2\repository\org\openjfx\javafx-controls\17-ea+11\javafx-controls-17-ea+11-win.jar -Djdk.module.main=com.example.testapp com.example.testapp/com.example.testapp.HelloApplication

Host: AMD Ryzen 7 5700U with Radeon Graphics         , 16 cores, 15G,  Windows 10 , 64 bit Build 19041 (10.0.19041.1889)
Time: Mon Oct 10 13:51:33 2022  Windows 10 , 64 bit Build 19041 (10.0.19041.1889) elapsed time: 916.032499 seconds (0d 0h 15m 16s)

---------------  T H R E A D  ---------------

Current thread (0x0000023b62fd7120):  VMThread "VM Thread" [stack: 0x000000fdbbd00000,0x000000fdbbe00000] [id=1924]

Stack: [0x000000fdbbd00000,0x000000fdbbe00000],  sp=0x000000fdbbdfedb0,  free space=1019k
Native frames: (J=compiled Java code, j=interpreted, Vv=VM code, C=native code)
C  [glass.dll+0x26a87]


siginfo: EXCEPTION_ACCESS_VIOLATION (0xc0000005), reading address 0x0000000000000000


Register to memory mapping:

RIP=0x00007ffc83d76a87 glass.dll
RAX=0x0 is NULL
RBX=0x0000023b62feb7b0 is a global jni handle
RCX=0x0000023b62fd7120 points into unknown readable memory: 0x00007ffc6b27c5c0 | c0 c5 27 6b fc 7f 00 00
RDX=0x000000fdbbdfedb0 points into unknown readable memory: 0x0000000000000000 | 00 00 00 00 00 00 00 00
RSP=0x000000fdbbdfedb0 points into unknown readable memory: 0x0000000000000000 | 00 00 00 00 00 00 00 00
RBP=0x0000023b64c30078 points into unknown readable memory: 0x0000a8d140aa023a | 3a 02 aa 40 d1 a8 00 00
RSI=0x0000023b64c30050 points into unknown readable memory: 0xb000a92eb2a55ec3 | c3 5e a5 b2 2e a9 00 b0
RDI=0x0000a8d140aa023a is an unknown value
R8 =0x0000000000010002 is an unknown value
R9 =0x0000a8d140aa023a is an unknown value
R10=0x0000000000008000 is an unknown value
R11=0x000000fdbbdfed40 points into unknown readable memory: 0x0000023b64c30050 | 50 00 c3 64 3b 02 00 00
R12=0x00007ffc83d74354 glass.dll
R13=0x00007ffc6b422940 jvm.dll
R14=0x000000fdbbdfeea8 points into unknown readable memory: 0x000000fdbbdfee90 | 90 ee df bb fd 00 00 00
R15=0x0000023b64c30050 points into unknown readable memory: 0xb000a92eb2a55ec3 | c3 5e a5 b2 2e a9 00 b0


Registers:
RAX=0x0000000000000000, RBX=0x0000023b62feb7b0, RCX=0x0000023b62fd7120, RDX=0x000000fdbbdfedb0
RSP=0x000000fdbbdfedb0, RBP=0x0000023b64c30078, RSI=0x0000023b64c30050, RDI=0x0000a8d140aa023a
R8 =0x0000000000010002, R9 =0x0000a8d140aa023a, R10=0x0000000000008000, R11=0x000000fdbbdfed40
R12=0x00007ffc83d74354, R13=0x00007ffc6b422940, R14=0x000000fdbbdfeea8, R15=0x0000023b64c30050
RIP=0x00007ffc83d76a87, EFLAGS=0x0000000000010202

Top of Stack: (sp=0x000000fdbbdfedb0)
0x000000fdbbdfedb0:   0000000000000000 0000023b64c30050
0x000000fdbbdfedc0:   00007ffc6b422940 00007ffc83d74354
0x000000fdbbdfedd0:   0000023b64c30058 00007ffc94ca42d6
0x000000fdbbdfede0:   0000a8d140aa023a 0000023b00000000
0x000000fdbbdfedf0:   0000023b64c30078 0000023b64c30050
0x000000fdbbdfee00:   fffffffffffffffe 0000000000000000
0x000000fdbbdfee10:   0000000000000001 00007ffc83d50000
0x000000fdbbdfee20:   000000fdbbdfee98 00007ffc94ca41fb
0x000000fdbbdfee30:   0000000000000000 000000fdbbdfeea8
0x000000fdbbdfee40:   000000fdbbdff170 00007ffc94d80e40
0x000000fdbbdfee50:   0000000000000001 00007ffc94ca41b4
0x000000fdbbdfee60:   0000000000000000 0000000000000001
0x000000fdbbdfee70:   0000000000000000 000000fdbbdfee98
0x000000fdbbdfee80:   0000000000000001 00007ffc83d741e1
0x000000fdbbdfee90:   00007ffc83d8a138 00007ffc00000002
0x000000fdbbdfeea0:   0000000000000002 000000fdbbdfee90 

Instructions: (pc=0x00007ffc83d76a87)
0x00007ffc83d76987:   8b 4d 58 e8 01 cf ff ff 48 8b 4d 60 e8 f8 ce ff
0x00007ffc83d76997:   ff 48 8b 95 80 00 00 00 48 8b 8d 18 01 00 00 e8
0x00007ffc83d769a7:   c6 c3 ff ff 33 d2 33 c9 e8 3c e1 ff ff 90 48 89
0x00007ffc83d769b7:   54 24 10 55 48 83 ec 20 48 8b ea 48 b8 00 00 00
0x00007ffc83d769c7:   00 00 00 00 00 48 83 c4 20 5d c3 cc 40 55 48 8b
0x00007ffc83d769d7:   ea 48 8b 01 33 c9 81 38 05 00 00 c0 0f 94 c1 8b
0x00007ffc83d769e7:   c1 5d c3 cc 40 55 48 83 ec 20 48 8b ea 8a 4d 40
0x00007ffc83d769f7:   48 83 c4 20 5d e9 f7 d2 ff ff cc 40 55 48 83 ec
0x00007ffc83d76a07:   20 48 8b ea 8a 4d 20 e8 e5 d2 ff ff 90 48 83 c4
0x00007ffc83d76a17:   20 5d c3 cc 40 55 48 83 ec 20 48 8b ea 48 83 c4
0x00007ffc83d76a27:   20 5d e9 46 d1 ff ff cc 40 55 48 83 ec 30 48 8b
0x00007ffc83d76a37:   ea 48 8b 01 8b 10 48 89 4c 24 28 89 54 24 20 4c
0x00007ffc83d76a47:   8d 0d e7 d5 ff ff 4c 8b 45 70 8b 55 68 48 8b 4d
0x00007ffc83d76a57:   60 e8 87 d0 ff ff 90 48 83 c4 30 5d c3 cc cc cc
0x00007ffc83d76a67:   cc cc cc cc cc cc cc cc cc 40 53 48 83 ec 20 48
0x00007ffc83d76a77:   8b 1d b3 30 01 00 48 85 db 74 16 e8 09 8b ff ff
0x00007ffc83d76a87:   4c 8b 00 48 8b d3 48 8b c8 41 ff 90 b0 00 00 00
0x00007ffc83d76a97:   90 48 83 c4 20 5b c3 cc cc 40 53 48 83 ec 20 48
0x00007ffc83d76aa7:   8b 1d 2b 32 01 00 48 85 db 74 57 b8 ff ff ff ff
0x00007ffc83d76ab7:   f0 0f c1 43 10 83 f8 01 75 3d 48 85 db 74 38 48
0x00007ffc83d76ac7:   8b 0b 48 85 c9 74 0d ff 15 d4 07 00 00 48 c7 03
0x00007ffc83d76ad7:   00 00 00 00 48 8b 4b 08 48 85 c9 74 0d e8 a7 cd
0x00007ffc83d76ae7:   ff ff 48 c7 43 08 00 00 00 00 ba 18 00 00 00 48
0x00007ffc83d76af7:   8b cb e8 92 cd ff ff 48 c7 05 cf 31 01 00 00 00
0x00007ffc83d76b07:   00 00 48 83 c4 20 5b c3 cc 40 53 48 83 ec 20 48
0x00007ffc83d76b17:   8b 1d 9b 31 01 00 48 85 db 74 57 b8 ff ff ff ff
0x00007ffc83d76b27:   f0 0f c1 43 10 83 f8 01 75 3d 48 85 db 74 38 48
0x00007ffc83d76b37:   8b 0b 48 85 c9 74 0d ff 15 64 07 00 00 48 c7 03
0x00007ffc83d76b47:   00 00 00 00 48 8b 4b 08 48 85 c9 74 0d e8 37 cd
0x00007ffc83d76b57:   ff ff 48 c7 43 08 00 00 00 00 ba 18 00 00 00 48
0x00007ffc83d76b67:   8b cb e8 22 cd ff ff 48 c7 05 3f 31 01 00 00 00
0x00007ffc83d76b77:   00 00 48 83 c4 20 5b c3 cc 40 53 48 83 ec 20 48 


Stack slot to memory mapping:
stack at sp + 0 slots: 0x0 is NULL
stack at sp + 1 slots: 0x0000023b64c30050 points into unknown readable memory: 0xb000a92eb2a55ec3 | c3 5e a5 b2 2e a9 00 b0
stack at sp + 2 slots: 0x00007ffc6b422940 jvm.dll
stack at sp + 3 slots: 0x00007ffc83d74354 glass.dll
stack at sp + 4 slots: 0x0000023b64c30058 points into unknown readable memory: 0x0000a8d140aa023a | 3a 02 aa 40 d1 a8 00 00
stack at sp + 5 slots: 0x00007ffc94ca42d6 ucrtbase.dll
stack at sp + 6 slots: 0x0000a8d140aa023a is an unknown value
stack at sp + 7 slots: 0x0000023b00000000 is an unknown value

VM_Operation (0x000000fdbb5feef0): Exit, mode: safepoint, requested by thread 0x0000023b65289e90


---------------  P R O C E S S  ---------------

Threads class SMR info:
_java_thread_list=0x0000023b64ff5dd0, length=20, elements={
0x0000023b3fd6bb10, 0x0000023b62fde030, 0x0000023b62fdeca0, 0x0000023b62ff3cd0,
0x0000023b62ff4680, 0x0000023b62ff5430, 0x0000023b62ff9610, 0x0000023b62ffc0c0,
0x0000023b62ffd6b0, 0x0000023b63cdbc50, 0x0000023b64830050, 0x0000023b648ef300,
0x0000023b64c98dc0, 0x0000023b6431bc30, 0x0000023b6509e8d0, 0x0000023b63d0c6d0,
0x0000023b64a7e7a0, 0x0000023b65287810, 0x0000023b65286e70, 0x0000023b65289e90
}

Java Threads: ( => current thread )
  0x0000023b3fd6bb10 JavaThread "main" [_thread_blocked, id=8132, stack(0x000000fdbb600000,0x000000fdbb700000)]
  0x0000023b62fde030 JavaThread "Reference Handler" daemon [_thread_blocked, id=14956, stack(0x000000fdbbe00000,0x000000fdbbf00000)]
  0x0000023b62fdeca0 JavaThread "Finalizer" daemon [_thread_blocked, id=4152, stack(0x000000fdbbf00000,0x000000fdbc000000)]
  0x0000023b62ff3cd0 JavaThread "Attach Listener" daemon [_thread_blocked, id=13304, stack(0x000000fdbc100000,0x000000fdbc200000)]
  0x0000023b62ff4680 JavaThread "Service Thread" daemon [_thread_blocked, id=8540, stack(0x000000fdbc200000,0x000000fdbc300000)]
  0x0000023b62ff5430 JavaThread "Monitor Deflation Thread" daemon [_thread_blocked, id=13300, stack(0x000000fdbc300000,0x000000fdbc400000)]
  0x0000023b62ff9610 JavaThread "C2 CompilerThread0" daemon [_thread_blocked, id=11616, stack(0x000000fdbc400000,0x000000fdbc500000)]
  0x0000023b62ffc0c0 JavaThread "C1 CompilerThread0" daemon [_thread_blocked, id=4180, stack(0x000000fdbc500000,0x000000fdbc600000)]
  0x0000023b62ffd6b0 JavaThread "Sweeper thread" daemon [_thread_blocked, id=11036, stack(0x000000fdbc600000,0x000000fdbc700000)]
  0x0000023b63cdbc50 JavaThread "Common-Cleaner" daemon [_thread_blocked, id=8828, stack(0x000000fdbc800000,0x000000fdbc900000)]
  0x0000023b64830050 JavaThread "Monitor Ctrl-Break" daemon [_thread_in_native, id=4692, stack(0x000000fdbd100000,0x000000fdbd200000)]
  0x0000023b648ef300 JavaThread "Notification Thread" daemon [_thread_blocked, id=13040, stack(0x000000fdbd200000,0x000000fdbd300000)]
  0x0000023b64c98dc0 JavaThread "QuantumRenderer-0" daemon [_thread_blocked, id=9204, stack(0x000000fdbd400000,0x000000fdbd500000)]
  0x0000023b6431bc30 JavaThread "InvokeLaterDispatcher" daemon [_thread_blocked, id=4028, stack(0x000000fdbd700000,0x000000fdbd800000)]
  0x0000023b6509e8d0 JavaThread "JavaFX Application Thread" [_thread_in_native, id=13956, stack(0x000000fdbd800000,0x000000fdbd900000)]
  0x0000023b63d0c6d0 JavaThread "Thread-1" daemon [_thread_in_native, id=11956, stack(0x000000fdbd000000,0x000000fdbd100000)]
  0x0000023b64a7e7a0 JavaThread "JavaFX-Launcher" [_thread_blocked, id=12436, stack(0x000000fdbcc00000,0x000000fdbcd00000)]
  0x0000023b65287810 JavaThread "Prism Font Disposer" daemon [_thread_blocked, id=3276, stack(0x000000fdbe700000,0x000000fdbe800000)]
  0x0000023b65286e70 JavaThread "Cleaner-0" daemon [_thread_blocked, id=8656, stack(0x000000fdbe800000,0x000000fdbe900000)]
  0x0000023b65289e90 JavaThread "SIGINT handler" daemon [_thread_blocked, id=11216, stack(0x000000fdbb500000,0x000000fdbb600000)]

Other Threads:
=>0x0000023b62fd7120 VMThread "VM Thread" [stack: 0x000000fdbbd00000,0x000000fdbbe00000] [id=1924]
  0x0000023b3fdba530 GCTaskThread "GC Thread#0" [stack: 0x000000fdbb800000,0x000000fdbb900000] [id=5940]
  0x0000023b64ce3090 GCTaskThread "GC Thread#1" [stack: 0x000000fdbcd00000,0x000000fdbce00000] [id=10412]
  0x0000023b64ce25d0 GCTaskThread "GC Thread#2" [stack: 0x000000fdbce00000,0x000000fdbcf00000] [id=10080]
  0x0000023b64ce15b0 GCTaskThread "GC Thread#3" [stack: 0x000000fdbcf00000,0x000000fdbd000000] [id=11116]
  0x0000023b64ce1860 GCTaskThread "GC Thread#4" [stack: 0x000000fdbe300000,0x000000fdbe400000] [id=14452]
  0x0000023b64ce1b10 GCTaskThread "GC Thread#5" [stack: 0x000000fdbe400000,0x000000fdbe500000] [id=14472]
  0x0000023b64ce2de0 GCTaskThread "GC Thread#6" [stack: 0x000000fdbe900000,0x000000fdbea00000] [id=3372]
  0x0000023b64ce2880 GCTaskThread "GC Thread#7" [stack: 0x000000fdbea00000,0x000000fdbeb00000] [id=1928]
  0x0000023b64ce2b30 GCTaskThread "GC Thread#8" [stack: 0x000000fdbeb00000,0x000000fdbec00000] [id=2676]
  0x0000023b6501f4d0 GCTaskThread "GC Thread#9" [stack: 0x000000fdbec00000,0x000000fdbed00000] [id=4036]
  0x0000023b6501ef70 GCTaskThread "GC Thread#10" [stack: 0x000000fdbed00000,0x000000fdbee00000] [id=1580]
  0x0000023b6501d490 GCTaskThread "GC Thread#11" [stack: 0x000000fdbee00000,0x000000fdbef00000] [id=9528]
  0x0000023b6501fce0 GCTaskThread "GC Thread#12" [stack: 0x000000fdbef00000,0x000000fdbf000000] [id=12464]
  0x0000023b3fdcbac0 ConcurrentGCThread "G1 Main Marker" terminated
  0x0000023b3fdccc70 ConcurrentGCThread "G1 Conc#0" [stack: 0x000000fdbba00000,0x000000fdbbb00000] [id=1440]
  0x0000023b3fe4ebb0 ConcurrentGCThread "G1 Refine#0" terminated
  0x0000023b62e8e680 ConcurrentGCThread "G1 Service" terminated

Threads with active compile tasks:

VM state: at safepoint (shutting down)

VM Mutex/Monitor currently owned by a thread:  ([mutex/lock_event])
[0x0000023b3fd68250] Threads_lock - owner thread: 0x0000023b62fd7120
[0x0000023b3fd68490] Heap_lock - owner thread: 0x0000023b65289e90

Heap address: 0x0000000709c00000, size: 3940 MB, Compressed Oops mode: Zero based, Oop shift amount: 3

CDS archive(s) mapped at: [0x0000000800000000-0x0000000800bc0000-0x0000000800bc0000), size 12320768, SharedBaseAddress: 0x0000000800000000, ArchiveRelocationMode: 0.
Compressed class space mapped at: 0x0000000800c00000-0x0000000840c00000, reserved size: 1073741824
Narrow klass base: 0x0000000800000000, Narrow klass shift: 0, Narrow klass range: 0x100000000

GC Precious Log:
 CPUs: 16 total, 16 available
 Memory: 15752M
 Large Page Support: Disabled
 NUMA Support: Disabled
 Compressed Oops: Enabled (Zero based)
 Heap Region Size: 2M
 Heap Min Capacity: 8M
 Heap Initial Capacity: 248M
 Heap Max Capacity: 3940M
 Pre-touch: Disabled
 Parallel Workers: 13
 Concurrent Workers: 3
 Concurrent Refinement Workers: 13
 Periodic GC: Disabled

Heap:
 garbage-first heap   total 253952K, used 21386K [0x0000000709c00000, 0x0000000800000000)
  region size 2048K, 10 young (20480K), 3 survivors (6144K)
 Metaspace       used 15430K, committed 15616K, reserved 1064960K
  class space    used 2165K, committed 2240K, reserved 1048576K

Heap Regions: E=young(eden), S=young(survivor), O=old, HS=humongous(starts), HC=humongous(continues), CS=collection set, F=free, OA=open archive, CA=closed archive, TAMS=top-at-mark-start (previous, next)
|   0|0x0000000709c00000, 0x0000000709ce2a00, 0x0000000709e00000| 44%| O|  |TAMS 0x0000000709c00000, 0x0000000709c00000| Untracked 
|   1|0x0000000709e00000, 0x000000070a000000, 0x000000070a000000|100%|HS|  |TAMS 0x0000000709e00000, 0x0000000709e00000| Complete 
|   2|0x000000070a000000, 0x000000070a000000, 0x000000070a200000|  0%| F|  |TAMS 0x000000070a000000, 0x000000070a000000| Untracked 
|   3|0x000000070a200000, 0x000000070a200000, 0x000000070a400000|  0%| F|  |TAMS 0x000000070a200000, 0x000000070a200000| Untracked 
|   4|0x000000070a400000, 0x000000070a400000, 0x000000070a600000|  0%| F|  |TAMS 0x000000070a400000, 0x000000070a400000| Untracked 
|   5|0x000000070a600000, 0x000000070a600000, 0x000000070a800000|  0%| F|  |TAMS 0x000000070a600000, 0x000000070a600000| Untracked 
|   6|0x000000070a800000, 0x000000070a800000, 0x000000070aa00000|  0%| F|  |TAMS 0x000000070a800000, 0x000000070a800000| Untracked 
|   7|0x000000070aa00000, 0x000000070aa00000, 0x000000070ac00000|  0%| F|  |TAMS 0x000000070aa00000, 0x000000070aa00000| Untracked 
|   8|0x000000070ac00000, 0x000000070ac00000, 0x000000070ae00000|  0%| F|  |TAMS 0x000000070ac00000, 0x000000070ac00000| Untracked 
|   9|0x000000070ae00000, 0x000000070ae00000, 0x000000070b000000|  0%| F|  |TAMS 0x000000070ae00000, 0x000000070ae00000| Untracked 
|  10|0x000000070b000000, 0x000000070b000000, 0x000000070b200000|  0%| F|  |TAMS 0x000000070b000000, 0x000000070b000000| Untracked 
|  11|0x000000070b200000, 0x000000070b200000, 0x000000070b400000|  0%| F|  |TAMS 0x000000070b200000, 0x000000070b200000| Untracked 
|  12|0x000000070b400000, 0x000000070b400000, 0x000000070b600000|  0%| F|  |TAMS 0x000000070b400000, 0x000000070b400000| Untracked 
|  13|0x000000070b600000, 0x000000070b600000, 0x000000070b800000|  0%| F|  |TAMS 0x000000070b600000, 0x000000070b600000| Untracked 
|  14|0x000000070b800000, 0x000000070b800000, 0x000000070ba00000|  0%| F|  |TAMS 0x000000070b800000, 0x000000070b800000| Untracked 
|  15|0x000000070ba00000, 0x000000070ba00000, 0x000000070bc00000|  0%| F|  |TAMS 0x000000070ba00000, 0x000000070ba00000| Untracked 
|  16|0x000000070bc00000, 0x000000070bc00000, 0x000000070be00000|  0%| F|  |TAMS 0x000000070bc00000, 0x000000070bc00000| Untracked 
|  17|0x000000070be00000, 0x000000070be00000, 0x000000070c000000|  0%| F|  |TAMS 0x000000070be00000, 0x000000070be00000| Untracked 
|  18|0x000000070c000000, 0x000000070c000000, 0x000000070c200000|  0%| F|  |TAMS 0x000000070c000000, 0x000000070c000000| Untracked 
|  19|0x000000070c200000, 0x000000070c200000, 0x000000070c400000|  0%| F|  |TAMS 0x000000070c200000, 0x000000070c200000| Untracked 
|  20|0x000000070c400000, 0x000000070c400000, 0x000000070c600000|  0%| F|  |TAMS 0x000000070c400000, 0x000000070c400000| Untracked 
|  21|0x000000070c600000, 0x000000070c600000, 0x000000070c800000|  0%| F|  |TAMS 0x000000070c600000, 0x000000070c600000| Untracked 
|  22|0x000000070c800000, 0x000000070c800000, 0x000000070ca00000|  0%| F|  |TAMS 0x000000070c800000, 0x000000070c800000| Untracked 
|  23|0x000000070ca00000, 0x000000070ca00000, 0x000000070cc00000|  0%| F|  |TAMS 0x000000070ca00000, 0x000000070ca00000| Untracked 
|  24|0x000000070cc00000, 0x000000070cc00000, 0x000000070ce00000|  0%| F|  |TAMS 0x000000070cc00000, 0x000000070cc00000| Untracked 
|  25|0x000000070ce00000, 0x000000070ce00000, 0x000000070d000000|  0%| F|  |TAMS 0x000000070ce00000, 0x000000070ce00000| Untracked 
|  26|0x000000070d000000, 0x000000070d000000, 0x000000070d200000|  0%| F|  |TAMS 0x000000070d000000, 0x000000070d000000| Untracked 
|  27|0x000000070d200000, 0x000000070d200000, 0x000000070d400000|  0%| F|  |TAMS 0x000000070d200000, 0x000000070d200000| Untracked 
|  28|0x000000070d400000, 0x000000070d400000, 0x000000070d600000|  0%| F|  |TAMS 0x000000070d400000, 0x000000070d400000| Untracked 
|  29|0x000000070d600000, 0x000000070d600000, 0x000000070d800000|  0%| F|  |TAMS 0x000000070d600000, 0x000000070d600000| Untracked 
|  30|0x000000070d800000, 0x000000070d800000, 0x000000070da00000|  0%| F|  |TAMS 0x000000070d800000, 0x000000070d800000| Untracked 
|  31|0x000000070da00000, 0x000000070da00000, 0x000000070dc00000|  0%| F|  |TAMS 0x000000070da00000, 0x000000070da00000| Untracked 
|  32|0x000000070dc00000, 0x000000070dc00000, 0x000000070de00000|  0%| F|  |TAMS 0x000000070dc00000, 0x000000070dc00000| Untracked 
|  33|0x000000070de00000, 0x000000070de00000, 0x000000070e000000|  0%| F|  |TAMS 0x000000070de00000, 0x000000070de00000| Untracked 
|  34|0x000000070e000000, 0x000000070e000000, 0x000000070e200000|  0%| F|  |TAMS 0x000000070e000000, 0x000000070e000000| Untracked 
|  35|0x000000070e200000, 0x000000070e200000, 0x000000070e400000|  0%| F|  |TAMS 0x000000070e200000, 0x000000070e200000| Untracked 
|  36|0x000000070e400000, 0x000000070e400000, 0x000000070e600000|  0%| F|  |TAMS 0x000000070e400000, 0x000000070e400000| Untracked 
|  37|0x000000070e600000, 0x000000070e600000, 0x000000070e800000|  0%| F|  |TAMS 0x000000070e600000, 0x000000070e600000| Untracked 
|  38|0x000000070e800000, 0x000000070e800000, 0x000000070ea00000|  0%| F|  |TAMS 0x000000070e800000, 0x000000070e800000| Untracked 
|  39|0x000000070ea00000, 0x000000070ea00000, 0x000000070ec00000|  0%| F|  |TAMS 0x000000070ea00000, 0x000000070ea00000| Untracked 
|  40|0x000000070ec00000, 0x000000070ec00000, 0x000000070ee00000|  0%| F|  |TAMS 0x000000070ec00000, 0x000000070ec00000| Untracked 
|  41|0x000000070ee00000, 0x000000070ee00000, 0x000000070f000000|  0%| F|  |TAMS 0x000000070ee00000, 0x000000070ee00000| Untracked 
|  42|0x000000070f000000, 0x000000070f000000, 0x000000070f200000|  0%| F|  |TAMS 0x000000070f000000, 0x000000070f000000| Untracked 
|  43|0x000000070f200000, 0x000000070f200000, 0x000000070f400000|  0%| F|  |TAMS 0x000000070f200000, 0x000000070f200000| Untracked 
|  44|0x000000070f400000, 0x000000070f400000, 0x000000070f600000|  0%| F|  |TAMS 0x000000070f400000, 0x000000070f400000| Untracked 
|  45|0x000000070f600000, 0x000000070f600000, 0x000000070f800000|  0%| F|  |TAMS 0x000000070f600000, 0x000000070f600000| Untracked 
|  46|0x000000070f800000, 0x000000070f800000, 0x000000070fa00000|  0%| F|  |TAMS 0x000000070f800000, 0x000000070f800000| Untracked 
|  47|0x000000070fa00000, 0x000000070fa00000, 0x000000070fc00000|  0%| F|  |TAMS 0x000000070fa00000, 0x000000070fa00000| Untracked 
|  48|0x000000070fc00000, 0x000000070fc00000, 0x000000070fe00000|  0%| F|  |TAMS 0x000000070fc00000, 0x000000070fc00000| Untracked 
|  49|0x000000070fe00000, 0x000000070fe00000, 0x0000000710000000|  0%| F|  |TAMS 0x000000070fe00000, 0x000000070fe00000| Untracked 
|  50|0x0000000710000000, 0x0000000710000000, 0x0000000710200000|  0%| F|  |TAMS 0x0000000710000000, 0x0000000710000000| Untracked 
|  51|0x0000000710200000, 0x0000000710200000, 0x0000000710400000|  0%| F|  |TAMS 0x0000000710200000, 0x0000000710200000| Untracked 
|  52|0x0000000710400000, 0x0000000710400000, 0x0000000710600000|  0%| F|  |TAMS 0x0000000710400000, 0x0000000710400000| Untracked 
|  53|0x0000000710600000, 0x0000000710600000, 0x0000000710800000|  0%| F|  |TAMS 0x0000000710600000, 0x0000000710600000| Untracked 
|  54|0x0000000710800000, 0x0000000710800000, 0x0000000710a00000|  0%| F|  |TAMS 0x0000000710800000, 0x0000000710800000| Untracked 
|  55|0x0000000710a00000, 0x0000000710a00000, 0x0000000710c00000|  0%| F|  |TAMS 0x0000000710a00000, 0x0000000710a00000| Untracked 
|  56|0x0000000710c00000, 0x0000000710c00000, 0x0000000710e00000|  0%| F|  |TAMS 0x0000000710c00000, 0x0000000710c00000| Untracked 
|  57|0x0000000710e00000, 0x0000000710e00000, 0x0000000711000000|  0%| F|  |TAMS 0x0000000710e00000, 0x0000000710e00000| Untracked 
|  58|0x0000000711000000, 0x0000000711000000, 0x0000000711200000|  0%| F|  |TAMS 0x0000000711000000, 0x0000000711000000| Untracked 
|  59|0x0000000711200000, 0x0000000711200000, 0x0000000711400000|  0%| F|  |TAMS 0x0000000711200000, 0x0000000711200000| Untracked 
|  60|0x0000000711400000, 0x0000000711400000, 0x0000000711600000|  0%| F|  |TAMS 0x0000000711400000, 0x0000000711400000| Untracked 
|  61|0x0000000711600000, 0x0000000711600000, 0x0000000711800000|  0%| F|  |TAMS 0x0000000711600000, 0x0000000711600000| Untracked 
|  62|0x0000000711800000, 0x0000000711800000, 0x0000000711a00000|  0%| F|  |TAMS 0x0000000711800000, 0x0000000711800000| Untracked 
|  63|0x0000000711a00000, 0x0000000711a00000, 0x0000000711c00000|  0%| F|  |TAMS 0x0000000711a00000, 0x0000000711a00000| Untracked 
|  64|0x0000000711c00000, 0x0000000711c00000, 0x0000000711e00000|  0%| F|  |TAMS 0x0000000711c00000, 0x0000000711c00000| Untracked 
|  65|0x0000000711e00000, 0x0000000711e00000, 0x0000000712000000|  0%| F|  |TAMS 0x0000000711e00000, 0x0000000711e00000| Untracked 
|  66|0x0000000712000000, 0x0000000712000000, 0x0000000712200000|  0%| F|  |TAMS 0x0000000712000000, 0x0000000712000000| Untracked 
|  67|0x0000000712200000, 0x0000000712200000, 0x0000000712400000|  0%| F|  |TAMS 0x0000000712200000, 0x0000000712200000| Untracked 
|  68|0x0000000712400000, 0x0000000712400000, 0x0000000712600000|  0%| F|  |TAMS 0x0000000712400000, 0x0000000712400000| Untracked 
|  69|0x0000000712600000, 0x0000000712600000, 0x0000000712800000|  0%| F|  |TAMS 0x0000000712600000, 0x0000000712600000| Untracked 
|  70|0x0000000712800000, 0x0000000712800000, 0x0000000712a00000|  0%| F|  |TAMS 0x0000000712800000, 0x0000000712800000| Untracked 
|  71|0x0000000712a00000, 0x0000000712a00000, 0x0000000712c00000|  0%| F|  |TAMS 0x0000000712a00000, 0x0000000712a00000| Untracked 
|  72|0x0000000712c00000, 0x0000000712c00000, 0x0000000712e00000|  0%| F|  |TAMS 0x0000000712c00000, 0x0000000712c00000| Untracked 
|  73|0x0000000712e00000, 0x0000000712e00000, 0x0000000713000000|  0%| F|  |TAMS 0x0000000712e00000, 0x0000000712e00000| Untracked 
|  74|0x0000000713000000, 0x0000000713000000, 0x0000000713200000|  0%| F|  |TAMS 0x0000000713000000, 0x0000000713000000| Untracked 
|  75|0x0000000713200000, 0x0000000713200000, 0x0000000713400000|  0%| F|  |TAMS 0x0000000713200000, 0x0000000713200000| Untracked 
|  76|0x0000000713400000, 0x0000000713400000, 0x0000000713600000|  0%| F|  |TAMS 0x0000000713400000, 0x0000000713400000| Untracked 
|  77|0x0000000713600000, 0x0000000713600000, 0x0000000713800000|  0%| F|  |TAMS 0x0000000713600000, 0x0000000713600000| Untracked 
|  78|0x0000000713800000, 0x0000000713800000, 0x0000000713a00000|  0%| F|  |TAMS 0x0000000713800000, 0x0000000713800000| Untracked 
|  79|0x0000000713a00000, 0x0000000713a00000, 0x0000000713c00000|  0%| F|  |TAMS 0x0000000713a00000, 0x0000000713a00000| Untracked 
|  80|0x0000000713c00000, 0x0000000713c00000, 0x0000000713e00000|  0%| F|  |TAMS 0x0000000713c00000, 0x0000000713c00000| Untracked 
|  81|0x0000000713e00000, 0x0000000713e00000, 0x0000000714000000|  0%| F|  |TAMS 0x0000000713e00000, 0x0000000713e00000| Untracked 
|  82|0x0000000714000000, 0x0000000714000000, 0x0000000714200000|  0%| F|  |TAMS 0x0000000714000000, 0x0000000714000000| Untracked 
|  83|0x0000000714200000, 0x0000000714200000, 0x0000000714400000|  0%| F|  |TAMS 0x0000000714200000, 0x0000000714200000| Untracked 
|  84|0x0000000714400000, 0x0000000714400000, 0x0000000714600000|  0%| F|  |TAMS 0x0000000714400000, 0x0000000714400000| Untracked 
|  85|0x0000000714600000, 0x0000000714600000, 0x0000000714800000|  0%| F|  |TAMS 0x0000000714600000, 0x0000000714600000| Untracked 
|  86|0x0000000714800000, 0x0000000714800000, 0x0000000714a00000|  0%| F|  |TAMS 0x0000000714800000, 0x0000000714800000| Untracked 
|  87|0x0000000714a00000, 0x0000000714a00000, 0x0000000714c00000|  0%| F|  |TAMS 0x0000000714a00000, 0x0000000714a00000| Untracked 
|  88|0x0000000714c00000, 0x0000000714c00000, 0x0000000714e00000|  0%| F|  |TAMS 0x0000000714c00000, 0x0000000714c00000| Untracked 
|  89|0x0000000714e00000, 0x0000000714e00000, 0x0000000715000000|  0%| F|  |TAMS 0x0000000714e00000, 0x0000000714e00000| Untracked 
|  90|0x0000000715000000, 0x0000000715000000, 0x0000000715200000|  0%| F|  |TAMS 0x0000000715000000, 0x0000000715000000| Untracked 
|  91|0x0000000715200000, 0x0000000715200000, 0x0000000715400000|  0%| F|  |TAMS 0x0000000715200000, 0x0000000715200000| Untracked 
|  92|0x0000000715400000, 0x0000000715400000, 0x0000000715600000|  0%| F|  |TAMS 0x0000000715400000, 0x0000000715400000| Untracked 
|  93|0x0000000715600000, 0x0000000715600000, 0x0000000715800000|  0%| F|  |TAMS 0x0000000715600000, 0x0000000715600000| Untracked 
|  94|0x0000000715800000, 0x0000000715800000, 0x0000000715a00000|  0%| F|  |TAMS 0x0000000715800000, 0x0000000715800000| Untracked 
|  95|0x0000000715a00000, 0x0000000715a00000, 0x0000000715c00000|  0%| F|  |TAMS 0x0000000715a00000, 0x0000000715a00000| Untracked 
|  96|0x0000000715c00000, 0x0000000715c00000, 0x0000000715e00000|  0%| F|  |TAMS 0x0000000715c00000, 0x0000000715c00000| Untracked 
|  97|0x0000000715e00000, 0x0000000715e00000, 0x0000000716000000|  0%| F|  |TAMS 0x0000000715e00000, 0x0000000715e00000| Untracked 
|  98|0x0000000716000000, 0x0000000716000000, 0x0000000716200000|  0%| F|  |TAMS 0x0000000716000000, 0x0000000716000000| Untracked 
|  99|0x0000000716200000, 0x0000000716200000, 0x0000000716400000|  0%| F|  |TAMS 0x0000000716200000, 0x0000000716200000| Untracked 
| 100|0x0000000716400000, 0x0000000716400000, 0x0000000716600000|  0%| F|  |TAMS 0x0000000716400000, 0x0000000716400000| Untracked 
| 101|0x0000000716600000, 0x0000000716800000, 0x0000000716800000|100%| S|CS|TAMS 0x0000000716600000, 0x0000000716600000| Complete 
| 102|0x0000000716800000, 0x0000000716a00000, 0x0000000716a00000|100%| S|CS|TAMS 0x0000000716800000, 0x0000000716800000| Complete 
| 103|0x0000000716a00000, 0x0000000716c00000, 0x0000000716c00000|100%| S|CS|TAMS 0x0000000716a00000, 0x0000000716a00000| Complete 
| 104|0x0000000716c00000, 0x0000000716c00000, 0x0000000716e00000|  0%| F|  |TAMS 0x0000000716c00000, 0x0000000716c00000| Untracked 
| 105|0x0000000716e00000, 0x0000000716e00000, 0x0000000717000000|  0%| F|  |TAMS 0x0000000716e00000, 0x0000000716e00000| Untracked 
| 106|0x0000000717000000, 0x0000000717000000, 0x0000000717200000|  0%| F|  |TAMS 0x0000000717000000, 0x0000000717000000| Untracked 
| 107|0x0000000717200000, 0x0000000717200000, 0x0000000717400000|  0%| F|  |TAMS 0x0000000717200000, 0x0000000717200000| Untracked 
| 108|0x0000000717400000, 0x0000000717400000, 0x0000000717600000|  0%| F|  |TAMS 0x0000000717400000, 0x0000000717400000| Untracked 
| 109|0x0000000717600000, 0x0000000717600000, 0x0000000717800000|  0%| F|  |TAMS 0x0000000717600000, 0x0000000717600000| Untracked 
| 110|0x0000000717800000, 0x0000000717800000, 0x0000000717a00000|  0%| F|  |TAMS 0x0000000717800000, 0x0000000717800000| Untracked 
| 111|0x0000000717a00000, 0x0000000717a00000, 0x0000000717c00000|  0%| F|  |TAMS 0x0000000717a00000, 0x0000000717a00000| Untracked 
| 112|0x0000000717c00000, 0x0000000717c00000, 0x0000000717e00000|  0%| F|  |TAMS 0x0000000717c00000, 0x0000000717c00000| Untracked 
| 113|0x0000000717e00000, 0x0000000717e00000, 0x0000000718000000|  0%| F|  |TAMS 0x0000000717e00000, 0x0000000717e00000| Untracked 
| 114|0x0000000718000000, 0x0000000718000000, 0x0000000718200000|  0%| F|  |TAMS 0x0000000718000000, 0x0000000718000000| Untracked 
| 115|0x0000000718200000, 0x0000000718200000, 0x0000000718400000|  0%| F|  |TAMS 0x0000000718200000, 0x0000000718200000| Untracked 
| 116|0x0000000718400000, 0x0000000718400000, 0x0000000718600000|  0%| F|  |TAMS 0x0000000718400000, 0x0000000718400000| Untracked 
| 117|0x0000000718600000, 0x00000007186b6470, 0x0000000718800000| 35%| E|  |TAMS 0x0000000718600000, 0x0000000718600000| Complete 
| 118|0x0000000718800000, 0x0000000718a00000, 0x0000000718a00000|100%| E|CS|TAMS 0x0000000718800000, 0x0000000718800000| Complete 
| 119|0x0000000718a00000, 0x0000000718c00000, 0x0000000718c00000|100%| E|CS|TAMS 0x0000000718a00000, 0x0000000718a00000| Complete 
| 120|0x0000000718c00000, 0x0000000718e00000, 0x0000000718e00000|100%| E|CS|TAMS 0x0000000718c00000, 0x0000000718c00000| Complete 
| 121|0x0000000718e00000, 0x0000000719000000, 0x0000000719000000|100%| E|CS|TAMS 0x0000000718e00000, 0x0000000718e00000| Complete 
| 122|0x0000000719000000, 0x0000000719200000, 0x0000000719200000|100%| E|CS|TAMS 0x0000000719000000, 0x0000000719000000| Complete 
| 123|0x0000000719200000, 0x0000000719400000, 0x0000000719400000|100%| E|CS|TAMS 0x0000000719200000, 0x0000000719200000| Complete 

Card table byte_map: [0x0000023b575b0000,0x0000023b57d70000] _byte_map_base: 0x0000023b53d62000

Marking Bits (Prev, Next): (CMBitMap*) 0x0000023b3fdbbb50, (CMBitMap*) 0x0000023b3fdbbb90
 Prev Bits: [0x0000023b58530000, 0x0000023b5c2c0000)
 Next Bits: [0x0000023b5c2c0000, 0x0000023b60050000)

Polling page: 0x0000023b3dce0000

Metaspace:

Usage:
  Non-class:     12.95 MB used.
      Class:      2.11 MB used.
       Both:     15.07 MB used.

Virtual space:
  Non-class space:       16.00 MB reserved,      13.06 MB ( 82%) committed,  2 nodes.
      Class space:        1.00 GB reserved,       2.19 MB ( <1%) committed,  1 nodes.
             Both:        1.02 GB reserved,      15.25 MB (  1%) committed. 

Chunk freelists:
   Non-Class:  2.02 MB
       Class:  1.76 MB
        Both:  3.79 MB

MaxMetaspaceSize: unlimited
CompressedClassSpaceSize: 1.00 GB
Initial GC threshold: 21.00 MB
Current GC threshold: 21.00 MB
CDS: on
MetaspaceReclaimPolicy: balanced
 - commit_granule_bytes: 65536.
 - commit_granule_words: 8192.
 - virtual_space_node_default_size: 1048576.
 - enlarge_chunks_in_place: 1.
 - new_chunks_are_fully_committed: 0.
 - uncommit_free_chunks: 1.
 - use_allocation_guard: 0.
 - handle_deallocations: 1.


Internal statistics:

num_allocs_failed_limit: 0.
num_arena_births: 204.
num_arena_deaths: 0.
num_vsnodes_births: 3.
num_vsnodes_deaths: 0.
num_space_committed: 244.
num_space_uncommitted: 0.
num_chunks_returned_to_freelist: 0.
num_chunks_taken_from_freelist: 694.
num_chunk_merges: 0.
num_chunk_splits: 471.
num_chunks_enlarged: 350.
num_purges: 0.
num_inconsistent_stats: 0.

CodeHeap 'non-profiled nmethods': size=119168Kb used=1067Kb max_used=1067Kb free=118100Kb
 bounds [0x0000023b4f110000, 0x0000023b4f380000, 0x0000023b56570000]
CodeHeap 'profiled nmethods': size=119104Kb used=5337Kb max_used=5337Kb free=113766Kb
 bounds [0x0000023b47cc0000, 0x0000023b48200000, 0x0000023b4f110000]
CodeHeap 'non-nmethods': size=7488Kb used=1419Kb max_used=3160Kb free=6068Kb
 bounds [0x0000023b47570000, 0x0000023b47890000, 0x0000023b47cc0000]
 total_blobs=3505 nmethods=2730 adapters=686
 compilation: enabled
              stopped_count=0, restarted_count=0
 full_count=0

Compilation events (20 events):
Event: 7.658 Thread 0x0000023b63c79d00 2725       3       com.sun.javafx.collections.VetoableListDecorator$ModCountAccessorImpl::get (8 bytes)
Event: 7.658 Thread 0x0000023b63c79d00 nmethod 2725 0x0000023b481f4310 code [0x0000023b481f44a0, 0x0000023b481f45b8]
Event: 7.665 Thread 0x0000023b62ffc0c0 2726       3       com.sun.javafx.collections.VetoableListDecorator$VetoableIteratorDecorator::checkForComodification (25 bytes)
Event: 7.665 Thread 0x0000023b63c79d00 2727       3       javafx.scene.Node::getViewOrder (19 bytes)
Event: 7.665 Thread 0x0000023b62ffc0c0 nmethod 2726 0x0000023b481f4690 code [0x0000023b481f4840, 0x0000023b481f4b28]
Event: 7.665 Thread 0x0000023b63c79d00 nmethod 2727 0x0000023b481f4c90 code [0x0000023b481f4e60, 0x0000023b481f5308]
Event: 7.679 Thread 0x0000023b63c79d00 2728       1       com.sun.javafx.scene.SceneEventDispatcher::getLastDispatcher (5 bytes)
Event: 7.679 Thread 0x0000023b63c79d00 nmethod 2728 0x0000023b4f219a90 code [0x0000023b4f219c20, 0x0000023b4f219cf8]
Event: 7.686 Thread 0x0000023b62ffc0c0 2729       3       com.sun.glass.ui.View::getWindow (8 bytes)
Event: 7.686 Thread 0x0000023b62ffc0c0 nmethod 2729 0x0000023b481f5490 code [0x0000023b481f5660, 0x0000023b481f59b8]
Event: 7.693 Thread 0x0000023b63c79d00 2730       3       java.util.concurrent.CopyOnWriteArrayList::size (6 bytes)
Event: 7.693 Thread 0x0000023b63c79d00 nmethod 2730 0x0000023b481f5b10 code [0x0000023b481f5ca0, 0x0000023b481f5dd8]
Event: 7.699 Thread 0x0000023b62ffc0c0 2731       3       com.sun.javafx.collections.VetoableListDecorator$VetoableIteratorDecorator::hasNext (14 bytes)
Event: 7.700 Thread 0x0000023b62ffc0c0 nmethod 2731 0x0000023b481f5e90 code [0x0000023b481f6060, 0x0000023b481f6478]
Event: 86.416 Thread 0x0000023b62ff9610 2732       4       com.sun.javafx.tk.quantum.QuantumToolkit::postPulse (133 bytes)
Event: 86.429 Thread 0x0000023b62ff9610 nmethod 2732 0x0000023b4f219d90 code [0x0000023b4f219f40, 0x0000023b4f21a188]
Event: 86.689 Thread 0x0000023b62ff9610 2733       4       com.sun.javafx.tk.quantum.QuantumToolkit$$Lambda$83/0x0000000800c31880::run (8 bytes)
Event: 86.692 Thread 0x0000023b62ff9610 nmethod 2733 0x0000023b4f21a410 code [0x0000023b4f21a5e0, 0x0000023b4f21a890]
Event: 915.685 Thread 0x0000023b62ffc0c0 2734       1       java.util.concurrent.CopyOnWriteArrayList::setArray (6 bytes)
Event: 915.685 Thread 0x0000023b62ffc0c0 nmethod 2734 0x0000023b4f21ab90 code [0x0000023b4f21ad20, 0x0000023b4f21ae38]

GC Heap History (4 events):
Event: 0.735 GC heap before
{Heap before GC invocations=0 (full 0):
 garbage-first heap   total 253952K, used 20480K [0x0000000709c00000, 0x0000000800000000)
  region size 2048K, 11 young (22528K), 0 survivors (0K)
 Metaspace       used 5086K, committed 5248K, reserved 1056768K
  class space    used 595K, committed 704K, reserved 1048576K
}
Event: 0.739 GC heap after
{Heap after GC invocations=1 (full 0):
 garbage-first heap   total 253952K, used 2810K [0x0000000709c00000, 0x0000000800000000)
  region size 2048K, 2 young (4096K), 2 survivors (4096K)
 Metaspace       used 5086K, committed 5248K, reserved 1056768K
  class space    used 595K, committed 704K, reserved 1048576K
}
Event: 1.519 GC heap before
{Heap before GC invocations=1 (full 0):
 garbage-first heap   total 253952K, used 39674K [0x0000000709c00000, 0x0000000800000000)
  region size 2048K, 20 young (40960K), 2 survivors (4096K)
 Metaspace       used 14100K, committed 14336K, reserved 1064960K
  class space    used 2066K, committed 2176K, reserved 1048576K
}
Event: 1.526 GC heap after
{Heap after GC invocations=2 (full 0):
 garbage-first heap   total 253952K, used 7050K [0x0000000709c00000, 0x0000000800000000)
  region size 2048K, 3 young (6144K), 3 survivors (6144K)
 Metaspace       used 14100K, committed 14336K, reserved 1064960K
  class space    used 2066K, committed 2176K, reserved 1048576K
}

Deoptimization events (20 events):
Event: 2.533 Thread 0x0000023b64c98dc0 DEOPT PACKING pc=0x0000023b48021ab8 sp=0x000000fdbd4fdb90
Event: 2.533 Thread 0x0000023b64c98dc0 DEOPT UNPACKING pc=0x0000023b475c2b43 sp=0x000000fdbd4fcf48 mode 0
Event: 2.534 Thread 0x0000023b64c98dc0 DEOPT PACKING pc=0x0000023b48020242 sp=0x000000fdbd4fda90
Event: 2.534 Thread 0x0000023b64c98dc0 DEOPT UNPACKING pc=0x0000023b475c2b43 sp=0x000000fdbd4fcf40 mode 0
Event: 2.535 Thread 0x0000023b64c98dc0 DEOPT PACKING pc=0x0000023b48020242 sp=0x000000fdbd4fda90
Event: 2.535 Thread 0x0000023b64c98dc0 DEOPT UNPACKING pc=0x0000023b475c2b43 sp=0x000000fdbd4fcf40 mode 0
Event: 2.536 Thread 0x0000023b64c98dc0 DEOPT PACKING pc=0x0000023b48020242 sp=0x000000fdbd4fda90
Event: 2.536 Thread 0x0000023b64c98dc0 DEOPT UNPACKING pc=0x0000023b475c2b43 sp=0x000000fdbd4fcf40 mode 0
Event: 2.705 Thread 0x0000023b64c98dc0 DEOPT PACKING pc=0x0000023b480194a2 sp=0x000000fdbd4fda40
Event: 2.705 Thread 0x0000023b64c98dc0 DEOPT UNPACKING pc=0x0000023b475c2b43 sp=0x000000fdbd4fce98 mode 0
Event: 2.705 Thread 0x0000023b64c98dc0 DEOPT PACKING pc=0x0000023b480194a2 sp=0x000000fdbd4fda40
Event: 2.705 Thread 0x0000023b64c98dc0 DEOPT UNPACKING pc=0x0000023b475c2b43 sp=0x000000fdbd4fce98 mode 0
Event: 2.705 Thread 0x0000023b64c98dc0 DEOPT PACKING pc=0x0000023b480194a2 sp=0x000000fdbd4fda40
Event: 2.705 Thread 0x0000023b64c98dc0 DEOPT UNPACKING pc=0x0000023b475c2b43 sp=0x000000fdbd4fce98 mode 0
Event: 3.095 Thread 0x0000023b64c98dc0 DEOPT PACKING pc=0x0000023b48056d6c sp=0x000000fdbd4fdb70
Event: 3.095 Thread 0x0000023b64c98dc0 DEOPT UNPACKING pc=0x0000023b475c2b43 sp=0x000000fdbd4fcfa8 mode 0
Event: 3.313 Thread 0x0000023b6509e8d0 DEOPT PACKING pc=0x0000023b47f269d6 sp=0x000000fdbd8fc570
Event: 3.313 Thread 0x0000023b6509e8d0 DEOPT UNPACKING pc=0x0000023b475c2b43 sp=0x000000fdbd8fba10 mode 0
Event: 6.591 Thread 0x0000023b6509e8d0 DEOPT PACKING pc=0x0000023b47f269d6 sp=0x000000fdbd8f7f30
Event: 6.591 Thread 0x0000023b6509e8d0 DEOPT UNPACKING pc=0x0000023b475c2b43 sp=0x000000fdbd8f73d0 mode 0

Classes unloaded (0 events):
No events

Classes redefined (0 events):
No events

Internal exceptions (20 events):
Event: 1.100 Thread 0x0000023b6509e8d0 Exception <a 'java/io/FileNotFoundException'{0x00000007180f7c18}> (0x00000007180f7c18) 
thrown [t:\workspace\open\src\hotspot\share\prims\jni.cpp, line 516]
Event: 1.100 Thread 0x0000023b6509e8d0 Exception <a 'java/io/FileNotFoundException'{0x00000007180f8c80}> (0x00000007180f8c80) 
thrown [t:\workspace\open\src\hotspot\share\prims\jni.cpp, line 516]
Event: 1.100 Thread 0x0000023b6509e8d0 Exception <a 'java/io/FileNotFoundException'{0x00000007180f9ce0}> (0x00000007180f9ce0) 
thrown [t:\workspace\open\src\hotspot\share\prims\jni.cpp, line 516]
Event: 1.168 Thread 0x0000023b6509e8d0 Implicit null exception at 0x0000023b4f179e0b to 0x0000023b4f17a404
Event: 1.171 Thread 0x0000023b6509e8d0 Implicit null exception at 0x0000023b4f17590e to 0x0000023b4f175ef4
Event: 1.172 Thread 0x0000023b6509e8d0 Implicit null exception at 0x0000023b4f126e8f to 0x0000023b4f126f09
Event: 1.310 Thread 0x0000023b6509e8d0 Exception <a 'java/lang/ClassNotFoundException'{0x0000000717454eb0}: com/sun/javafx/scene/control/skin/resources/controls> (0x0000000717454eb0) 
thrown [t:\workspace\open\src\hotspot\share\prims\jni.cpp, line 535]
Event: 1.311 Thread 0x0000023b6509e8d0 Exception <a 'java/lang/ClassNotFoundException'{0x00000007174629b0}: com/sun/javafx/scene/control/skin/resources/controls_ru> (0x00000007174629b0) 
thrown [t:\workspace\open\src\hotspot\share\prims\jni.cpp, line 535]
Event: 1.311 Thread 0x0000023b6509e8d0 Exception <a 'java/lang/ClassNotFoundException'{0x00000007174639e0}: com/sun/javafx/scene/control/skin/resources/controls_ru_RU> (0x00000007174639e0) 
thrown [t:\workspace\open\src\hotspot\share\prims\jni.cpp, line 535]
Event: 1.359 Thread 0x0000023b6509e8d0 Exception <a 'java/lang/NoSuchMethodError'{0x0000000717223038}: 'void java.lang.invoke.DirectMethodHandle$Holder.invokeSpecial(java.lang.Object, java.lang.Object, java.lang.Object, java.lang.Object, java.lang.Object, java.lang.Object)'> (0x0000000717223038) 
thrown [t:\workspace\open\src\hotspot\share\interpreter\linkResolver.cpp, line 766]
Event: 1.401 Thread 0x0000023b6509e8d0 Exception <a 'java/lang/NoSuchMethodError'{0x0000000717125968}: 'java.lang.Object java.lang.invoke.DirectMethodHandle$Holder.invokeInterface(java.lang.Object, java.lang.Object, java.lang.Object)'> (0x0000000717125968) 
thrown [t:\workspace\open\src\hotspot\share\interpreter\linkResolver.cpp, line 766]
Event: 1.401 Thread 0x0000023b6509e8d0 Exception <a 'java/lang/IncompatibleClassChangeError'{0x00000007171292f0}: Found class java.lang.Object, but interface was expected> (0x00000007171292f0) 
thrown [t:\workspace\open\src\hotspot\share\interpreter\linkResolver.cpp, line 833]
Event: 1.454 Thread 0x0000023b6509e8d0 Exception <a 'java/lang/NoSuchMethodError'{0x0000000716ec5118}: 'java.lang.Object java.lang.invoke.DirectMethodHandle$Holder.newInvokeSpecial(java.lang.Object, java.lang.Object, int)'> (0x0000000716ec5118) 
thrown [t:\workspace\open\src\hotspot\share\interpreter\linkResolver.cpp, line 766]
Event: 1.480 Thread 0x0000023b64c98dc0 Exception <a 'java/lang/NoSuchMethodError'{0x0000000716c10de8}: 'int java.lang.invoke.DirectMethodHandle$Holder.invokeStaticInit(java.lang.Object, java.lang.Object)'> (0x0000000716c10de8) 
thrown [t:\workspace\open\src\hotspot\share\interpreter\linkResolver.cpp, line 766]
Event: 1.490 Thread 0x0000023b6509e8d0 Exception <a 'java/lang/NoSuchMethodError'{0x0000000716fd8bb0}: 'long java.lang.invoke.DirectMethodHandle$Holder.invokeStatic(java.lang.Object, java.lang.Object, java.lang.Object)'> (0x0000000716fd8bb0) 
thrown [t:\workspace\open\src\hotspot\share\interpreter\linkResolver.cpp, line 766]
Event: 1.490 Thread 0x0000023b6509e8d0 Exception <a 'java/lang/NoSuchMethodError'{0x0000000716fdc358}: 'long java.lang.invoke.DirectMethodHandle$Holder.invokeStaticInit(java.lang.Object, java.lang.Object, java.lang.Object)'> (0x0000000716fdc358) 
thrown [t:\workspace\open\src\hotspot\share\interpreter\linkResolver.cpp, line 766]
Event: 1.493 Thread 0x0000023b6509e8d0 Exception <a 'java/lang/NoSuchMethodError'{0x0000000716ff3f60}: 'java.lang.Object java.lang.invoke.DirectMethodHandle$Holder.newInvokeSpecial(java.lang.Object, java.lang.Object, long)'> (0x0000000716ff3f60) 
thrown [t:\workspace\open\src\hotspot\share\interpreter\linkResolver.cpp, line 766]
Event: 1.493 Thread 0x0000023b6509e8d0 Exception <a 'java/lang/NoSuchMethodError'{0x0000000716cd1908}: 'java.lang.Object java.lang.invoke.Invokers$Holder.linkToTargetMethod(java.lang.Object, long, java.lang.Object)'> (0x0000000716cd1908) 
thrown [t:\workspace\open\src\hotspot\share\interpreter\linkResolver.cpp, line 766]
Event: 6.618 Thread 0x0000023b6509e8d0 Exception <a 'java/io/FileNotFoundException'{0x0000000718b5e978}> (0x0000000718b5e978) 
thrown [t:\workspace\open\src\hotspot\share\prims\jni.cpp, line 516]
Event: 6.619 Thread 0x0000023b6509e8d0 Exception <a 'java/io/FileNotFoundException'{0x0000000718b60598}> (0x0000000718b60598) 
thrown [t:\workspace\open\src\hotspot\share\prims\jni.cpp, line 516]

VM Operations (20 events):
Event: 0.739 Executing VM operation: G1CollectForAllocation done
Event: 0.871 Executing VM operation: HandshakeAllThreads
Event: 0.871 Executing VM operation: HandshakeAllThreads done
Event: 0.932 Executing VM operation: HandshakeAllThreads
Event: 0.932 Executing VM operation: HandshakeAllThreads done
Event: 1.258 Executing VM operation: ICBufferFull
Event: 1.258 Executing VM operation: ICBufferFull done
Event: 1.519 Executing VM operation: G1CollectForAllocation
Event: 1.526 Executing VM operation: G1CollectForAllocation done
Event: 3.526 Executing VM operation: Cleanup
Event: 3.527 Executing VM operation: Cleanup done
Event: 5.527 Executing VM operation: Cleanup
Event: 5.528 Executing VM operation: Cleanup done
Event: 6.528 Executing VM operation: Cleanup
Event: 6.528 Executing VM operation: Cleanup done
Event: 7.528 Executing VM operation: Cleanup
Event: 7.528 Executing VM operation: Cleanup done
Event: 9.528 Executing VM operation: Cleanup
Event: 9.529 Executing VM operation: Cleanup done
Event: 915.687 Executing VM operation: Exit

Events (20 events):
Event: 2.370 loading class java/util/EnumMap$ValueIterator done
Event: 3.076 loading class java/io/UnsupportedEncodingException
Event: 3.076 loading class java/io/UnsupportedEncodingException done
Event: 6.611 loading class java/io/SequenceInputStream
Event: 6.612 loading class java/io/SequenceInputStream done
Event: 6.676 Thread 0x0000023b63f20d80 Thread added: 0x0000023b63f20d80
Event: 6.685 Thread 0x0000023b6414f020 Thread added: 0x0000023b6414f020
Event: 7.658 Thread 0x0000023b63d65080 Thread exited: 0x0000023b63d65080
Event: 7.658 Thread 0x0000023b63d64ac0 Thread exited: 0x0000023b63d64ac0
Event: 7.658 Thread 0x0000023b6414f020 Thread exited: 0x0000023b6414f020
Event: 7.665 Thread 0x0000023b63f20d80 Thread exited: 0x0000023b63f20d80
Event: 12.700 Thread 0x0000023b63c79d00 Thread exited: 0x0000023b63c79d00
Event: 915.682 loading class jdk/internal/misc/Signal$1
Event: 915.682 loading class jdk/internal/misc/Signal$1 done
Event: 915.682 Thread 0x0000023b65289e90 Thread added: 0x0000023b65289e90
Event: 915.683 Thread 0x0000023b652899c0 Thread added: 0x0000023b652899c0
Event: 915.683 Thread 0x0000023b65288b50 Thread added: 0x0000023b65288b50
Event: 915.685 Thread 0x0000023b65288b50 Thread exited: 0x0000023b65288b50
Event: 915.687 Thread 0x0000023b652899c0 Thread exited: 0x0000023b652899c0
Event: 915.687 Thread 0x0000023b62ff3320 Thread exited: 0x0000023b62ff3320


Dynamic libraries:
0x00007ff685070000 - 0x00007ff68507e000 	C:\Users\ASUS\.jdks\openjdk-17.0.1\bin\java.exe
0x00007ffc97350000 - 0x00007ffc97548000 	C:\Windows\SYSTEM32\ntdll.dll
0x00007ffc97250000 - 0x00007ffc9730d000 	C:\Windows\System32\KERNEL32.DLL
0x00007ffc95050000 - 0x00007ffc9531e000 	C:\Windows\System32\KERNELBASE.dll
0x00007ffc94c90000 - 0x00007ffc94d90000 	C:\Windows\System32\ucrtbase.dll
0x00007ffc90690000 - 0x00007ffc906a8000 	C:\Users\ASUS\.jdks\openjdk-17.0.1\bin\jli.dll
0x00007ffc968f0000 - 0x00007ffc96a90000 	C:\Windows\System32\USER32.dll
0x00007ffc94b20000 - 0x00007ffc94b42000 	C:\Windows\System32\win32u.dll
0x00007ffc95a60000 - 0x00007ffc95a8a000 	C:\Windows\System32\GDI32.dll
0x00007ffc90670000 - 0x00007ffc9068a000 	C:\Users\ASUS\.jdks\openjdk-17.0.1\bin\VCRUNTIME140.dll
0x00007ffc94b80000 - 0x00007ffc94c8b000 	C:\Windows\System32\gdi32full.dll
0x00007ffc7fa40000 - 0x00007ffc7fcda000 	C:\Windows\WinSxS\amd64_microsoft.windows.common-controls_6595b64144ccf1df_6.0.19041.1110_none_60b5254171f9507e\COMCTL32.dll
0x00007ffc94d90000 - 0x00007ffc94e2d000 	C:\Windows\System32\msvcp_win.dll
0x00007ffc95800000 - 0x00007ffc9589e000 	C:\Windows\System32\msvcrt.dll
0x00007ffc96da0000 - 0x00007ffc96dd0000 	C:\Windows\System32\IMM32.DLL
0x00007ffc90660000 - 0x00007ffc9066c000 	C:\Users\ASUS\.jdks\openjdk-17.0.1\bin\vcruntime140_1.dll
0x00007ffc858e0000 - 0x00007ffc8596d000 	C:\Users\ASUS\.jdks\openjdk-17.0.1\bin\msvcp140.dll
0x00007ffc6a900000 - 0x00007ffc6b4be000 	C:\Users\ASUS\.jdks\openjdk-17.0.1\bin\server\jvm.dll
0x00007ffc95410000 - 0x00007ffc954be000 	C:\Windows\System32\ADVAPI32.dll
0x00007ffc96850000 - 0x00007ffc968ec000 	C:\Windows\System32\sechost.dll
0x00007ffc958a0000 - 0x00007ffc959c5000 	C:\Windows\System32\RPCRT4.dll
0x00007ffc97240000 - 0x00007ffc97248000 	C:\Windows\System32\PSAPI.DLL
0x00007ffc89d60000 - 0x00007ffc89d69000 	C:\Windows\SYSTEM32\WSOCK32.dll
0x00007ffc8a0f0000 - 0x00007ffc8a117000 	C:\Windows\SYSTEM32\WINMM.dll
0x00007ffc959d0000 - 0x00007ffc95a3b000 	C:\Windows\System32\WS2_32.dll
0x00007ffc89d00000 - 0x00007ffc89d0a000 	C:\Windows\SYSTEM32\VERSION.dll
0x00007ffc932e0000 - 0x00007ffc932f2000 	C:\Windows\SYSTEM32\kernel.appcore.dll
0x00007ffc902b0000 - 0x00007ffc902ba000 	C:\Users\ASUS\.jdks\openjdk-17.0.1\bin\jimage.dll
0x00007ffc930d0000 - 0x00007ffc932b4000 	C:\Windows\SYSTEM32\DBGHELP.DLL
0x00007ffc7ed10000 - 0x00007ffc7ed3c000 	C:\Windows\SYSTEM32\dbgcore.DLL
0x00007ffc95320000 - 0x00007ffc953a2000 	C:\Windows\System32\bcryptPrimitives.dll
0x00007ffc8e990000 - 0x00007ffc8e99e000 	C:\Users\ASUS\.jdks\openjdk-17.0.1\bin\instrument.dll
0x00007ffc8f640000 - 0x00007ffc8f665000 	C:\Users\ASUS\.jdks\openjdk-17.0.1\bin\java.dll
0x00007ffc83f90000 - 0x00007ffc84066000 	C:\Users\ASUS\.jdks\openjdk-17.0.1\bin\svml.dll
0x00007ffc95d10000 - 0x00007ffc96453000 	C:\Windows\System32\SHELL32.dll
0x00007ffc92870000 - 0x00007ffc93005000 	C:\Windows\SYSTEM32\windows.storage.dll
0x00007ffc964f0000 - 0x00007ffc96844000 	C:\Windows\System32\combase.dll
0x00007ffc944d0000 - 0x00007ffc94500000 	C:\Windows\SYSTEM32\Wldp.dll
0x00007ffc96a90000 - 0x00007ffc96b3d000 	C:\Windows\System32\SHCORE.dll
0x00007ffc96b40000 - 0x00007ffc96b95000 	C:\Windows\System32\shlwapi.dll
0x00007ffc949b0000 - 0x00007ffc949cf000 	C:\Windows\SYSTEM32\profapi.dll
0x00007ffc8a270000 - 0x00007ffc8a289000 	C:\Users\ASUS\.jdks\openjdk-17.0.1\bin\net.dll
0x00007ffc8f680000 - 0x00007ffc8f78a000 	C:\Windows\SYSTEM32\WINHTTP.dll
0x00007ffc941c0000 - 0x00007ffc9422a000 	C:\Windows\system32\mswsock.dll
0x00007ffc8a140000 - 0x00007ffc8a155000 	C:\Users\ASUS\.jdks\openjdk-17.0.1\bin\nio.dll
0x00007ffc8a120000 - 0x00007ffc8a138000 	C:\Users\ASUS\.jdks\openjdk-17.0.1\bin\zip.dll
0x00007ffc89d40000 - 0x00007ffc89d5a000 	D:\JAVA\IntelliJ IDEA Community Edition 2021.2\bin\breakgen64.dll
0x0000023b3dd30000 - 0x0000023b3dd33000 	C:\Users\ASUS\.openjfx\cache\17-ea\api-ms-win-core-console-l1-1-0.dll
0x0000023b3dd40000 - 0x0000023b3dd43000 	C:\Users\ASUS\.openjfx\cache\17-ea\api-ms-win-core-console-l1-2-0.dll
0x0000023b3dd50000 - 0x0000023b3dd53000 	C:\Users\ASUS\.openjfx\cache\17-ea\api-ms-win-core-datetime-l1-1-0.dll
0x0000023b3dd60000 - 0x0000023b3dd63000 	C:\Users\ASUS\.openjfx\cache\17-ea\api-ms-win-core-debug-l1-1-0.dll
0x0000023b3dd70000 - 0x0000023b3dd73000 	C:\Users\ASUS\.openjfx\cache\17-ea\api-ms-win-core-errorhandling-l1-1-0.dll
0x0000023b3dd80000 - 0x0000023b3dd84000 	C:\Users\ASUS\.openjfx\cache\17-ea\api-ms-win-core-file-l1-1-0.dll
0x0000023b3dd90000 - 0x0000023b3dd93000 	C:\Users\ASUS\.openjfx\cache\17-ea\api-ms-win-core-file-l1-2-0.dll
0x0000023b632c0000 - 0x0000023b632c3000 	C:\Users\ASUS\.openjfx\cache\17-ea\api-ms-win-core-file-l2-1-0.dll
0x0000023b63130000 - 0x0000023b63133000 	C:\Users\ASUS\.openjfx\cache\17-ea\api-ms-win-core-handle-l1-1-0.dll
0x0000023b63140000 - 0x0000023b63143000 	C:\Users\ASUS\.openjfx\cache\17-ea\api-ms-win-core-heap-l1-1-0.dll
0x0000023b63150000 - 0x0000023b63153000 	C:\Users\ASUS\.openjfx\cache\17-ea\api-ms-win-core-interlocked-l1-1-0.dll
0x0000023b63160000 - 0x0000023b63163000 	C:\Users\ASUS\.openjfx\cache\17-ea\api-ms-win-core-libraryloader-l1-1-0.dll
0x0000023b63170000 - 0x0000023b63173000 	C:\Users\ASUS\.openjfx\cache\17-ea\api-ms-win-core-localization-l1-2-0.dll
0x0000023b63180000 - 0x0000023b63183000 	C:\Users\ASUS\.openjfx\cache\17-ea\api-ms-win-core-memory-l1-1-0.dll
0x0000023b63190000 - 0x0000023b63193000 	C:\Users\ASUS\.openjfx\cache\17-ea\api-ms-win-core-namedpipe-l1-1-0.dll
0x0000023b631a0000 - 0x0000023b631a3000 	C:\Users\ASUS\.openjfx\cache\17-ea\api-ms-win-core-processenvironment-l1-1-0.dll
0x0000023b631b0000 - 0x0000023b631b3000 	C:\Users\ASUS\.openjfx\cache\17-ea\api-ms-win-core-processthreads-l1-1-0.dll
0x0000023b631c0000 - 0x0000023b631c3000 	C:\Users\ASUS\.openjfx\cache\17-ea\api-ms-win-core-processthreads-l1-1-1.dll
0x0000023b631d0000 - 0x0000023b631d3000 	C:\Users\ASUS\.openjfx\cache\17-ea\api-ms-win-core-profile-l1-1-0.dll
0x0000023b631e0000 - 0x0000023b631e3000 	C:\Users\ASUS\.openjfx\cache\17-ea\api-ms-win-core-rtlsupport-l1-1-0.dll
0x0000023b631f0000 - 0x0000023b631f3000 	C:\Users\ASUS\.openjfx\cache\17-ea\api-ms-win-core-string-l1-1-0.dll
0x0000023b63200000 - 0x0000023b63203000 	C:\Users\ASUS\.openjfx\cache\17-ea\api-ms-win-core-synch-l1-1-0.dll
0x0000023b63210000 - 0x0000023b63213000 	C:\Users\ASUS\.openjfx\cache\17-ea\api-ms-win-core-synch-l1-2-0.dll
0x0000023b63220000 - 0x0000023b63223000 	C:\Users\ASUS\.openjfx\cache\17-ea\api-ms-win-core-sysinfo-l1-1-0.dll
0x0000023b63230000 - 0x0000023b63233000 	C:\Users\ASUS\.openjfx\cache\17-ea\api-ms-win-core-timezone-l1-1-0.dll
0x0000023b63240000 - 0x0000023b63243000 	C:\Users\ASUS\.openjfx\cache\17-ea\api-ms-win-core-util-l1-1-0.dll
0x0000023b63250000 - 0x0000023b63253000 	C:\Users\ASUS\.openjfx\cache\17-ea\api-ms-win-crt-conio-l1-1-0.dll
0x0000023b63260000 - 0x0000023b63264000 	C:\Users\ASUS\.openjfx\cache\17-ea\api-ms-win-crt-convert-l1-1-0.dll
0x0000023b63270000 - 0x0000023b63273000 	C:\Users\ASUS\.openjfx\cache\17-ea\api-ms-win-crt-environment-l1-1-0.dll
0x0000023b63280000 - 0x0000023b63283000 	C:\Users\ASUS\.openjfx\cache\17-ea\api-ms-win-crt-filesystem-l1-1-0.dll
0x0000023b63290000 - 0x0000023b63293000 	C:\Users\ASUS\.openjfx\cache\17-ea\api-ms-win-crt-heap-l1-1-0.dll
0x0000023b632a0000 - 0x0000023b632a3000 	C:\Users\ASUS\.openjfx\cache\17-ea\api-ms-win-crt-locale-l1-1-0.dll
0x0000023b632b0000 - 0x0000023b632b5000 	C:\Users\ASUS\.openjfx\cache\17-ea\api-ms-win-crt-math-l1-1-0.dll
0x0000023b633e0000 - 0x0000023b633e5000 	C:\Users\ASUS\.openjfx\cache\17-ea\api-ms-win-crt-multibyte-l1-1-0.dll
0x0000023b633f0000 - 0x0000023b63400000 	C:\Users\ASUS\.openjfx\cache\17-ea\api-ms-win-crt-private-l1-1-0.dll
0x0000023b65900000 - 0x0000023b65903000 	C:\Users\ASUS\.openjfx\cache\17-ea\api-ms-win-crt-process-l1-1-0.dll
0x0000023b65910000 - 0x0000023b65914000 	C:\Users\ASUS\.openjfx\cache\17-ea\api-ms-win-crt-runtime-l1-1-0.dll
0x0000023b632d0000 - 0x0000023b632d4000 	C:\Users\ASUS\.openjfx\cache\17-ea\api-ms-win-crt-stdio-l1-1-0.dll
0x0000023b632e0000 - 0x0000023b632e4000 	C:\Users\ASUS\.openjfx\cache\17-ea\api-ms-win-crt-string-l1-1-0.dll
0x0000023b632f0000 - 0x0000023b632f3000 	C:\Users\ASUS\.openjfx\cache\17-ea\api-ms-win-crt-time-l1-1-0.dll
0x0000023b63300000 - 0x0000023b63303000 	C:\Users\ASUS\.openjfx\cache\17-ea\api-ms-win-crt-utility-l1-1-0.dll
0x00007ffc369b0000 - 0x00007ffc36aac000 	C:\Users\ASUS\.openjfx\cache\17-ea\ucrtbase.dll
0x00007ffc89ce0000 - 0x00007ffc89cfa000 	C:\Users\ASUS\.openjfx\cache\17-ea\vcruntime140.dll
0x00007ffc8a260000 - 0x00007ffc8a26c000 	C:\Users\ASUS\.openjfx\cache\17-ea\vcruntime140_1.dll
0x00007ffc83e90000 - 0x00007ffc83f1d000 	C:\Users\ASUS\.openjfx\cache\17-ea\msvcp140.dll
0x00007ffc88d10000 - 0x00007ffc88d37000 	C:\Users\ASUS\.openjfx\cache\17-ea\prism_d3d.dll
0x00007ffc61e20000 - 0x00007ffc61fef000 	C:\Windows\system32\d3d9.dll
0x00007ffc92280000 - 0x00007ffc922af000 	C:\Windows\SYSTEM32\dwmapi.dll
0x00007ffc92140000 - 0x00007ffc921de000 	C:\Windows\system32\uxtheme.dll
0x00007ffc88690000 - 0x00007ffc8886b000 	C:\Windows\System32\DriverStore\FileRepository\u0363312.inf_amd64_08fc5018b1b99545\B363211\aticfx64.dll
0x00007ffc858a0000 - 0x00007ffc858d3000 	C:\Windows\System32\DriverStore\FileRepository\u0363312.inf_amd64_08fc5018b1b99545\B363211\atiu9p64.dll
0x00007ffc2e0b0000 - 0x00007ffc2edbc000 	C:\Windows\System32\DriverStore\FileRepository\u0363312.inf_amd64_08fc5018b1b99545\B363211\atiumd64.dll
0x00007ffc956c0000 - 0x00007ffc957ea000 	C:\Windows\System32\ole32.dll
0x0000000062610000 - 0x00000000634ce000 	C:\Windows\System32\DriverStore\FileRepository\u0363312.inf_amd64_08fc5018b1b99545\B363211\atiumd6a.dll
0x00007ffc94b50000 - 0x00007ffc94b77000 	C:\Windows\System32\bcrypt.dll
0x00007ffc94480000 - 0x00007ffc944cb000 	C:\Windows\SYSTEM32\POWRPROF.dll
0x00007ffc94460000 - 0x00007ffc94472000 	C:\Windows\SYSTEM32\UMPDC.dll
0x00007ffc88660000 - 0x00007ffc8868f000 	C:\Windows\SYSTEM32\amdihk64.dll
0x00007ffc83d50000 - 0x00007ffc83d92000 	C:\Users\ASUS\.openjfx\cache\17-ea\glass.dll
0x00007ffc96cc0000 - 0x00007ffc96d9a000 	C:\Windows\System32\COMDLG32.dll
0x00007ffc95c40000 - 0x00007ffc95d0d000 	C:\Windows\System32\OLEAUT32.dll
0x00007ffc955a0000 - 0x00007ffc956b5000 	C:\Windows\System32\MSCTF.dll
0x00007ffc89c40000 - 0x00007ffc89c7b000 	C:\Windows\SYSTEM32\dxcore.dll
0x00007ffc95000000 - 0x00007ffc9504e000 	C:\Windows\System32\cfgmgr32.dll
0x00007ffc86030000 - 0x00007ffc86044000 	C:\Users\ASUS\.openjfx\cache\17-ea\javafx_font.dll
0x00007ffc76620000 - 0x00007ffc7689f000 	C:\Windows\SYSTEM32\dwrite.dll
0x00007ffc96c10000 - 0x00007ffc96cb9000 	C:\Windows\System32\clbcatq.dll
0x00007ffc8cfb0000 - 0x00007ffc8d164000 	C:\Windows\SYSTEM32\WindowsCodecs.dll
0x00007ffc74060000 - 0x00007ffc7409e000 	C:\Windows\system32\dataexchange.dll
0x00007ffc90810000 - 0x00007ffc90a73000 	C:\Windows\system32\d3d11.dll
0x00007ffc914a0000 - 0x00007ffc91684000 	C:\Windows\system32\dcomp.dll
0x00007ffc93350000 - 0x00007ffc93443000 	C:\Windows\system32\dxgi.dll
0x00007ffc8d410000 - 0x00007ffc8d610000 	C:\Windows\system32\twinapi.appcore.dll
0x00007ffc83d10000 - 0x00007ffc83d44000 	C:\Program Files\Common Files\Microsoft Shared\Ink\rtscom.dll
0x00007ffc79c60000 - 0x00007ffc79d59000 	C:\Windows\SYSTEM32\textinputframework.dll
0x00007ffc91690000 - 0x00007ffc919ee000 	C:\Windows\System32\CoreUIComponents.dll
0x00007ffc91d70000 - 0x00007ffc91e62000 	C:\Windows\System32\CoreMessaging.dll
0x00007ffc93890000 - 0x00007ffc938c3000 	C:\Windows\SYSTEM32\ntmarta.dll
0x00007ffc906b0000 - 0x00007ffc90804000 	C:\Windows\SYSTEM32\wintypes.dll

dbghelp: loaded successfully - version: 4.0.5 - missing functions: none
symbol engine: initialized successfully - sym options: 0x614 - pdb path: .;C:\Users\ASUS\.jdks\openjdk-17.0.1\bin;C:\Windows\SYSTEM32;C:\Windows\WinSxS\amd64_microsoft.windows.common-controls_6595b64144ccf1df_6.0.19041.1110_none_60b5254171f9507e;C:\Users\ASUS\.jdks\openjdk-17.0.1\bin\server;D:\JAVA\IntelliJ IDEA Community Edition 2021.2\bin;C:\Users\ASUS\.openjfx\cache\17-ea;C:\Windows\System32\DriverStore\FileRepository\u0363312.inf_amd64_08fc5018b1b99545\B363211;C:\Program Files\Common Files\Microsoft Shared\Ink

VM Arguments:
jvm_args: -javaagent:D:\JAVA\IntelliJ IDEA Community Edition 2021.2\lib\idea_rt.jar=49980:D:\JAVA\IntelliJ IDEA Community Edition 2021.2\bin -Dfile.encoding=UTF-8 --module-path=C:\Users\ASUS\.m2\repository\org\openjfx\javafx-base\17-ea+11\javafx-base-17-ea+11-win.jar;C:\Users\ASUS\.m2\repository\org\openjfx\javafx-graphics\17-ea+11\javafx-graphics-17-ea+11-win.jar;C:\Users\ASUS\.m2\repository\org\openjfx\javafx-fxml\17-ea+11\javafx-fxml-17-ea+11-win.jar;D:\testApp\target\classes;C:\Users\ASUS\.m2\repository\org\openjfx\javafx-controls\17-ea+11\javafx-controls-17-ea+11-win.jar -Djdk.module.main=com.example.testapp 
java_command: com.example.testapp/com.example.testapp.HelloApplication
java_class_path (initial): C:\Program Files (x86)\MySQL\Connector J 8.0\mysql-connector-java-8.0.29.jar;C:\Users\ASUS\.m2\repository\org\openjfx\javafx-controls\17-ea+11\javafx-controls-17-ea+11.jar;C:\Users\ASUS\.m2\repository\org\openjfx\javafx-graphics\17-ea+11\javafx-graphics-17-ea+11.jar;C:\Users\ASUS\.m2\repository\org\openjfx\javafx-base\17-ea+11\javafx-base-17-ea+11.jar;C:\Users\ASUS\.m2\repository\org\openjfx\javafx-fxml\17-ea+11\javafx-fxml-17-ea+11.jar
Launcher Type: SUN_STANDARD

[Global flags]
     intx CICompilerCount                          = 12                                        {product} {ergonomic}
     uint ConcGCThreads                            = 3                                         {product} {ergonomic}
     uint G1ConcRefinementThreads                  = 13                                        {product} {ergonomic}
   size_t G1HeapRegionSize                         = 2097152                                   {product} {ergonomic}
    uintx GCDrainStackTargetSize                   = 64                                        {product} {ergonomic}
   size_t InitialHeapSize                          = 260046848                                 {product} {ergonomic}
   size_t MarkStackSize                            = 4194304                                   {product} {ergonomic}
   size_t MaxHeapSize                              = 4131389440                                {product} {ergonomic}
   size_t MaxNewSize                               = 2478833664                                {product} {ergonomic}
   size_t MinHeapDeltaBytes                        = 2097152                                   {product} {ergonomic}
   size_t MinHeapSize                              = 8388608                                   {product} {ergonomic}
    uintx NonNMethodCodeHeapSize                   = 7602480                                {pd product} {ergonomic}
    uintx NonProfiledCodeHeapSize                  = 122027880                              {pd product} {ergonomic}
    uintx ProfiledCodeHeapSize                     = 122027880                              {pd product} {ergonomic}
    uintx ReservedCodeCacheSize                    = 251658240                              {pd product} {ergonomic}
     bool SegmentedCodeCache                       = true                                      {product} {ergonomic}
   size_t SoftMaxHeapSize                          = 4131389440                             {manageable} {ergonomic}
     bool UseCompressedClassPointers               = true                           {product lp64_product} {ergonomic}
     bool UseCompressedOops                        = true                           {product lp64_product} {ergonomic}
     bool UseG1GC                                  = true                                      {product} {ergonomic}
     bool UseLargePagesIndividualAllocation        = false                                  {pd product} {ergonomic}

Logging:
Log output configuration:
 #0: stdout all=off uptime,level,tags
 #1: stderr all=off uptime,level,tags

Environment Variables:
JAVA_HOME=D:\JAVA\IntelliJ IDEA Community Edition 2021.2\Java\jdk1.8.0_301\bin\java.exe
PATH=C:\Windows\system32;C:\Windows;C:\Windows\System32\Wbem;C:\Windows\System32\WindowsPowerShell\v1.0\;C:\Windows\System32\OpenSSH\;D:\JAVA\IntelliJ IDEA Community Edition 2021.2\Java\jdk1.8.0_301\bin\java.exe\bin;C:\Program Files\dotnet\;C:\Program Files\Microsoft SQL Server\120\Tools\Binn\;D:\matlab\runtime\win64;D:\MATLAB\bin;D:\MATLAB\bin\win64;D:\GIT\Git\cmd;C:\Program Files\MySQL\MySQL Shell 8.0\bin\;C:\Users\ASUS\AppData\Local\Microsoft\WindowsApps;
USERNAME=ASUS
OS=Windows_NT
PROCESSOR_IDENTIFIER=AMD64 Family 23 Model 104 Stepping 1, AuthenticAMD



---------------  S Y S T E M  ---------------

OS:
 Windows 10 , 64 bit Build 19041 (10.0.19041.1889)
OS uptime: 0 days 0:28 hours

CPU: total 16 (initial active 16) (16 cores per cpu, 2 threads per core) family 23 model 104 stepping 1 microcode 0x0, cx8, cmov, fxsr, ht, mmx, 3dnowpref, sse, sse2, sse3, ssse3, sse4a, sse4.1, sse4.2, popcnt, lzcnt, tsc, tscinvbit, avx, avx2, aes, clmul, bmi1, bmi2, adx, sha, fma, vzeroupper, clflush, clflushopt

Memory: 4k page, system-wide physical 15752M (8281M free)
TotalPageFile size 18184M (AvailPageFile size 9132M)
current process WorkingSet (physical memory assigned to process): 147M, peak: 159M
current process commit charge ("private bytes"): 417M, peak: 448M

vm_info: OpenJDK 64-Bit Server VM (17.0.1+12-39) for windows-amd64 JRE (17.0.1+12-39), built on Sep 27 2021 18:39:29 by "mach5one" with MS VC++ 16.8 (VS2019)

END.
