#
# A fatal error has been detected by the Java Runtime Environment:
#
#  EXCEPTION_ACCESS_VIOLATION (0xc0000005) at pc=0x00007ffc858e6a87, pid=2768, tid=6848
#
# JRE version: OpenJDK Runtime Environment (17.0.1+12) (build 17.0.1+12-39)
# Java VM: OpenJDK 64-Bit Server VM (17.0.1+12-39, mixed mode, sharing, tiered, compressed oops, compressed class ptrs, g1 gc, windows-amd64)
# Problematic frame:
# C  [glass.dll+0x26a87]
#
# No core dump will be written. Minidumps are not enabled by default on client versions of Windows
#
# If you would like to submit a bug report, please visit:
#   https://bugreport.java.com/bugreport/crash.jsp
#

---------------  S U M M A R Y ------------

Command Line: -javaagent:D:\JAVA\IntelliJ IDEA Community Edition 2021.2\lib\idea_rt.jar=50306:D:\JAVA\IntelliJ IDEA Community Edition 2021.2\bin -Dfile.encoding=UTF-8 --module-path=C:\Users\ASUS\.m2\repository\org\openjfx\javafx-base\17-ea+11\javafx-base-17-ea+11-win.jar;C:\Users\ASUS\.m2\repository\org\openjfx\javafx-graphics\17-ea+11\javafx-graphics-17-ea+11-win.jar;C:\Users\ASUS\.m2\repository\org\openjfx\javafx-fxml\17-ea+11\javafx-fxml-17-ea+11-win.jar;D:\testApp\target\classes;C:\Users\ASUS\.m2\repository\org\openjfx\javafx-controls\17-ea+11\javafx-controls-17-ea+11-win.jar -Djdk.module.main=com.example.testapp com.example.testapp/com.example.testapp.HelloApplication

Host: AMD Ryzen 7 5700U with Radeon Graphics         , 16 cores, 15G,  Windows 10 , 64 bit Build 19041 (10.0.19041.1889)
Time: Mon Oct 10 14:09:38 2022  Windows 10 , 64 bit Build 19041 (10.0.19041.1889) elapsed time: 27.559035 seconds (0d 0h 0m 27s)

---------------  T H R E A D  ---------------

Current thread (0x000001e75a405560):  VMThread "VM Thread" [stack: 0x000000c2b3600000,0x000000c2b3700000] [id=6848]

Stack: [0x000000c2b3600000,0x000000c2b3700000],  sp=0x000000c2b36fecd0,  free space=1019k
Native frames: (J=compiled Java code, j=interpreted, Vv=VM code, C=native code)
C  [glass.dll+0x26a87]


siginfo: EXCEPTION_ACCESS_VIOLATION (0xc0000005), reading address 0x0000000000000000


Register to memory mapping:

RIP=0x00007ffc858e6a87 glass.dll
RAX=0x0 is NULL
RBX=0x000001e75a412858 is a global jni handle
RCX=0x000001e75a405560 points into unknown readable memory: 0x00007ffc6b27c5c0 | c0 c5 27 6b fc 7f 00 00
RDX=0x000000c2b36fecd0 points into unknown readable memory: 0x0000000000000000 | 00 00 00 00 00 00 00 00
RSP=0x000000c2b36fecd0 points into unknown readable memory: 0x0000000000000000 | 00 00 00 00 00 00 00 00
RBP=0x000001e75c22b978 points into unknown readable memory: 0x00008c23c2d7b657 | 57 b6 d7 c2 23 8c 00 00
RSI=0x000001e75c22b950 points into unknown readable memory: 0xfe424b3cf4d7b668 | 68 b6 d7 f4 3c 4b 42 fe
RDI=0x00008c23c2d7b657 is an unknown value
R8 =0x0000000000010002 is an unknown value
R9 =0x00008c23c2d7b657 is an unknown value
R10=0x0000000000008000 is an unknown value
R11=0x000000c2b36fec60 points into unknown readable memory: 0x000001e75c22b950 | 50 b9 22 5c e7 01 00 00
R12=0x00007ffc858e4354 glass.dll
R13=0x00007ffc6b422940 jvm.dll
R14=0x000000c2b36fedc8 points into unknown readable memory: 0x000000c2b36fedb0 | b0 ed 6f b3 c2 00 00 00
R15=0x000001e75c22b950 points into unknown readable memory: 0xfe424b3cf4d7b668 | 68 b6 d7 f4 3c 4b 42 fe


Registers:
RAX=0x0000000000000000, RBX=0x000001e75a412858, RCX=0x000001e75a405560, RDX=0x000000c2b36fecd0
RSP=0x000000c2b36fecd0, RBP=0x000001e75c22b978, RSI=0x000001e75c22b950, RDI=0x00008c23c2d7b657
R8 =0x0000000000010002, R9 =0x00008c23c2d7b657, R10=0x0000000000008000, R11=0x000000c2b36fec60
R12=0x00007ffc858e4354, R13=0x00007ffc6b422940, R14=0x000000c2b36fedc8, R15=0x000001e75c22b950
RIP=0x00007ffc858e6a87, EFLAGS=0x0000000000010202

Top of Stack: (sp=0x000000c2b36fecd0)
0x000000c2b36fecd0:   0000000000000000 000001e75c22b950
0x000000c2b36fece0:   00007ffc6b422940 00007ffc858e4354
0x000000c2b36fecf0:   000001e75c22b958 00007ffc94ca42d6
0x000000c2b36fed00:   00008c23c2d7b657 000001e700000000
0x000000c2b36fed10:   000001e75c22b978 000001e75c22b950
0x000000c2b36fed20:   fffffffffffffffe 0000000000000000
0x000000c2b36fed30:   0000000000000001 00007ffc858c0000
0x000000c2b36fed40:   000000c2b36fedb8 00007ffc94ca41fb
0x000000c2b36fed50:   0000000000000000 000000c2b36fedc8
0x000000c2b36fed60:   000000c2b36ff090 00007ffc94d80e40
0x000000c2b36fed70:   0000000000000001 00007ffc94ca41b4
0x000000c2b36fed80:   0000000000000000 0000000000000001
0x000000c2b36fed90:   0000000000000000 000000c2b36fedb8
0x000000c2b36feda0:   0000000000000001 00007ffc858e41e1
0x000000c2b36fedb0:   00007ffc858fa138 00007ffc00000002
0x000000c2b36fedc0:   0000000000000002 000000c2b36fedb0 

Instructions: (pc=0x00007ffc858e6a87)
0x00007ffc858e6987:   8b 4d 58 e8 01 cf ff ff 48 8b 4d 60 e8 f8 ce ff
0x00007ffc858e6997:   ff 48 8b 95 80 00 00 00 48 8b 8d 18 01 00 00 e8
0x00007ffc858e69a7:   c6 c3 ff ff 33 d2 33 c9 e8 3c e1 ff ff 90 48 89
0x00007ffc858e69b7:   54 24 10 55 48 83 ec 20 48 8b ea 48 b8 00 00 00
0x00007ffc858e69c7:   00 00 00 00 00 48 83 c4 20 5d c3 cc 40 55 48 8b
0x00007ffc858e69d7:   ea 48 8b 01 33 c9 81 38 05 00 00 c0 0f 94 c1 8b
0x00007ffc858e69e7:   c1 5d c3 cc 40 55 48 83 ec 20 48 8b ea 8a 4d 40
0x00007ffc858e69f7:   48 83 c4 20 5d e9 f7 d2 ff ff cc 40 55 48 83 ec
0x00007ffc858e6a07:   20 48 8b ea 8a 4d 20 e8 e5 d2 ff ff 90 48 83 c4
0x00007ffc858e6a17:   20 5d c3 cc 40 55 48 83 ec 20 48 8b ea 48 83 c4
0x00007ffc858e6a27:   20 5d e9 46 d1 ff ff cc 40 55 48 83 ec 30 48 8b
0x00007ffc858e6a37:   ea 48 8b 01 8b 10 48 89 4c 24 28 89 54 24 20 4c
0x00007ffc858e6a47:   8d 0d e7 d5 ff ff 4c 8b 45 70 8b 55 68 48 8b 4d
0x00007ffc858e6a57:   60 e8 87 d0 ff ff 90 48 83 c4 30 5d c3 cc cc cc
0x00007ffc858e6a67:   cc cc cc cc cc cc cc cc cc 40 53 48 83 ec 20 48
0x00007ffc858e6a77:   8b 1d b3 30 01 00 48 85 db 74 16 e8 09 8b ff ff
0x00007ffc858e6a87:   4c 8b 00 48 8b d3 48 8b c8 41 ff 90 b0 00 00 00
0x00007ffc858e6a97:   90 48 83 c4 20 5b c3 cc cc 40 53 48 83 ec 20 48
0x00007ffc858e6aa7:   8b 1d 2b 32 01 00 48 85 db 74 57 b8 ff ff ff ff
0x00007ffc858e6ab7:   f0 0f c1 43 10 83 f8 01 75 3d 48 85 db 74 38 48
0x00007ffc858e6ac7:   8b 0b 48 85 c9 74 0d ff 15 d4 07 00 00 48 c7 03
0x00007ffc858e6ad7:   00 00 00 00 48 8b 4b 08 48 85 c9 74 0d e8 a7 cd
0x00007ffc858e6ae7:   ff ff 48 c7 43 08 00 00 00 00 ba 18 00 00 00 48
0x00007ffc858e6af7:   8b cb e8 92 cd ff ff 48 c7 05 cf 31 01 00 00 00
0x00007ffc858e6b07:   00 00 48 83 c4 20 5b c3 cc 40 53 48 83 ec 20 48
0x00007ffc858e6b17:   8b 1d 9b 31 01 00 48 85 db 74 57 b8 ff ff ff ff
0x00007ffc858e6b27:   f0 0f c1 43 10 83 f8 01 75 3d 48 85 db 74 38 48
0x00007ffc858e6b37:   8b 0b 48 85 c9 74 0d ff 15 64 07 00 00 48 c7 03
0x00007ffc858e6b47:   00 00 00 00 48 8b 4b 08 48 85 c9 74 0d e8 37 cd
0x00007ffc858e6b57:   ff ff 48 c7 43 08 00 00 00 00 ba 18 00 00 00 48
0x00007ffc858e6b67:   8b cb e8 22 cd ff ff 48 c7 05 3f 31 01 00 00 00
0x00007ffc858e6b77:   00 00 48 83 c4 20 5b c3 cc 40 53 48 83 ec 20 48 


Stack slot to memory mapping:
stack at sp + 0 slots: 0x0 is NULL
stack at sp + 1 slots: 0x000001e75c22b950 points into unknown readable memory: 0xfe424b3cf4d7b668 | 68 b6 d7 f4 3c 4b 42 fe
stack at sp + 2 slots: 0x00007ffc6b422940 jvm.dll
stack at sp + 3 slots: 0x00007ffc858e4354 glass.dll
stack at sp + 4 slots: 0x000001e75c22b958 points into unknown readable memory: 0x00008c23c2d7b657 | 57 b6 d7 c2 23 8c 00 00
stack at sp + 5 slots: 0x00007ffc94ca42d6 ucrtbase.dll
stack at sp + 6 slots: 0x00008c23c2d7b657 is an unknown value
stack at sp + 7 slots: 0x000001e700000000 is an unknown value

VM_Operation (0x000000c2b41ff170): Exit, mode: safepoint, requested by thread 0x000001e75b9d6d50


---------------  P R O C E S S  ---------------

Threads class SMR info:
_java_thread_list=0x000001e75cb47cf0, length=21, elements={
0x000001e7370ccf80, 0x000001e75a40c070, 0x000001e75a40cce0, 0x000001e75a422d70,
0x000001e75a423720, 0x000001e75a4242e0, 0x000001e75a4256b0, 0x000001e75a42c6d0,
0x000001e75a436da0, 0x000001e75a43fbb0, 0x000001e75a3f7240, 0x000001e75bf3f150,
0x000001e75befd0e0, 0x000001e75c2d2de0, 0x000001e75c045fe0, 0x000001e75c286fa0,
0x000001e75c167010, 0x000001e75c15c570, 0x000001e75b9d7220, 0x000001e75b9d8090,
0x000001e75b9d6d50
}

Java Threads: ( => current thread )
  0x000001e7370ccf80 JavaThread "main" [_thread_blocked, id=13304, stack(0x000000c2b3000000,0x000000c2b3100000)]
  0x000001e75a40c070 JavaThread "Reference Handler" daemon [_thread_blocked, id=13808, stack(0x000000c2b3700000,0x000000c2b3800000)]
  0x000001e75a40cce0 JavaThread "Finalizer" daemon [_thread_blocked, id=15132, stack(0x000000c2b3800000,0x000000c2b3900000)]
  0x000001e75a422d70 JavaThread "Signal Dispatcher" daemon [_thread_blocked, id=7948, stack(0x000000c2b3900000,0x000000c2b3a00000)]
  0x000001e75a423720 JavaThread "Attach Listener" daemon [_thread_blocked, id=640, stack(0x000000c2b3a00000,0x000000c2b3b00000)]
  0x000001e75a4242e0 JavaThread "Service Thread" daemon [_thread_blocked, id=1736, stack(0x000000c2b3b00000,0x000000c2b3c00000)]
  0x000001e75a4256b0 JavaThread "Monitor Deflation Thread" daemon [_thread_blocked, id=8528, stack(0x000000c2b3c00000,0x000000c2b3d00000)]
  0x000001e75a42c6d0 JavaThread "C2 CompilerThread0" daemon [_thread_blocked, id=2004, stack(0x000000c2b3d00000,0x000000c2b3e00000)]
  0x000001e75a436da0 JavaThread "C1 CompilerThread0" daemon [_thread_blocked, id=14328, stack(0x000000c2b3e00000,0x000000c2b3f00000)]
  0x000001e75a43fbb0 JavaThread "Sweeper thread" daemon [_thread_blocked, id=13500, stack(0x000000c2b3f00000,0x000000c2b4000000)]
  0x000001e75a3f7240 JavaThread "Common-Cleaner" daemon [_thread_blocked, id=9300, stack(0x000000c2b4000000,0x000000c2b4100000)]
  0x000001e75bf3f150 JavaThread "Monitor Ctrl-Break" daemon [_thread_in_native, id=15104, stack(0x000000c2b4a00000,0x000000c2b4b00000)]
  0x000001e75befd0e0 JavaThread "Notification Thread" daemon [_thread_blocked, id=2884, stack(0x000000c2b4b00000,0x000000c2b4c00000)]
  0x000001e75c2d2de0 JavaThread "QuantumRenderer-0" daemon [_thread_blocked, id=11280, stack(0x000000c2b4900000,0x000000c2b4a00000)]
  0x000001e75c045fe0 JavaThread "InvokeLaterDispatcher" daemon [_thread_blocked, id=5088, stack(0x000000c2b4800000,0x000000c2b4900000)]
  0x000001e75c286fa0 JavaThread "JavaFX Application Thread" [_thread_in_native, id=11384, stack(0x000000c2b4f00000,0x000000c2b5000000)]
  0x000001e75c167010 JavaThread "Thread-1" daemon [_thread_in_native, id=2820, stack(0x000000c2b4500000,0x000000c2b4600000)]
  0x000001e75c15c570 JavaThread "JavaFX-Launcher" [_thread_blocked, id=5104, stack(0x000000c2b4600000,0x000000c2b4700000)]
  0x000001e75b9d7220 JavaThread "Prism Font Disposer" daemon [_thread_blocked, id=11188, stack(0x000000c2b6000000,0x000000c2b6100000)]
  0x000001e75b9d8090 JavaThread "Cleaner-0" daemon [_thread_blocked, id=13848, stack(0x000000c2b5e00000,0x000000c2b5f00000)]
  0x000001e75b9d6d50 JavaThread "SIGINT handler" daemon [_thread_blocked, id=14816, stack(0x000000c2b4100000,0x000000c2b4200000)]

Other Threads:
=>0x000001e75a405560 VMThread "VM Thread" [stack: 0x000000c2b3600000,0x000000c2b3700000] [id=6848]
  0x000001e73711a4d0 GCTaskThread "GC Thread#0" [stack: 0x000000c2b3100000,0x000000c2b3200000] [id=10504]
  0x000001e75b616190 GCTaskThread "GC Thread#1" [stack: 0x000000c2b5900000,0x000000c2b5a00000] [id=11040]
  0x000001e75c1556a0 GCTaskThread "GC Thread#2" [stack: 0x000000c2b5a00000,0x000000c2b5b00000] [id=1176]
  0x000001e75c30bc50 GCTaskThread "GC Thread#3" [stack: 0x000000c2b5b00000,0x000000c2b5c00000] [id=3440]
  0x000001e75c306460 GCTaskThread "GC Thread#4" [stack: 0x000000c2b5c00000,0x000000c2b5d00000] [id=8220]
  0x000001e75c31c000 GCTaskThread "GC Thread#5" [stack: 0x000000c2b5d00000,0x000000c2b5e00000] [id=9504]
  0x000001e75b4324a0 GCTaskThread "GC Thread#6" [stack: 0x000000c2b6100000,0x000000c2b6200000] [id=3532]
  0x000001e75b347d10 GCTaskThread "GC Thread#7" [stack: 0x000000c2b6200000,0x000000c2b6300000] [id=2444]
  0x000001e75ca54040 GCTaskThread "GC Thread#8" [stack: 0x000000c2b6300000,0x000000c2b6400000] [id=8424]
  0x000001e7620cdcf0 GCTaskThread "GC Thread#9" [stack: 0x000000c2b6400000,0x000000c2b6500000] [id=2624]
  0x000001e7620cdfa0 GCTaskThread "GC Thread#10" [stack: 0x000000c2b6500000,0x000000c2b6600000] [id=3992]
  0x000001e7625de630 GCTaskThread "GC Thread#11" [stack: 0x000000c2b6600000,0x000000c2b6700000] [id=8348]
  0x000001e7625dee40 GCTaskThread "GC Thread#12" [stack: 0x000000c2b6700000,0x000000c2b6800000] [id=12704]
  0x000001e73712aa50 ConcurrentGCThread "G1 Main Marker" terminated
  0x000001e73712bc00 ConcurrentGCThread "G1 Conc#0" [stack: 0x000000c2b3300000,0x000000c2b3400000] [id=10664]
  0x000001e73719ac80 ConcurrentGCThread "G1 Refine#0" terminated
  0x000001e75a2d4b30 ConcurrentGCThread "G1 Service" terminated

Threads with active compile tasks:

VM state: at safepoint (shutting down)

VM Mutex/Monitor currently owned by a thread:  ([mutex/lock_event])
[0x000001e7370c7520] Threads_lock - owner thread: 0x000001e75a405560
[0x000001e7370c7370] Heap_lock - owner thread: 0x000001e75b9d6d50

Heap address: 0x0000000709c00000, size: 3940 MB, Compressed Oops mode: Zero based, Oop shift amount: 3

CDS archive(s) mapped at: [0x0000000800000000-0x0000000800bc0000-0x0000000800bc0000), size 12320768, SharedBaseAddress: 0x0000000800000000, ArchiveRelocationMode: 0.
Compressed class space mapped at: 0x0000000800c00000-0x0000000840c00000, reserved size: 1073741824
Narrow klass base: 0x0000000800000000, Narrow klass shift: 0, Narrow klass range: 0x100000000

GC Precious Log:
 CPUs: 16 total, 16 available
 Memory: 15752M
 Large Page Support: Disabled
 NUMA Support: Disabled
 Compressed Oops: Enabled (Zero based)
 Heap Region Size: 2M
 Heap Min Capacity: 8M
 Heap Initial Capacity: 248M
 Heap Max Capacity: 3940M
 Pre-touch: Disabled
 Parallel Workers: 13
 Concurrent Workers: 3
 Concurrent Refinement Workers: 13
 Periodic GC: Disabled

Heap:
 garbage-first heap   total 253952K, used 20120K [0x0000000709c00000, 0x0000000800000000)
  region size 2048K, 9 young (18432K), 3 survivors (6144K)
 Metaspace       used 15431K, committed 15680K, reserved 1064960K
  class space    used 2141K, committed 2304K, reserved 1048576K

Heap Regions: E=young(eden), S=young(survivor), O=old, HS=humongous(starts), HC=humongous(continues), CS=collection set, F=free, OA=open archive, CA=closed archive, TAMS=top-at-mark-start (previous, next)
|   0|0x0000000709c00000, 0x0000000709e00000, 0x0000000709e00000|100%|HS|  |TAMS 0x0000000709c00000, 0x0000000709c00000| Complete 
|   1|0x0000000709e00000, 0x0000000709fa6000, 0x000000070a000000| 82%| O|  |TAMS 0x0000000709e00000, 0x0000000709e00000| Untracked 
|   2|0x000000070a000000, 0x000000070a000000, 0x000000070a200000|  0%| F|  |TAMS 0x000000070a000000, 0x000000070a000000| Untracked 
|   3|0x000000070a200000, 0x000000070a200000, 0x000000070a400000|  0%| F|  |TAMS 0x000000070a200000, 0x000000070a200000| Untracked 
|   4|0x000000070a400000, 0x000000070a400000, 0x000000070a600000|  0%| F|  |TAMS 0x000000070a400000, 0x000000070a400000| Untracked 
|   5|0x000000070a600000, 0x000000070a600000, 0x000000070a800000|  0%| F|  |TAMS 0x000000070a600000, 0x000000070a600000| Untracked 
|   6|0x000000070a800000, 0x000000070a800000, 0x000000070aa00000|  0%| F|  |TAMS 0x000000070a800000, 0x000000070a800000| Untracked 
|   7|0x000000070aa00000, 0x000000070aa00000, 0x000000070ac00000|  0%| F|  |TAMS 0x000000070aa00000, 0x000000070aa00000| Untracked 
|   8|0x000000070ac00000, 0x000000070ac00000, 0x000000070ae00000|  0%| F|  |TAMS 0x000000070ac00000, 0x000000070ac00000| Untracked 
|   9|0x000000070ae00000, 0x000000070ae00000, 0x000000070b000000|  0%| F|  |TAMS 0x000000070ae00000, 0x000000070ae00000| Untracked 
|  10|0x000000070b000000, 0x000000070b000000, 0x000000070b200000|  0%| F|  |TAMS 0x000000070b000000, 0x000000070b000000| Untracked 
|  11|0x000000070b200000, 0x000000070b200000, 0x000000070b400000|  0%| F|  |TAMS 0x000000070b200000, 0x000000070b200000| Untracked 
|  12|0x000000070b400000, 0x000000070b400000, 0x000000070b600000|  0%| F|  |TAMS 0x000000070b400000, 0x000000070b400000| Untracked 
|  13|0x000000070b600000, 0x000000070b600000, 0x000000070b800000|  0%| F|  |TAMS 0x000000070b600000, 0x000000070b600000| Untracked 
|  14|0x000000070b800000, 0x000000070b800000, 0x000000070ba00000|  0%| F|  |TAMS 0x000000070b800000, 0x000000070b800000| Untracked 
|  15|0x000000070ba00000, 0x000000070ba00000, 0x000000070bc00000|  0%| F|  |TAMS 0x000000070ba00000, 0x000000070ba00000| Untracked 
|  16|0x000000070bc00000, 0x000000070bc00000, 0x000000070be00000|  0%| F|  |TAMS 0x000000070bc00000, 0x000000070bc00000| Untracked 
|  17|0x000000070be00000, 0x000000070be00000, 0x000000070c000000|  0%| F|  |TAMS 0x000000070be00000, 0x000000070be00000| Untracked 
|  18|0x000000070c000000, 0x000000070c000000, 0x000000070c200000|  0%| F|  |TAMS 0x000000070c000000, 0x000000070c000000| Untracked 
|  19|0x000000070c200000, 0x000000070c200000, 0x000000070c400000|  0%| F|  |TAMS 0x000000070c200000, 0x000000070c200000| Untracked 
|  20|0x000000070c400000, 0x000000070c400000, 0x000000070c600000|  0%| F|  |TAMS 0x000000070c400000, 0x000000070c400000| Untracked 
|  21|0x000000070c600000, 0x000000070c600000, 0x000000070c800000|  0%| F|  |TAMS 0x000000070c600000, 0x000000070c600000| Untracked 
|  22|0x000000070c800000, 0x000000070c800000, 0x000000070ca00000|  0%| F|  |TAMS 0x000000070c800000, 0x000000070c800000| Untracked 
|  23|0x000000070ca00000, 0x000000070ca00000, 0x000000070cc00000|  0%| F|  |TAMS 0x000000070ca00000, 0x000000070ca00000| Untracked 
|  24|0x000000070cc00000, 0x000000070cc00000, 0x000000070ce00000|  0%| F|  |TAMS 0x000000070cc00000, 0x000000070cc00000| Untracked 
|  25|0x000000070ce00000, 0x000000070ce00000, 0x000000070d000000|  0%| F|  |TAMS 0x000000070ce00000, 0x000000070ce00000| Untracked 
|  26|0x000000070d000000, 0x000000070d000000, 0x000000070d200000|  0%| F|  |TAMS 0x000000070d000000, 0x000000070d000000| Untracked 
|  27|0x000000070d200000, 0x000000070d200000, 0x000000070d400000|  0%| F|  |TAMS 0x000000070d200000, 0x000000070d200000| Untracked 
|  28|0x000000070d400000, 0x000000070d400000, 0x000000070d600000|  0%| F|  |TAMS 0x000000070d400000, 0x000000070d400000| Untracked 
|  29|0x000000070d600000, 0x000000070d600000, 0x000000070d800000|  0%| F|  |TAMS 0x000000070d600000, 0x000000070d600000| Untracked 
|  30|0x000000070d800000, 0x000000070d800000, 0x000000070da00000|  0%| F|  |TAMS 0x000000070d800000, 0x000000070d800000| Untracked 
|  31|0x000000070da00000, 0x000000070da00000, 0x000000070dc00000|  0%| F|  |TAMS 0x000000070da00000, 0x000000070da00000| Untracked 
|  32|0x000000070dc00000, 0x000000070dc00000, 0x000000070de00000|  0%| F|  |TAMS 0x000000070dc00000, 0x000000070dc00000| Untracked 
|  33|0x000000070de00000, 0x000000070de00000, 0x000000070e000000|  0%| F|  |TAMS 0x000000070de00000, 0x000000070de00000| Untracked 
|  34|0x000000070e000000, 0x000000070e000000, 0x000000070e200000|  0%| F|  |TAMS 0x000000070e000000, 0x000000070e000000| Untracked 
|  35|0x000000070e200000, 0x000000070e200000, 0x000000070e400000|  0%| F|  |TAMS 0x000000070e200000, 0x000000070e200000| Untracked 
|  36|0x000000070e400000, 0x000000070e400000, 0x000000070e600000|  0%| F|  |TAMS 0x000000070e400000, 0x000000070e400000| Untracked 
|  37|0x000000070e600000, 0x000000070e600000, 0x000000070e800000|  0%| F|  |TAMS 0x000000070e600000, 0x000000070e600000| Untracked 
|  38|0x000000070e800000, 0x000000070e800000, 0x000000070ea00000|  0%| F|  |TAMS 0x000000070e800000, 0x000000070e800000| Untracked 
|  39|0x000000070ea00000, 0x000000070ea00000, 0x000000070ec00000|  0%| F|  |TAMS 0x000000070ea00000, 0x000000070ea00000| Untracked 
|  40|0x000000070ec00000, 0x000000070ec00000, 0x000000070ee00000|  0%| F|  |TAMS 0x000000070ec00000, 0x000000070ec00000| Untracked 
|  41|0x000000070ee00000, 0x000000070ee00000, 0x000000070f000000|  0%| F|  |TAMS 0x000000070ee00000, 0x000000070ee00000| Untracked 
|  42|0x000000070f000000, 0x000000070f000000, 0x000000070f200000|  0%| F|  |TAMS 0x000000070f000000, 0x000000070f000000| Untracked 
|  43|0x000000070f200000, 0x000000070f200000, 0x000000070f400000|  0%| F|  |TAMS 0x000000070f200000, 0x000000070f200000| Untracked 
|  44|0x000000070f400000, 0x000000070f400000, 0x000000070f600000|  0%| F|  |TAMS 0x000000070f400000, 0x000000070f400000| Untracked 
|  45|0x000000070f600000, 0x000000070f600000, 0x000000070f800000|  0%| F|  |TAMS 0x000000070f600000, 0x000000070f600000| Untracked 
|  46|0x000000070f800000, 0x000000070f800000, 0x000000070fa00000|  0%| F|  |TAMS 0x000000070f800000, 0x000000070f800000| Untracked 
|  47|0x000000070fa00000, 0x000000070fa00000, 0x000000070fc00000|  0%| F|  |TAMS 0x000000070fa00000, 0x000000070fa00000| Untracked 
|  48|0x000000070fc00000, 0x000000070fc00000, 0x000000070fe00000|  0%| F|  |TAMS 0x000000070fc00000, 0x000000070fc00000| Untracked 
|  49|0x000000070fe00000, 0x000000070fe00000, 0x0000000710000000|  0%| F|  |TAMS 0x000000070fe00000, 0x000000070fe00000| Untracked 
|  50|0x0000000710000000, 0x0000000710000000, 0x0000000710200000|  0%| F|  |TAMS 0x0000000710000000, 0x0000000710000000| Untracked 
|  51|0x0000000710200000, 0x0000000710200000, 0x0000000710400000|  0%| F|  |TAMS 0x0000000710200000, 0x0000000710200000| Untracked 
|  52|0x0000000710400000, 0x0000000710400000, 0x0000000710600000|  0%| F|  |TAMS 0x0000000710400000, 0x0000000710400000| Untracked 
|  53|0x0000000710600000, 0x0000000710600000, 0x0000000710800000|  0%| F|  |TAMS 0x0000000710600000, 0x0000000710600000| Untracked 
|  54|0x0000000710800000, 0x0000000710800000, 0x0000000710a00000|  0%| F|  |TAMS 0x0000000710800000, 0x0000000710800000| Untracked 
|  55|0x0000000710a00000, 0x0000000710a00000, 0x0000000710c00000|  0%| F|  |TAMS 0x0000000710a00000, 0x0000000710a00000| Untracked 
|  56|0x0000000710c00000, 0x0000000710c00000, 0x0000000710e00000|  0%| F|  |TAMS 0x0000000710c00000, 0x0000000710c00000| Untracked 
|  57|0x0000000710e00000, 0x0000000710e00000, 0x0000000711000000|  0%| F|  |TAMS 0x0000000710e00000, 0x0000000710e00000| Untracked 
|  58|0x0000000711000000, 0x0000000711000000, 0x0000000711200000|  0%| F|  |TAMS 0x0000000711000000, 0x0000000711000000| Untracked 
|  59|0x0000000711200000, 0x0000000711200000, 0x0000000711400000|  0%| F|  |TAMS 0x0000000711200000, 0x0000000711200000| Untracked 
|  60|0x0000000711400000, 0x0000000711400000, 0x0000000711600000|  0%| F|  |TAMS 0x0000000711400000, 0x0000000711400000| Untracked 
|  61|0x0000000711600000, 0x0000000711600000, 0x0000000711800000|  0%| F|  |TAMS 0x0000000711600000, 0x0000000711600000| Untracked 
|  62|0x0000000711800000, 0x0000000711800000, 0x0000000711a00000|  0%| F|  |TAMS 0x0000000711800000, 0x0000000711800000| Untracked 
|  63|0x0000000711a00000, 0x0000000711a00000, 0x0000000711c00000|  0%| F|  |TAMS 0x0000000711a00000, 0x0000000711a00000| Untracked 
|  64|0x0000000711c00000, 0x0000000711c00000, 0x0000000711e00000|  0%| F|  |TAMS 0x0000000711c00000, 0x0000000711c00000| Untracked 
|  65|0x0000000711e00000, 0x0000000711e00000, 0x0000000712000000|  0%| F|  |TAMS 0x0000000711e00000, 0x0000000711e00000| Untracked 
|  66|0x0000000712000000, 0x0000000712000000, 0x0000000712200000|  0%| F|  |TAMS 0x0000000712000000, 0x0000000712000000| Untracked 
|  67|0x0000000712200000, 0x0000000712200000, 0x0000000712400000|  0%| F|  |TAMS 0x0000000712200000, 0x0000000712200000| Untracked 
|  68|0x0000000712400000, 0x0000000712400000, 0x0000000712600000|  0%| F|  |TAMS 0x0000000712400000, 0x0000000712400000| Untracked 
|  69|0x0000000712600000, 0x0000000712600000, 0x0000000712800000|  0%| F|  |TAMS 0x0000000712600000, 0x0000000712600000| Untracked 
|  70|0x0000000712800000, 0x0000000712800000, 0x0000000712a00000|  0%| F|  |TAMS 0x0000000712800000, 0x0000000712800000| Untracked 
|  71|0x0000000712a00000, 0x0000000712a00000, 0x0000000712c00000|  0%| F|  |TAMS 0x0000000712a00000, 0x0000000712a00000| Untracked 
|  72|0x0000000712c00000, 0x0000000712c00000, 0x0000000712e00000|  0%| F|  |TAMS 0x0000000712c00000, 0x0000000712c00000| Untracked 
|  73|0x0000000712e00000, 0x0000000712e00000, 0x0000000713000000|  0%| F|  |TAMS 0x0000000712e00000, 0x0000000712e00000| Untracked 
|  74|0x0000000713000000, 0x0000000713000000, 0x0000000713200000|  0%| F|  |TAMS 0x0000000713000000, 0x0000000713000000| Untracked 
|  75|0x0000000713200000, 0x0000000713200000, 0x0000000713400000|  0%| F|  |TAMS 0x0000000713200000, 0x0000000713200000| Untracked 
|  76|0x0000000713400000, 0x0000000713400000, 0x0000000713600000|  0%| F|  |TAMS 0x0000000713400000, 0x0000000713400000| Untracked 
|  77|0x0000000713600000, 0x0000000713600000, 0x0000000713800000|  0%| F|  |TAMS 0x0000000713600000, 0x0000000713600000| Untracked 
|  78|0x0000000713800000, 0x0000000713800000, 0x0000000713a00000|  0%| F|  |TAMS 0x0000000713800000, 0x0000000713800000| Untracked 
|  79|0x0000000713a00000, 0x0000000713a00000, 0x0000000713c00000|  0%| F|  |TAMS 0x0000000713a00000, 0x0000000713a00000| Untracked 
|  80|0x0000000713c00000, 0x0000000713c00000, 0x0000000713e00000|  0%| F|  |TAMS 0x0000000713c00000, 0x0000000713c00000| Untracked 
|  81|0x0000000713e00000, 0x0000000713e00000, 0x0000000714000000|  0%| F|  |TAMS 0x0000000713e00000, 0x0000000713e00000| Untracked 
|  82|0x0000000714000000, 0x0000000714000000, 0x0000000714200000|  0%| F|  |TAMS 0x0000000714000000, 0x0000000714000000| Untracked 
|  83|0x0000000714200000, 0x0000000714200000, 0x0000000714400000|  0%| F|  |TAMS 0x0000000714200000, 0x0000000714200000| Untracked 
|  84|0x0000000714400000, 0x0000000714400000, 0x0000000714600000|  0%| F|  |TAMS 0x0000000714400000, 0x0000000714400000| Untracked 
|  85|0x0000000714600000, 0x0000000714600000, 0x0000000714800000|  0%| F|  |TAMS 0x0000000714600000, 0x0000000714600000| Untracked 
|  86|0x0000000714800000, 0x0000000714800000, 0x0000000714a00000|  0%| F|  |TAMS 0x0000000714800000, 0x0000000714800000| Untracked 
|  87|0x0000000714a00000, 0x0000000714a00000, 0x0000000714c00000|  0%| F|  |TAMS 0x0000000714a00000, 0x0000000714a00000| Untracked 
|  88|0x0000000714c00000, 0x0000000714c00000, 0x0000000714e00000|  0%| F|  |TAMS 0x0000000714c00000, 0x0000000714c00000| Untracked 
|  89|0x0000000714e00000, 0x0000000714e00000, 0x0000000715000000|  0%| F|  |TAMS 0x0000000714e00000, 0x0000000714e00000| Untracked 
|  90|0x0000000715000000, 0x0000000715000000, 0x0000000715200000|  0%| F|  |TAMS 0x0000000715000000, 0x0000000715000000| Untracked 
|  91|0x0000000715200000, 0x0000000715200000, 0x0000000715400000|  0%| F|  |TAMS 0x0000000715200000, 0x0000000715200000| Untracked 
|  92|0x0000000715400000, 0x0000000715400000, 0x0000000715600000|  0%| F|  |TAMS 0x0000000715400000, 0x0000000715400000| Untracked 
|  93|0x0000000715600000, 0x0000000715600000, 0x0000000715800000|  0%| F|  |TAMS 0x0000000715600000, 0x0000000715600000| Untracked 
|  94|0x0000000715800000, 0x0000000715800000, 0x0000000715a00000|  0%| F|  |TAMS 0x0000000715800000, 0x0000000715800000| Untracked 
|  95|0x0000000715a00000, 0x0000000715a00000, 0x0000000715c00000|  0%| F|  |TAMS 0x0000000715a00000, 0x0000000715a00000| Untracked 
|  96|0x0000000715c00000, 0x0000000715c00000, 0x0000000715e00000|  0%| F|  |TAMS 0x0000000715c00000, 0x0000000715c00000| Untracked 
|  97|0x0000000715e00000, 0x0000000715e00000, 0x0000000716000000|  0%| F|  |TAMS 0x0000000715e00000, 0x0000000715e00000| Untracked 
|  98|0x0000000716000000, 0x0000000716000000, 0x0000000716200000|  0%| F|  |TAMS 0x0000000716000000, 0x0000000716000000| Untracked 
|  99|0x0000000716200000, 0x0000000716200000, 0x0000000716400000|  0%| F|  |TAMS 0x0000000716200000, 0x0000000716200000| Untracked 
| 100|0x0000000716400000, 0x0000000716400000, 0x0000000716600000|  0%| F|  |TAMS 0x0000000716400000, 0x0000000716400000| Untracked 
| 101|0x0000000716600000, 0x0000000716800000, 0x0000000716800000|100%| S|CS|TAMS 0x0000000716600000, 0x0000000716600000| Complete 
| 102|0x0000000716800000, 0x0000000716a00000, 0x0000000716a00000|100%| S|CS|TAMS 0x0000000716800000, 0x0000000716800000| Complete 
| 103|0x0000000716a00000, 0x0000000716c00000, 0x0000000716c00000|100%| S|CS|TAMS 0x0000000716a00000, 0x0000000716a00000| Complete 
| 104|0x0000000716c00000, 0x0000000716c00000, 0x0000000716e00000|  0%| F|  |TAMS 0x0000000716c00000, 0x0000000716c00000| Untracked 
| 105|0x0000000716e00000, 0x0000000716e00000, 0x0000000717000000|  0%| F|  |TAMS 0x0000000716e00000, 0x0000000716e00000| Untracked 
| 106|0x0000000717000000, 0x0000000717000000, 0x0000000717200000|  0%| F|  |TAMS 0x0000000717000000, 0x0000000717000000| Untracked 
| 107|0x0000000717200000, 0x0000000717200000, 0x0000000717400000|  0%| F|  |TAMS 0x0000000717200000, 0x0000000717200000| Untracked 
| 108|0x0000000717400000, 0x0000000717400000, 0x0000000717600000|  0%| F|  |TAMS 0x0000000717400000, 0x0000000717400000| Untracked 
| 109|0x0000000717600000, 0x0000000717600000, 0x0000000717800000|  0%| F|  |TAMS 0x0000000717600000, 0x0000000717600000| Untracked 
| 110|0x0000000717800000, 0x0000000717800000, 0x0000000717a00000|  0%| F|  |TAMS 0x0000000717800000, 0x0000000717800000| Untracked 
| 111|0x0000000717a00000, 0x0000000717a00000, 0x0000000717c00000|  0%| F|  |TAMS 0x0000000717a00000, 0x0000000717a00000| Untracked 
| 112|0x0000000717c00000, 0x0000000717c00000, 0x0000000717e00000|  0%| F|  |TAMS 0x0000000717c00000, 0x0000000717c00000| Untracked 
| 113|0x0000000717e00000, 0x0000000717e00000, 0x0000000718000000|  0%| F|  |TAMS 0x0000000717e00000, 0x0000000717e00000| Untracked 
| 114|0x0000000718000000, 0x0000000718000000, 0x0000000718200000|  0%| F|  |TAMS 0x0000000718000000, 0x0000000718000000| Untracked 
| 115|0x0000000718200000, 0x0000000718200000, 0x0000000718400000|  0%| F|  |TAMS 0x0000000718200000, 0x0000000718200000| Untracked 
| 116|0x0000000718400000, 0x0000000718400000, 0x0000000718600000|  0%| F|  |TAMS 0x0000000718400000, 0x0000000718400000| Untracked 
| 117|0x0000000718600000, 0x0000000718600000, 0x0000000718800000|  0%| F|  |TAMS 0x0000000718600000, 0x0000000718600000| Untracked 
| 118|0x0000000718800000, 0x00000007188b6470, 0x0000000718a00000| 35%| E|  |TAMS 0x0000000718800000, 0x0000000718800000| Complete 
| 119|0x0000000718a00000, 0x0000000718c00000, 0x0000000718c00000|100%| E|CS|TAMS 0x0000000718a00000, 0x0000000718a00000| Complete 
| 120|0x0000000718c00000, 0x0000000718e00000, 0x0000000718e00000|100%| E|CS|TAMS 0x0000000718c00000, 0x0000000718c00000| Complete 
| 121|0x0000000718e00000, 0x0000000719000000, 0x0000000719000000|100%| E|CS|TAMS 0x0000000718e00000, 0x0000000718e00000| Complete 
| 122|0x0000000719000000, 0x0000000719200000, 0x0000000719200000|100%| E|CS|TAMS 0x0000000719000000, 0x0000000719000000| Complete 
| 123|0x0000000719200000, 0x0000000719400000, 0x0000000719400000|100%| E|CS|TAMS 0x0000000719200000, 0x0000000719200000| Complete 

Card table byte_map: [0x000001e74e910000,0x000001e74f0d0000] _byte_map_base: 0x000001e74b0c2000

Marking Bits (Prev, Next): (CMBitMap*) 0x000001e73711aae0, (CMBitMap*) 0x000001e73711ab20
 Prev Bits: [0x000001e74f890000, 0x000001e753620000)
 Next Bits: [0x000001e753620000, 0x000001e7573b0000)

Polling page: 0x000001e734e30000

Metaspace:

Usage:
  Non-class:     12.98 MB used.
      Class:      2.09 MB used.
       Both:     15.07 MB used.

Virtual space:
  Non-class space:       16.00 MB reserved,      13.06 MB ( 82%) committed,  2 nodes.
      Class space:        1.00 GB reserved,       2.25 MB ( <1%) committed,  1 nodes.
             Both:        1.02 GB reserved,      15.31 MB (  1%) committed. 

Chunk freelists:
   Non-Class:  2.94 MB
       Class:  1.79 MB
        Both:  4.72 MB

MaxMetaspaceSize: unlimited
CompressedClassSpaceSize: 1.00 GB
Initial GC threshold: 21.00 MB
Current GC threshold: 21.00 MB
CDS: on
MetaspaceReclaimPolicy: balanced
 - commit_granule_bytes: 65536.
 - commit_granule_words: 8192.
 - virtual_space_node_default_size: 1048576.
 - enlarge_chunks_in_place: 1.
 - new_chunks_are_fully_committed: 0.
 - uncommit_free_chunks: 1.
 - use_allocation_guard: 0.
 - handle_deallocations: 1.


Internal statistics:

num_allocs_failed_limit: 0.
num_arena_births: 204.
num_arena_deaths: 0.
num_vsnodes_births: 3.
num_vsnodes_deaths: 0.
num_space_committed: 245.
num_space_uncommitted: 0.
num_chunks_returned_to_freelist: 0.
num_chunks_taken_from_freelist: 699.
num_chunk_merges: 0.
num_chunk_splits: 463.
num_chunks_enlarged: 359.
num_purges: 0.
num_inconsistent_stats: 0.

CodeHeap 'non-profiled nmethods': size=119168Kb used=1116Kb max_used=1116Kb free=118051Kb
 bounds [0x000001e746470000, 0x000001e7466e0000, 0x000001e74d8d0000]
CodeHeap 'profiled nmethods': size=119104Kb used=5478Kb max_used=5478Kb free=113625Kb
 bounds [0x000001e73f020000, 0x000001e73f580000, 0x000001e746470000]
CodeHeap 'non-nmethods': size=7488Kb used=1415Kb max_used=3170Kb free=6072Kb
 bounds [0x000001e73e8d0000, 0x000001e73ebf0000, 0x000001e73f020000]
 total_blobs=3629 nmethods=2855 adapters=685
 compilation: enabled
              stopped_count=0, restarted_count=0
 full_count=0

Compilation events (20 events):
Event: 21.075 Thread 0x000001e75c92f1b0 2851       3       com.sun.javafx.collections.VetoableListDecorator$VetoableIteratorDecorator::checkForComodification (25 bytes)
Event: 21.075 Thread 0x000001e75c92f1b0 nmethod 2851 0x000001e73f56f590 code [0x000001e73f56f740, 0x000001e73f56fa28]
Event: 21.117 Thread 0x000001e75c92f1b0 2852       3       java.util.AbstractList::iterator (9 bytes)
Event: 21.117 Thread 0x000001e75c92f1b0 nmethod 2852 0x000001e73f56fb90 code [0x000001e73f56fd40, 0x000001e73f56ffd8]
Event: 21.179 Thread 0x000001e75a436da0 2853       3       com.sun.javafx.collections.VetoableListDecorator$VetoableIteratorDecorator::hasNext (14 bytes)
Event: 21.180 Thread 0x000001e75a436da0 nmethod 2853 0x000001e73f570110 code [0x000001e73f5702e0, 0x000001e73f5706f8]
Event: 21.194 Thread 0x000001e75c92f1b0 2854       3       com.sun.javafx.scene.NodeHelper::pickNodeLocalImpl (12 bytes)
Event: 21.194 Thread 0x000001e75a436da0 2855       3       javafx.scene.Node$1::doPickNodeLocal (7 bytes)
Event: 21.194 Thread 0x000001e75a436da0 nmethod 2855 0x000001e73f570910 code [0x000001e73f570ac0, 0x000001e73f570c68]
Event: 21.194 Thread 0x000001e75c92f1b0 nmethod 2854 0x000001e73f570d90 code [0x000001e73f570f40, 0x000001e73f5711a8]
Event: 21.194 Thread 0x000001e75c92f1b0 2856       3       javafx.scene.Node::doPickNodeLocal (8 bytes)
Event: 21.194 Thread 0x000001e75a436da0 2857       3       javafx.scene.Node::preprocessMouseEvent (114 bytes)
Event: 21.194 Thread 0x000001e75c92f1b0 nmethod 2856 0x000001e73f571310 code [0x000001e73f5714a0, 0x000001e73f5715e8]
Event: 21.197 Thread 0x000001e75a436da0 nmethod 2857 0x000001e73f571690 code [0x000001e73f571a60, 0x000001e73f573b28]
Event: 21.201 Thread 0x000001e75c92f1b0 2858       3       javafx.scene.Node::getViewOrder (19 bytes)
Event: 21.202 Thread 0x000001e75c92f1b0 nmethod 2858 0x000001e73f574390 code [0x000001e73f574560, 0x000001e73f574a08]
Event: 21.242 Thread 0x000001e75c92f1b0 2859       3       com.sun.javafx.scene.EnteredExitedHandler::dispatchBubblingEvent (204 bytes)
Event: 21.244 Thread 0x000001e75c92f1b0 nmethod 2859 0x000001e73f574b90 code [0x000001e73f574fa0, 0x000001e73f5775f8]
Event: 21.634 Thread 0x000001e75a436da0 2860       3       com.sun.javafx.tk.quantum.QuantumToolkit::isSupported (142 bytes)
Event: 21.635 Thread 0x000001e75a436da0 nmethod 2860 0x000001e73f577e10 code [0x000001e73f578120, 0x000001e73f5792b8]

GC Heap History (4 events):
Event: 0.847 GC heap before
{Heap before GC invocations=0 (full 0):
 garbage-first heap   total 253952K, used 20480K [0x0000000709c00000, 0x0000000800000000)
  region size 2048K, 11 young (22528K), 0 survivors (0K)
 Metaspace       used 5080K, committed 5248K, reserved 1056768K
  class space    used 597K, committed 704K, reserved 1048576K
}
Event: 0.852 GC heap after
{Heap after GC invocations=1 (full 0):
 garbage-first heap   total 253952K, used 2879K [0x0000000709c00000, 0x0000000800000000)
  region size 2048K, 2 young (4096K), 2 survivors (4096K)
 Metaspace       used 5080K, committed 5248K, reserved 1056768K
  class space    used 597K, committed 704K, reserved 1048576K
}
Event: 1.796 GC heap before
{Heap before GC invocations=1 (full 0):
 garbage-first heap   total 253952K, used 41791K [0x0000000709c00000, 0x0000000800000000)
  region size 2048K, 20 young (40960K), 2 survivors (4096K)
 Metaspace       used 14257K, committed 14464K, reserved 1064960K
  class space    used 2085K, committed 2176K, reserved 1048576K
}
Event: 1.804 GC heap after
{Heap after GC invocations=2 (full 0):
 garbage-first heap   total 253952K, used 9880K [0x0000000709c00000, 0x0000000800000000)
  region size 2048K, 3 young (6144K), 3 survivors (6144K)
 Metaspace       used 14257K, committed 14464K, reserved 1064960K
  class space    used 2085K, committed 2176K, reserved 1048576K
}

Deoptimization events (20 events):
Event: 5.506 Thread 0x000001e75c2d2de0 DEOPT PACKING pc=0x000001e73f37ca38 sp=0x000000c2b49fde60
Event: 5.506 Thread 0x000001e75c2d2de0 DEOPT UNPACKING pc=0x000001e73e922b43 sp=0x000000c2b49fd218 mode 0
Event: 5.692 Thread 0x000001e75c2d2de0 DEOPT PACKING pc=0x000001e73f37ca38 sp=0x000000c2b49fdd20
Event: 5.692 Thread 0x000001e75c2d2de0 DEOPT UNPACKING pc=0x000001e73e922b43 sp=0x000000c2b49fd0d8 mode 0
Event: 5.842 Thread 0x000001e75c2d2de0 DEOPT PACKING pc=0x000001e73f37c989 sp=0x000000c2b49fde60
Event: 5.842 Thread 0x000001e75c2d2de0 DEOPT UNPACKING pc=0x000001e73e922b43 sp=0x000000c2b49fd310 mode 0
Event: 5.842 Thread 0x000001e75c2d2de0 DEOPT PACKING pc=0x000001e73f37ca38 sp=0x000000c2b49fde60
Event: 5.842 Thread 0x000001e75c2d2de0 DEOPT UNPACKING pc=0x000001e73e922b43 sp=0x000000c2b49fd218 mode 0
Event: 5.842 Thread 0x000001e75c2d2de0 DEOPT PACKING pc=0x000001e73f37c989 sp=0x000000c2b49fde60
Event: 5.842 Thread 0x000001e75c2d2de0 DEOPT UNPACKING pc=0x000001e73e922b43 sp=0x000000c2b49fd310 mode 0
Event: 5.842 Thread 0x000001e75c2d2de0 DEOPT PACKING pc=0x000001e73f37ca38 sp=0x000000c2b49fde60
Event: 5.842 Thread 0x000001e75c2d2de0 DEOPT UNPACKING pc=0x000001e73e922b43 sp=0x000000c2b49fd218 mode 0
Event: 5.842 Thread 0x000001e75c2d2de0 DEOPT PACKING pc=0x000001e73f37c989 sp=0x000000c2b49fde60
Event: 5.842 Thread 0x000001e75c2d2de0 DEOPT UNPACKING pc=0x000001e73e922b43 sp=0x000000c2b49fd310 mode 0
Event: 5.842 Thread 0x000001e75c2d2de0 DEOPT PACKING pc=0x000001e73f37c989 sp=0x000000c2b49fde60
Event: 5.842 Thread 0x000001e75c2d2de0 DEOPT UNPACKING pc=0x000001e73e922b43 sp=0x000000c2b49fd310 mode 0
Event: 5.842 Thread 0x000001e75c2d2de0 DEOPT PACKING pc=0x000001e73f37ca38 sp=0x000000c2b49fde60
Event: 5.842 Thread 0x000001e75c2d2de0 DEOPT UNPACKING pc=0x000001e73e922b43 sp=0x000000c2b49fd218 mode 0
Event: 6.351 Thread 0x000001e75c2d2de0 DEOPT PACKING pc=0x000001e73f3e5b4a sp=0x000000c2b49fdf80
Event: 6.351 Thread 0x000001e75c2d2de0 DEOPT UNPACKING pc=0x000001e73e922b43 sp=0x000000c2b49fd3b8 mode 0

Classes unloaded (0 events):
No events

Classes redefined (0 events):
No events

Internal exceptions (20 events):
Event: 1.277 Thread 0x000001e75c286fa0 Exception <a 'java/io/FileNotFoundException'{0x00000007180a43f8}> (0x00000007180a43f8) 
thrown [t:\workspace\open\src\hotspot\share\prims\jni.cpp, line 516]
Event: 1.277 Thread 0x000001e75c286fa0 Exception <a 'java/io/FileNotFoundException'{0x00000007180a5458}> (0x00000007180a5458) 
thrown [t:\workspace\open\src\hotspot\share\prims\jni.cpp, line 516]
Event: 1.361 Thread 0x000001e75c286fa0 Implicit null exception at 0x000001e7464daaae to 0x000001e7464db2b0
Event: 1.364 Thread 0x000001e75c286fa0 Implicit null exception at 0x000001e7464d9392 to 0x000001e7464d9a20
Event: 1.365 Thread 0x000001e75c286fa0 Implicit null exception at 0x000001e74648738f to 0x000001e746487409
Event: 1.511 Thread 0x000001e75c286fa0 Exception <a 'java/lang/ClassNotFoundException'{0x00000007177a0478}: com/sun/javafx/scene/control/skin/resources/controls> (0x00000007177a0478) 
thrown [t:\workspace\open\src\hotspot\share\prims\jni.cpp, line 535]
Event: 1.512 Thread 0x000001e75c286fa0 Exception <a 'java/lang/ClassNotFoundException'{0x00000007177adf78}: com/sun/javafx/scene/control/skin/resources/controls_ru> (0x00000007177adf78) 
thrown [t:\workspace\open\src\hotspot\share\prims\jni.cpp, line 535]
Event: 1.513 Thread 0x000001e75c286fa0 Exception <a 'java/lang/ClassNotFoundException'{0x00000007177af208}: com/sun/javafx/scene/control/skin/resources/controls_ru_RU> (0x00000007177af208) 
thrown [t:\workspace\open\src\hotspot\share\prims\jni.cpp, line 535]
Event: 1.572 Thread 0x000001e75c286fa0 Exception <a 'java/lang/NoSuchMethodError'{0x000000071756e780}: 'void java.lang.invoke.DirectMethodHandle$Holder.invokeSpecial(java.lang.Object, java.lang.Object, java.lang.Object, java.lang.Object, java.lang.Object, java.lang.Object)'> (0x000000071756e780) 
thrown [t:\workspace\open\src\hotspot\share\interpreter\linkResolver.cpp, line 766]
Event: 1.624 Thread 0x000001e75c286fa0 Exception <a 'java/lang/NoSuchMethodError'{0x0000000717070be8}: 'java.lang.Object java.lang.invoke.DirectMethodHandle$Holder.invokeInterface(java.lang.Object, java.lang.Object, java.lang.Object)'> (0x0000000717070be8) 
thrown [t:\workspace\open\src\hotspot\share\interpreter\linkResolver.cpp, line 766]
Event: 1.624 Thread 0x000001e75c286fa0 Exception <a 'java/lang/IncompatibleClassChangeError'{0x0000000717074570}: Found class java.lang.Object, but interface was expected> (0x0000000717074570) 
thrown [t:\workspace\open\src\hotspot\share\interpreter\linkResolver.cpp, line 833]
Event: 1.698 Thread 0x000001e75c286fa0 Exception <a 'java/lang/NoSuchMethodError'{0x0000000716e0fa00}: 'java.lang.Object java.lang.invoke.DirectMethodHandle$Holder.newInvokeSpecial(java.lang.Object, java.lang.Object, int)'> (0x0000000716e0fa00) 
thrown [t:\workspace\open\src\hotspot\share\interpreter\linkResolver.cpp, line 766]
Event: 1.733 Thread 0x000001e75c2d2de0 Exception <a 'java/lang/NoSuchMethodError'{0x0000000716f3c118}: 'int java.lang.invoke.DirectMethodHandle$Holder.invokeStaticInit(java.lang.Object, java.lang.Object)'> (0x0000000716f3c118) 
thrown [t:\workspace\open\src\hotspot\share\interpreter\linkResolver.cpp, line 766]
Event: 1.743 Thread 0x000001e75c286fa0 Exception <a 'java/lang/NoSuchMethodError'{0x0000000716f87798}: 'long java.lang.invoke.DirectMethodHandle$Holder.invokeStatic(java.lang.Object, java.lang.Object, java.lang.Object)'> (0x0000000716f87798) 
thrown [t:\workspace\open\src\hotspot\share\interpreter\linkResolver.cpp, line 766]
Event: 1.744 Thread 0x000001e75c286fa0 Exception <a 'java/lang/NoSuchMethodError'{0x0000000716f8af40}: 'long java.lang.invoke.DirectMethodHandle$Holder.invokeStaticInit(java.lang.Object, java.lang.Object, java.lang.Object)'> (0x0000000716f8af40) 
thrown [t:\workspace\open\src\hotspot\share\interpreter\linkResolver.cpp, line 766]
Event: 1.747 Thread 0x000001e75c286fa0 Exception <a 'java/lang/NoSuchMethodError'{0x0000000716fa2b48}: 'java.lang.Object java.lang.invoke.DirectMethodHandle$Holder.newInvokeSpecial(java.lang.Object, java.lang.Object, long)'> (0x0000000716fa2b48) 
thrown [t:\workspace\open\src\hotspot\share\interpreter\linkResolver.cpp, line 766]
Event: 1.748 Thread 0x000001e75c286fa0 Exception <a 'java/lang/NoSuchMethodError'{0x0000000716fa66b8}: 'java.lang.Object java.lang.invoke.Invokers$Holder.linkToTargetMethod(java.lang.Object, long, java.lang.Object)'> (0x0000000716fa66b8) 
thrown [t:\workspace\open\src\hotspot\share\interpreter\linkResolver.cpp, line 766]
Event: 7.445 Thread 0x000001e75c286fa0 Exception <a 'java/lang/NoSuchMethodError'{0x0000000718c45428}: 'java.lang.Object java.lang.invoke.DirectMethodHandle$Holder.newInvokeSpecial(java.lang.Object, java.lang.Object, int, int, int, int, int, java.lang.Object)'> (0x0000000718c45428) 
thrown [t:\workspace\open\src\hotspot\share\interpreter\linkResolver.cpp, line 766]
Event: 7.451 Thread 0x000001e75c286fa0 Exception <a 'java/lang/NoSuchMethodError'{0x0000000718c58958}: 'java.lang.Object java.lang.invoke.DirectMethodHandle$Holder.newInvokeSpecial(java.lang.Object, java.lang.Object, java.lang.Object, int, int, int, int, int)'> (0x0000000718c58958) 
thrown [t:\workspace\open\src\hotspot\share\interpreter\linkResolver.cpp, line 766]
Event: 7.453 Thread 0x000001e75c286fa0 Exception <a 'java/lang/NoSuchMethodError'{0x0000000718c60708}: 'java.lang.Object java.lang.invoke.Invokers$Holder.linkToTargetMethod(java.lang.Object, java.lang.Object, int, int, int, int, int, java.lang.Object)'> (0x0000000718c60708) 
thrown [t:\workspace\open\src\hotspot\share\interpreter\linkResolver.cpp, line 766]

VM Operations (20 events):
Event: 10.808 Executing VM operation: Cleanup done
Event: 12.808 Executing VM operation: Cleanup
Event: 12.808 Executing VM operation: Cleanup done
Event: 13.808 Executing VM operation: Cleanup
Event: 13.808 Executing VM operation: Cleanup done
Event: 14.809 Executing VM operation: Cleanup
Event: 14.809 Executing VM operation: Cleanup done
Event: 15.809 Executing VM operation: Cleanup
Event: 15.809 Executing VM operation: Cleanup done
Event: 16.809 Executing VM operation: Cleanup
Event: 16.809 Executing VM operation: Cleanup done
Event: 17.810 Executing VM operation: Cleanup
Event: 17.810 Executing VM operation: Cleanup done
Event: 19.809 Executing VM operation: Cleanup
Event: 19.810 Executing VM operation: Cleanup done
Event: 20.810 Executing VM operation: Cleanup
Event: 20.810 Executing VM operation: Cleanup done
Event: 21.810 Executing VM operation: Cleanup
Event: 21.810 Executing VM operation: Cleanup done
Event: 27.223 Executing VM operation: Exit

Events (20 events):
Event: 10.536 loading class sun/util/resources/BreakIteratorResourceBundle
Event: 10.536 loading class sun/util/resources/BreakIteratorResourceBundle done
Event: 10.536 loading class sun/text/resources/BreakIteratorResources done
Event: 10.537 loading class sun/text/RuleBasedBreakIterator
Event: 10.537 loading class sun/text/RuleBasedBreakIterator done
Event: 10.538 loading class sun/text/CompactByteArray
Event: 10.539 loading class sun/text/CompactByteArray done
Event: 10.539 loading class sun/text/SupplementaryCharacterData
Event: 10.539 loading class sun/text/SupplementaryCharacterData done
Event: 10.539 loading class java/text/BreakIterator$BreakIteratorCache
Event: 10.539 loading class java/text/BreakIterator$BreakIteratorCache done
Event: 19.906 Thread 0x000001e75c92f1b0 Thread added: 0x000001e75c92f1b0
Event: 26.634 Thread 0x000001e75c92f1b0 Thread exited: 0x000001e75c92f1b0
Event: 27.219 loading class jdk/internal/misc/Signal$1
Event: 27.219 loading class jdk/internal/misc/Signal$1 done
Event: 27.220 Thread 0x000001e75b9d6d50 Thread added: 0x000001e75b9d6d50
Event: 27.221 Thread 0x000001e75b9d93d0 Thread added: 0x000001e75b9d93d0
Event: 27.221 Thread 0x000001e75b9d76f0 Thread added: 0x000001e75b9d76f0
Event: 27.221 Thread 0x000001e75b9d93d0 Thread exited: 0x000001e75b9d93d0
Event: 27.223 Thread 0x000001e75b9d76f0 Thread exited: 0x000001e75b9d76f0


Dynamic libraries:
0x00007ff685070000 - 0x00007ff68507e000 	C:\Users\ASUS\.jdks\openjdk-17.0.1\bin\java.exe
0x00007ffc97350000 - 0x00007ffc97548000 	C:\Windows\SYSTEM32\ntdll.dll
0x00007ffc97250000 - 0x00007ffc9730d000 	C:\Windows\System32\KERNEL32.DLL
0x00007ffc95050000 - 0x00007ffc9531e000 	C:\Windows\System32\KERNELBASE.dll
0x00007ffc94c90000 - 0x00007ffc94d90000 	C:\Windows\System32\ucrtbase.dll
0x00007ffc90690000 - 0x00007ffc906a8000 	C:\Users\ASUS\.jdks\openjdk-17.0.1\bin\jli.dll
0x00007ffc90670000 - 0x00007ffc9068a000 	C:\Users\ASUS\.jdks\openjdk-17.0.1\bin\VCRUNTIME140.dll
0x00007ffc968f0000 - 0x00007ffc96a90000 	C:\Windows\System32\USER32.dll
0x00007ffc7fa40000 - 0x00007ffc7fcda000 	C:\Windows\WinSxS\amd64_microsoft.windows.common-controls_6595b64144ccf1df_6.0.19041.1110_none_60b5254171f9507e\COMCTL32.dll
0x00007ffc94b20000 - 0x00007ffc94b42000 	C:\Windows\System32\win32u.dll
0x00007ffc95a60000 - 0x00007ffc95a8a000 	C:\Windows\System32\GDI32.dll
0x00007ffc95800000 - 0x00007ffc9589e000 	C:\Windows\System32\msvcrt.dll
0x00007ffc94b80000 - 0x00007ffc94c8b000 	C:\Windows\System32\gdi32full.dll
0x00007ffc94d90000 - 0x00007ffc94e2d000 	C:\Windows\System32\msvcp_win.dll
0x00007ffc96da0000 - 0x00007ffc96dd0000 	C:\Windows\System32\IMM32.DLL
0x00007ffc90660000 - 0x00007ffc9066c000 	C:\Users\ASUS\.jdks\openjdk-17.0.1\bin\vcruntime140_1.dll
0x00007ffc8fee0000 - 0x00007ffc8ff6d000 	C:\Users\ASUS\.jdks\openjdk-17.0.1\bin\msvcp140.dll
0x00007ffc6a900000 - 0x00007ffc6b4be000 	C:\Users\ASUS\.jdks\openjdk-17.0.1\bin\server\jvm.dll
0x00007ffc95410000 - 0x00007ffc954be000 	C:\Windows\System32\ADVAPI32.dll
0x00007ffc96850000 - 0x00007ffc968ec000 	C:\Windows\System32\sechost.dll
0x00007ffc958a0000 - 0x00007ffc959c5000 	C:\Windows\System32\RPCRT4.dll
0x00007ffc97240000 - 0x00007ffc97248000 	C:\Windows\System32\PSAPI.DLL
0x00007ffc89d60000 - 0x00007ffc89d69000 	C:\Windows\SYSTEM32\WSOCK32.dll
0x00007ffc89d00000 - 0x00007ffc89d0a000 	C:\Windows\SYSTEM32\VERSION.dll
0x00007ffc8a0f0000 - 0x00007ffc8a117000 	C:\Windows\SYSTEM32\WINMM.dll
0x00007ffc959d0000 - 0x00007ffc95a3b000 	C:\Windows\System32\WS2_32.dll
0x00007ffc932e0000 - 0x00007ffc932f2000 	C:\Windows\SYSTEM32\kernel.appcore.dll
0x00007ffc902b0000 - 0x00007ffc902ba000 	C:\Users\ASUS\.jdks\openjdk-17.0.1\bin\jimage.dll
0x00007ffc930d0000 - 0x00007ffc932b4000 	C:\Windows\SYSTEM32\DBGHELP.DLL
0x00007ffc7ed10000 - 0x00007ffc7ed3c000 	C:\Windows\SYSTEM32\dbgcore.DLL
0x00007ffc95320000 - 0x00007ffc953a2000 	C:\Windows\System32\bcryptPrimitives.dll
0x00007ffc8fea0000 - 0x00007ffc8feae000 	C:\Users\ASUS\.jdks\openjdk-17.0.1\bin\instrument.dll
0x00007ffc8feb0000 - 0x00007ffc8fed5000 	C:\Users\ASUS\.jdks\openjdk-17.0.1\bin\java.dll
0x00007ffc8ca10000 - 0x00007ffc8cae6000 	C:\Users\ASUS\.jdks\openjdk-17.0.1\bin\svml.dll
0x00007ffc95d10000 - 0x00007ffc96453000 	C:\Windows\System32\SHELL32.dll
0x00007ffc92870000 - 0x00007ffc93005000 	C:\Windows\SYSTEM32\windows.storage.dll
0x00007ffc964f0000 - 0x00007ffc96844000 	C:\Windows\System32\combase.dll
0x00007ffc944d0000 - 0x00007ffc94500000 	C:\Windows\SYSTEM32\Wldp.dll
0x00007ffc96a90000 - 0x00007ffc96b3d000 	C:\Windows\System32\SHCORE.dll
0x00007ffc96b40000 - 0x00007ffc96b95000 	C:\Windows\System32\shlwapi.dll
0x00007ffc949b0000 - 0x00007ffc949cf000 	C:\Windows\SYSTEM32\profapi.dll
0x00007ffc8fe80000 - 0x00007ffc8fe99000 	C:\Users\ASUS\.jdks\openjdk-17.0.1\bin\net.dll
0x00007ffc8f680000 - 0x00007ffc8f78a000 	C:\Windows\SYSTEM32\WINHTTP.dll
0x00007ffc941c0000 - 0x00007ffc9422a000 	C:\Windows\system32\mswsock.dll
0x00007ffc8fe60000 - 0x00007ffc8fe75000 	C:\Users\ASUS\.jdks\openjdk-17.0.1\bin\nio.dll
0x00007ffc8fe40000 - 0x00007ffc8fe58000 	C:\Users\ASUS\.jdks\openjdk-17.0.1\bin\zip.dll
0x00007ffc8f640000 - 0x00007ffc8f65a000 	D:\JAVA\IntelliJ IDEA Community Edition 2021.2\bin\breakgen64.dll
0x000001e737020000 - 0x000001e737023000 	C:\Users\ASUS\.openjfx\cache\17-ea\api-ms-win-core-console-l1-1-0.dll
0x000001e737030000 - 0x000001e737033000 	C:\Users\ASUS\.openjfx\cache\17-ea\api-ms-win-core-console-l1-2-0.dll
0x000001e737040000 - 0x000001e737043000 	C:\Users\ASUS\.openjfx\cache\17-ea\api-ms-win-core-datetime-l1-1-0.dll
0x000001e737050000 - 0x000001e737053000 	C:\Users\ASUS\.openjfx\cache\17-ea\api-ms-win-core-debug-l1-1-0.dll
0x000001e737060000 - 0x000001e737063000 	C:\Users\ASUS\.openjfx\cache\17-ea\api-ms-win-core-errorhandling-l1-1-0.dll
0x000001e737070000 - 0x000001e737074000 	C:\Users\ASUS\.openjfx\cache\17-ea\api-ms-win-core-file-l1-1-0.dll
0x000001e737080000 - 0x000001e737083000 	C:\Users\ASUS\.openjfx\cache\17-ea\api-ms-win-core-file-l1-2-0.dll
0x000001e737090000 - 0x000001e737093000 	C:\Users\ASUS\.openjfx\cache\17-ea\api-ms-win-core-file-l2-1-0.dll
0x000001e7370a0000 - 0x000001e7370a3000 	C:\Users\ASUS\.openjfx\cache\17-ea\api-ms-win-core-handle-l1-1-0.dll
0x000001e75a560000 - 0x000001e75a563000 	C:\Users\ASUS\.openjfx\cache\17-ea\api-ms-win-core-heap-l1-1-0.dll
0x000001e75a570000 - 0x000001e75a573000 	C:\Users\ASUS\.openjfx\cache\17-ea\api-ms-win-core-interlocked-l1-1-0.dll
0x000001e75a580000 - 0x000001e75a583000 	C:\Users\ASUS\.openjfx\cache\17-ea\api-ms-win-core-libraryloader-l1-1-0.dll
0x000001e75a590000 - 0x000001e75a593000 	C:\Users\ASUS\.openjfx\cache\17-ea\api-ms-win-core-localization-l1-2-0.dll
0x000001e75a5a0000 - 0x000001e75a5a3000 	C:\Users\ASUS\.openjfx\cache\17-ea\api-ms-win-core-memory-l1-1-0.dll
0x000001e75a5b0000 - 0x000001e75a5b3000 	C:\Users\ASUS\.openjfx\cache\17-ea\api-ms-win-core-namedpipe-l1-1-0.dll
0x000001e75a750000 - 0x000001e75a753000 	C:\Users\ASUS\.openjfx\cache\17-ea\api-ms-win-core-processenvironment-l1-1-0.dll
0x000001e75a760000 - 0x000001e75a763000 	C:\Users\ASUS\.openjfx\cache\17-ea\api-ms-win-core-processthreads-l1-1-0.dll
0x000001e75a770000 - 0x000001e75a773000 	C:\Users\ASUS\.openjfx\cache\17-ea\api-ms-win-core-processthreads-l1-1-1.dll
0x000001e75a780000 - 0x000001e75a783000 	C:\Users\ASUS\.openjfx\cache\17-ea\api-ms-win-core-profile-l1-1-0.dll
0x000001e75a790000 - 0x000001e75a793000 	C:\Users\ASUS\.openjfx\cache\17-ea\api-ms-win-core-rtlsupport-l1-1-0.dll
0x000001e75a5c0000 - 0x000001e75a5c3000 	C:\Users\ASUS\.openjfx\cache\17-ea\api-ms-win-core-string-l1-1-0.dll
0x000001e75a5d0000 - 0x000001e75a5d3000 	C:\Users\ASUS\.openjfx\cache\17-ea\api-ms-win-core-synch-l1-1-0.dll
0x000001e75a5e0000 - 0x000001e75a5e3000 	C:\Users\ASUS\.openjfx\cache\17-ea\api-ms-win-core-synch-l1-2-0.dll
0x000001e75a5f0000 - 0x000001e75a5f3000 	C:\Users\ASUS\.openjfx\cache\17-ea\api-ms-win-core-sysinfo-l1-1-0.dll
0x000001e75a600000 - 0x000001e75a603000 	C:\Users\ASUS\.openjfx\cache\17-ea\api-ms-win-core-timezone-l1-1-0.dll
0x000001e75a610000 - 0x000001e75a613000 	C:\Users\ASUS\.openjfx\cache\17-ea\api-ms-win-core-util-l1-1-0.dll
0x000001e75a620000 - 0x000001e75a623000 	C:\Users\ASUS\.openjfx\cache\17-ea\api-ms-win-crt-conio-l1-1-0.dll
0x000001e75a630000 - 0x000001e75a634000 	C:\Users\ASUS\.openjfx\cache\17-ea\api-ms-win-crt-convert-l1-1-0.dll
0x000001e75a640000 - 0x000001e75a643000 	C:\Users\ASUS\.openjfx\cache\17-ea\api-ms-win-crt-environment-l1-1-0.dll
0x000001e75a650000 - 0x000001e75a653000 	C:\Users\ASUS\.openjfx\cache\17-ea\api-ms-win-crt-filesystem-l1-1-0.dll
0x000001e75a660000 - 0x000001e75a663000 	C:\Users\ASUS\.openjfx\cache\17-ea\api-ms-win-crt-heap-l1-1-0.dll
0x000001e75a670000 - 0x000001e75a673000 	C:\Users\ASUS\.openjfx\cache\17-ea\api-ms-win-crt-locale-l1-1-0.dll
0x000001e75a680000 - 0x000001e75a685000 	C:\Users\ASUS\.openjfx\cache\17-ea\api-ms-win-crt-math-l1-1-0.dll
0x000001e75a690000 - 0x000001e75a695000 	C:\Users\ASUS\.openjfx\cache\17-ea\api-ms-win-crt-multibyte-l1-1-0.dll
0x000001e75a6a0000 - 0x000001e75a6b0000 	C:\Users\ASUS\.openjfx\cache\17-ea\api-ms-win-crt-private-l1-1-0.dll
0x000001e75a6b0000 - 0x000001e75a6b3000 	C:\Users\ASUS\.openjfx\cache\17-ea\api-ms-win-crt-process-l1-1-0.dll
0x000001e75a6c0000 - 0x000001e75a6c4000 	C:\Users\ASUS\.openjfx\cache\17-ea\api-ms-win-crt-runtime-l1-1-0.dll
0x000001e75a6d0000 - 0x000001e75a6d4000 	C:\Users\ASUS\.openjfx\cache\17-ea\api-ms-win-crt-stdio-l1-1-0.dll
0x000001e75a6e0000 - 0x000001e75a6e4000 	C:\Users\ASUS\.openjfx\cache\17-ea\api-ms-win-crt-string-l1-1-0.dll
0x000001e75a6f0000 - 0x000001e75a6f3000 	C:\Users\ASUS\.openjfx\cache\17-ea\api-ms-win-crt-time-l1-1-0.dll
0x000001e75a700000 - 0x000001e75a703000 	C:\Users\ASUS\.openjfx\cache\17-ea\api-ms-win-crt-utility-l1-1-0.dll
0x00007ffc83e20000 - 0x00007ffc83f1c000 	C:\Users\ASUS\.openjfx\cache\17-ea\ucrtbase.dll
0x00007ffc8e970000 - 0x00007ffc8e98a000 	C:\Users\ASUS\.openjfx\cache\17-ea\vcruntime140.dll
0x00007ffc8e8c0000 - 0x00007ffc8e8cc000 	C:\Users\ASUS\.openjfx\cache\17-ea\vcruntime140_1.dll
0x00007ffc83fe0000 - 0x00007ffc8406d000 	C:\Users\ASUS\.openjfx\cache\17-ea\msvcp140.dll
0x00007ffc8c950000 - 0x00007ffc8c977000 	C:\Users\ASUS\.openjfx\cache\17-ea\prism_d3d.dll
0x00007ffc61e20000 - 0x00007ffc61fef000 	C:\Windows\system32\d3d9.dll
0x00007ffc92280000 - 0x00007ffc922af000 	C:\Windows\SYSTEM32\dwmapi.dll
0x00007ffc92140000 - 0x00007ffc921de000 	C:\Windows\system32\uxtheme.dll
0x00007ffc88690000 - 0x00007ffc8886b000 	C:\Windows\System32\DriverStore\FileRepository\u0363312.inf_amd64_08fc5018b1b99545\B363211\aticfx64.dll
0x00007ffc8a120000 - 0x00007ffc8a153000 	C:\Windows\System32\DriverStore\FileRepository\u0363312.inf_amd64_08fc5018b1b99545\B363211\atiu9p64.dll
0x00007ffc2fa50000 - 0x00007ffc3075c000 	C:\Windows\System32\DriverStore\FileRepository\u0363312.inf_amd64_08fc5018b1b99545\B363211\atiumd64.dll
0x00007ffc956c0000 - 0x00007ffc957ea000 	C:\Windows\System32\ole32.dll
0x0000000062610000 - 0x00000000634ce000 	C:\Windows\System32\DriverStore\FileRepository\u0363312.inf_amd64_08fc5018b1b99545\B363211\atiumd6a.dll
0x00007ffc94b50000 - 0x00007ffc94b77000 	C:\Windows\System32\bcrypt.dll
0x00007ffc94480000 - 0x00007ffc944cb000 	C:\Windows\SYSTEM32\POWRPROF.dll
0x00007ffc94460000 - 0x00007ffc94472000 	C:\Windows\SYSTEM32\UMPDC.dll
0x00007ffc88660000 - 0x00007ffc8868f000 	C:\Windows\SYSTEM32\amdihk64.dll
0x00007ffc858c0000 - 0x00007ffc85902000 	C:\Users\ASUS\.openjfx\cache\17-ea\glass.dll
0x00007ffc96cc0000 - 0x00007ffc96d9a000 	C:\Windows\System32\COMDLG32.dll
0x00007ffc95c40000 - 0x00007ffc95d0d000 	C:\Windows\System32\OLEAUT32.dll
0x00007ffc955a0000 - 0x00007ffc956b5000 	C:\Windows\System32\MSCTF.dll
0x00007ffc89c40000 - 0x00007ffc89c7b000 	C:\Windows\SYSTEM32\dxcore.dll
0x00007ffc95000000 - 0x00007ffc9504e000 	C:\Windows\System32\cfgmgr32.dll
0x00007ffc8b210000 - 0x00007ffc8b224000 	C:\Users\ASUS\.openjfx\cache\17-ea\javafx_font.dll
0x00007ffc76620000 - 0x00007ffc7689f000 	C:\Windows\SYSTEM32\dwrite.dll
0x00007ffc96c10000 - 0x00007ffc96cb9000 	C:\Windows\System32\clbcatq.dll
0x00007ffc8cfb0000 - 0x00007ffc8d164000 	C:\Windows\SYSTEM32\WindowsCodecs.dll
0x00007ffc74060000 - 0x00007ffc7409e000 	C:\Windows\system32\dataexchange.dll
0x00007ffc914a0000 - 0x00007ffc91684000 	C:\Windows\system32\dcomp.dll
0x00007ffc90810000 - 0x00007ffc90a73000 	C:\Windows\system32\d3d11.dll
0x00007ffc93350000 - 0x00007ffc93443000 	C:\Windows\system32\dxgi.dll
0x00007ffc8d410000 - 0x00007ffc8d610000 	C:\Windows\system32\twinapi.appcore.dll
0x00007ffc88d10000 - 0x00007ffc88d44000 	C:\Program Files\Common Files\Microsoft Shared\Ink\rtscom.dll
0x00007ffc79c60000 - 0x00007ffc79d59000 	C:\Windows\SYSTEM32\textinputframework.dll
0x00007ffc91690000 - 0x00007ffc919ee000 	C:\Windows\System32\CoreUIComponents.dll
0x00007ffc91d70000 - 0x00007ffc91e62000 	C:\Windows\System32\CoreMessaging.dll
0x00007ffc93890000 - 0x00007ffc938c3000 	C:\Windows\SYSTEM32\ntmarta.dll
0x00007ffc906b0000 - 0x00007ffc90804000 	C:\Windows\SYSTEM32\wintypes.dll

dbghelp: loaded successfully - version: 4.0.5 - missing functions: none
symbol engine: initialized successfully - sym options: 0x614 - pdb path: .;C:\Users\ASUS\.jdks\openjdk-17.0.1\bin;C:\Windows\SYSTEM32;C:\Windows\WinSxS\amd64_microsoft.windows.common-controls_6595b64144ccf1df_6.0.19041.1110_none_60b5254171f9507e;C:\Users\ASUS\.jdks\openjdk-17.0.1\bin\server;D:\JAVA\IntelliJ IDEA Community Edition 2021.2\bin;C:\Users\ASUS\.openjfx\cache\17-ea;C:\Windows\System32\DriverStore\FileRepository\u0363312.inf_amd64_08fc5018b1b99545\B363211;C:\Program Files\Common Files\Microsoft Shared\Ink

VM Arguments:
jvm_args: -javaagent:D:\JAVA\IntelliJ IDEA Community Edition 2021.2\lib\idea_rt.jar=50306:D:\JAVA\IntelliJ IDEA Community Edition 2021.2\bin -Dfile.encoding=UTF-8 --module-path=C:\Users\ASUS\.m2\repository\org\openjfx\javafx-base\17-ea+11\javafx-base-17-ea+11-win.jar;C:\Users\ASUS\.m2\repository\org\openjfx\javafx-graphics\17-ea+11\javafx-graphics-17-ea+11-win.jar;C:\Users\ASUS\.m2\repository\org\openjfx\javafx-fxml\17-ea+11\javafx-fxml-17-ea+11-win.jar;D:\testApp\target\classes;C:\Users\ASUS\.m2\repository\org\openjfx\javafx-controls\17-ea+11\javafx-controls-17-ea+11-win.jar -Djdk.module.main=com.example.testapp 
java_command: com.example.testapp/com.example.testapp.HelloApplication
java_class_path (initial): C:\Program Files (x86)\MySQL\Connector J 8.0\mysql-connector-java-8.0.29.jar;C:\Users\ASUS\.m2\repository\org\openjfx\javafx-controls\17-ea+11\javafx-controls-17-ea+11.jar;C:\Users\ASUS\.m2\repository\org\openjfx\javafx-graphics\17-ea+11\javafx-graphics-17-ea+11.jar;C:\Users\ASUS\.m2\repository\org\openjfx\javafx-base\17-ea+11\javafx-base-17-ea+11.jar;C:\Users\ASUS\.m2\repository\org\openjfx\javafx-fxml\17-ea+11\javafx-fxml-17-ea+11.jar
Launcher Type: SUN_STANDARD

[Global flags]
     intx CICompilerCount                          = 12                                        {product} {ergonomic}
     uint ConcGCThreads                            = 3                                         {product} {ergonomic}
     uint G1ConcRefinementThreads                  = 13                                        {product} {ergonomic}
   size_t G1HeapRegionSize                         = 2097152                                   {product} {ergonomic}
    uintx GCDrainStackTargetSize                   = 64                                        {product} {ergonomic}
   size_t InitialHeapSize                          = 260046848                                 {product} {ergonomic}
   size_t MarkStackSize                            = 4194304                                   {product} {ergonomic}
   size_t MaxHeapSize                              = 4131389440                                {product} {ergonomic}
   size_t MaxNewSize                               = 2478833664                                {product} {ergonomic}
   size_t MinHeapDeltaBytes                        = 2097152                                   {product} {ergonomic}
   size_t MinHeapSize                              = 8388608                                   {product} {ergonomic}
    uintx NonNMethodCodeHeapSize                   = 7602480                                {pd product} {ergonomic}
    uintx NonProfiledCodeHeapSize                  = 122027880                              {pd product} {ergonomic}
    uintx ProfiledCodeHeapSize                     = 122027880                              {pd product} {ergonomic}
    uintx ReservedCodeCacheSize                    = 251658240                              {pd product} {ergonomic}
     bool SegmentedCodeCache                       = true                                      {product} {ergonomic}
   size_t SoftMaxHeapSize                          = 4131389440                             {manageable} {ergonomic}
     bool UseCompressedClassPointers               = true                           {product lp64_product} {ergonomic}
     bool UseCompressedOops                        = true                           {product lp64_product} {ergonomic}
     bool UseG1GC                                  = true                                      {product} {ergonomic}
     bool UseLargePagesIndividualAllocation        = false                                  {pd product} {ergonomic}

Logging:
Log output configuration:
 #0: stdout all=off uptime,level,tags
 #1: stderr all=off uptime,level,tags

Environment Variables:
JAVA_HOME=D:\JAVA\IntelliJ IDEA Community Edition 2021.2\Java\jdk1.8.0_301\bin\java.exe
PATH=C:\Windows\system32;C:\Windows;C:\Windows\System32\Wbem;C:\Windows\System32\WindowsPowerShell\v1.0\;C:\Windows\System32\OpenSSH\;D:\JAVA\IntelliJ IDEA Community Edition 2021.2\Java\jdk1.8.0_301\bin\java.exe\bin;C:\Program Files\dotnet\;C:\Program Files\Microsoft SQL Server\120\Tools\Binn\;D:\matlab\runtime\win64;D:\MATLAB\bin;D:\MATLAB\bin\win64;D:\GIT\Git\cmd;C:\Program Files\MySQL\MySQL Shell 8.0\bin\;C:\Users\ASUS\AppData\Local\Microsoft\WindowsApps;
USERNAME=ASUS
OS=Windows_NT
PROCESSOR_IDENTIFIER=AMD64 Family 23 Model 104 Stepping 1, AuthenticAMD



---------------  S Y S T E M  ---------------

OS:
 Windows 10 , 64 bit Build 19041 (10.0.19041.1889)
OS uptime: 0 days 0:46 hours

CPU: total 16 (initial active 16) (16 cores per cpu, 2 threads per core) family 23 model 104 stepping 1 microcode 0x0, cx8, cmov, fxsr, ht, mmx, 3dnowpref, sse, sse2, sse3, ssse3, sse4a, sse4.1, sse4.2, popcnt, lzcnt, tsc, tscinvbit, avx, avx2, aes, clmul, bmi1, bmi2, adx, sha, fma, vzeroupper, clflush, clflushopt

Memory: 4k page, system-wide physical 15752M (7919M free)
TotalPageFile size 18184M (AvailPageFile size 9108M)
current process WorkingSet (physical memory assigned to process): 134M, peak: 160M
current process commit charge ("private bytes"): 414M, peak: 443M

vm_info: OpenJDK 64-Bit Server VM (17.0.1+12-39) for windows-amd64 JRE (17.0.1+12-39), built on Sep 27 2021 18:39:29 by "mach5one" with MS VC++ 16.8 (VS2019)

END.
